2013-03-12 14:35:03 0.733 ::  AUTOLOAD Class[ Log ] File [ Main/PHP/Log.class.php ]
2013-03-12 14:35:03 0.749 ::  AUTOLOAD Class[ Common ] File [ Main/PHP/Common.class.php ]
2013-03-12 14:35:03 0.749 ::  Class[Common] Method[__construct]

Array __REQUEST
[classe] = "Common"
[action] = "verifica_servidor_mysql"
2013-03-12 14:35:03 0.761 ::  AUTOLOAD Class[ Repository ] File [ Main/PHP/Repository.class.php ]
2013-03-12 14:35:03 0.764 ::  AUTOLOAD Class[ Transaction ] File [ Main/PHP/Transaction.class.php ]
2013-03-12 14:35:03 0.769 ::  AUTOLOAD Class[ Connection ] File [ Main/PHP/Connection.class.php ]
2013-03-12 14:35:03 0.791 ::  Transaction [ Begin: mysql ]
2013-03-12 14:35:03 0.797 ::  Status[ OK ] Results[ 1 ] Query[ SELECT * FROM configuracao WHERE 1 LIMIT 1 ]
2013-03-12 14:35:03 0.797 ::  Transaction [ Commit ]
2013-03-12 14:35:03 0.797 ::  Teste Conexao Servidor Mysql [ TRUE ]
2013-03-12 14:35:04 0.399 ::  AUTOLOAD Class[ Log ] File [ Main/PHP/Log.class.php ]
2013-03-12 14:35:04 0.400 ::  AUTOLOAD Class[ Configuracoes ] File [ Main/PHP/Configuracoes.class.php ]
2013-03-12 14:35:04 0.400 ::  Class[ Configuracoes ] Method[ __construct ]

Array __REQUEST
[classe] = "Configuracoes"
[action] = "recupera_configuracoes"
2013-03-12 14:35:04 0.402 ::  AUTOLOAD Class[ Repository ] File [ Main/PHP/Repository.class.php ]
2013-03-12 14:35:04 0.403 ::  AUTOLOAD Class[ Transaction ] File [ Main/PHP/Transaction.class.php ]
2013-03-12 14:35:04 0.403 ::  AUTOLOAD Class[ Connection ] File [ Main/PHP/Connection.class.php ]
2013-03-12 14:35:04 0.404 ::  Transaction [ Begin: mysql ]
2013-03-12 14:35:04 0.405 ::  Status[ OK ] Results[ 12 ] Query[ SELECT * FROM configuracao ]
2013-03-12 14:35:04 0.405 ::  Transaction [ Commit ]
2013-03-12 14:45:18 0.633 ::  AUTOLOAD Class[ Log ] File [ Main/PHP/Log.class.php ]
2013-03-12 14:45:18 0.634 ::  AUTOLOAD Class[ Usuarios ] File [ Main/Modulos/Acesso/Usuarios.class.php ]
2013-03-12 14:45:18 0.634 ::  Class[Usuarios] Method[__construct]

Array __REQUEST
[Login] = "gverde"
[Senha_Crip] = "7110eda4d09e062aa5e4a390b0a572ac0d2c0220"
[classe] = "Usuarios"
[action] = "verifica_login"
2013-03-12 14:45:18 0.634 ::  Class[Usuarios] Method[verifica_login]
2013-03-12 14:45:18 0.636 ::  AUTOLOAD Class[ Repository ] File [ Main/PHP/Repository.class.php ]
2013-03-12 14:45:18 0.636 ::  AUTOLOAD Class[ Transaction ] File [ Main/PHP/Transaction.class.php ]
2013-03-12 14:45:18 0.637 ::  AUTOLOAD Class[ Connection ] File [ Main/PHP/Connection.class.php ]
2013-03-12 14:45:18 0.641 ::  Transaction [ Begin: mysql ]
2013-03-12 14:45:18 0.643 ::  Status[ OK ] Results[  ] Query[ SELECT id_usuario,Grupo,Nome,Login,Senha,status FROM usuarios WHERE Login = 'gverde' AND Senha = '7110eda4d09e062aa5e4a390b0a572ac0d2c0220' AND status = 1; ]
2013-03-12 14:45:18 0.731 ::  Transaction [ Commit ]
2013-03-12 14:45:18 0.731 ::  Usuario Nao encontrado, Sessao encerrada.
2013-03-12 14:45:22 0.676 ::  AUTOLOAD Class[ Log ] File [ Main/PHP/Log.class.php ]
2013-03-12 14:45:22 0.676 ::  AUTOLOAD Class[ Usuarios ] File [ Main/Modulos/Acesso/Usuarios.class.php ]
2013-03-12 14:45:22 0.676 ::  Class[Usuarios] Method[__construct]

Array __REQUEST
[Login] = "gverde"
[Senha_Crip] = "31f4b733f9d9c17df9762f44f87d45d8fdf42b3e"
[classe] = "Usuarios"
[action] = "verifica_login"
2013-03-12 14:45:22 0.676 ::  Class[Usuarios] Method[verifica_login]
2013-03-12 14:45:22 0.677 ::  AUTOLOAD Class[ Repository ] File [ Main/PHP/Repository.class.php ]
2013-03-12 14:45:22 0.678 ::  AUTOLOAD Class[ Transaction ] File [ Main/PHP/Transaction.class.php ]
2013-03-12 14:45:22 0.678 ::  AUTOLOAD Class[ Connection ] File [ Main/PHP/Connection.class.php ]
2013-03-12 14:45:22 0.679 ::  Transaction [ Begin: mysql ]
2013-03-12 14:45:22 0.679 ::  Status[ OK ] Results[ 1 ] Query[ SELECT id_usuario,Grupo,Nome,Login,Senha,status FROM usuarios WHERE Login = 'gverde' AND Senha = '31f4b733f9d9c17df9762f44f87d45d8fdf42b3e' AND status = 1; ]
2013-03-12 14:45:22 0.679 ::  Transaction [ Commit ]
2013-03-12 14:45:22 0.679 ::  Usuario encontrado, Sessao iniciada para usuario[3].
2013-03-12 14:45:23 0.048 ::  AUTOLOAD Class[ Log ] File [ Main/PHP/Log.class.php ]
2013-03-12 14:45:23 0.048 ::  AUTOLOAD Class[ Permissoes ] File [ Main/Modulos/Acesso/Permissoes.class.php ]
2013-03-12 14:45:23 0.048 ::  Class[Permissoes] Method[__construct]

Array __REQUEST
[classe] = "Permissoes"
[action] = "retorna_todas_permissoes"
2013-03-12 14:45:23 0.048 ::  Class[Permissoes] Method[retorna_permissoes]
2013-03-12 14:45:23 0.049 ::  AUTOLOAD Class[ Repository ] File [ Main/PHP/Repository.class.php ]
2013-03-12 14:45:23 0.050 ::  AUTOLOAD Class[ Transaction ] File [ Main/PHP/Transaction.class.php ]
2013-03-12 14:45:23 0.050 ::  AUTOLOAD Class[ Connection ] File [ Main/PHP/Connection.class.php ]
2013-03-12 14:45:23 0.051 ::  Transaction [ Begin: mysql ]
2013-03-12 14:45:23 0.064 ::  Status[ OK ] Results[ 19 ] Query[ SELECT P.id, P.Usuario, P.Tela, T.identificacao, P.ins, P.upd, P.del, P.imp, P.exc FROM Permissoes P, Telas T WHERE P.Tela = T.id AND P.Usuario = '2' ]
2013-03-12 14:45:23 0.065 ::  Transaction [ Commit ]
2013-03-12 14:45:23 0.196 ::  AUTOLOAD Class[ Log ] File [ Main/PHP/Log.class.php ]
2013-03-12 14:45:23 0.196 ::  AUTOLOAD Class[ Configuracoes ] File [ Main/PHP/Configuracoes.class.php ]
2013-03-12 14:45:23 0.197 ::  Class[ Configuracoes ] Method[ __construct ]

Array __REQUEST
[classe] = "Configuracoes"
[action] = "recupera_configuracoes"
2013-03-12 14:45:23 0.201 ::  AUTOLOAD Class[ Repository ] File [ Main/PHP/Repository.class.php ]
2013-03-12 14:45:23 0.201 ::  AUTOLOAD Class[ Transaction ] File [ Main/PHP/Transaction.class.php ]
2013-03-12 14:45:23 0.202 ::  AUTOLOAD Class[ Connection ] File [ Main/PHP/Connection.class.php ]
2013-03-12 14:45:23 0.203 ::  Transaction [ Begin: mysql ]
2013-03-12 14:45:23 0.203 ::  Status[ OK ] Results[ 12 ] Query[ SELECT * FROM configuracao ]
2013-03-12 14:45:23 0.203 ::  Transaction [ Commit ]
2013-03-12 14:45:23 0.206 ::  AUTOLOAD Class[ Log ] File [ Main/PHP/Log.class.php ]
2013-03-12 14:45:23 0.206 ::  AUTOLOAD Class[ Usuarios ] File [ Main/Modulos/Acesso/Usuarios.class.php ]
2013-03-12 14:45:23 0.206 ::  Class[Usuarios] Method[__construct]

Array __REQUEST
[classe] = "Usuarios"
[action] = "verifica_sessao"
2013-03-12 14:45:23 0.206 ::  Class[Usuarios] Method[verifica_sessao]
2013-03-12 14:45:23 0.206 ::  Result[1]
2013-03-12 14:45:23 0.418 ::  AUTOLOAD Class[ Log ] File [ Main/PHP/Log.class.php ]
2013-03-12 14:45:23 0.418 ::  AUTOLOAD Class[ Permissoes ] File [ Main/Modulos/Acesso/Permissoes.class.php ]
2013-03-12 14:45:23 0.419 ::  Class[Permissoes] Method[__construct]

Array __REQUEST
[classe] = "Permissoes"
[action] = "menu_dinamico"
2013-03-12 14:45:23 0.419 ::  Class[Permissoes] Method[menu_dinamico]
2013-03-12 14:45:23 0.419 ::  Class[Permissoes] Method[get_categorias]
2013-03-12 14:45:23 0.420 ::  AUTOLOAD Class[ Repository ] File [ Main/PHP/Repository.class.php ]
2013-03-12 14:45:23 0.420 ::  AUTOLOAD Class[ Transaction ] File [ Main/PHP/Transaction.class.php ]
2013-03-12 14:45:23 0.421 ::  AUTOLOAD Class[ Connection ] File [ Main/PHP/Connection.class.php ]
2013-03-12 14:45:23 0.421 ::  Transaction [ Begin: mysql ]
2013-03-12 14:45:23 0.422 ::  Status[ OK ] Results[ 7 ] Query[ SELECT DISTINCT(T.root) from Telas T, Permissoes P WHERE T.id = P.Tela AND P.Usuario = 2 AND P.sel = 1 AND T.root <> 0 ; ]
2013-03-12 14:45:23 0.422 ::  Transaction [ Commit ]
2013-03-12 14:45:23 0.423 ::  Transaction [ Begin: mysql ]
2013-03-12 14:45:23 0.424 ::  Status[ OK ] Results[ 7 ] Query[ SELECT T.id, T.root, T.titulo, T.icone, T.eXtype  FROM Telas T, Permissoes P WHERE T.id = P.Tela AND T.root = 0 AND T.id IN (10,1,5,13,15,20,28) ORDER BY T.ordem; ]
2013-03-12 14:45:23 0.424 ::  Transaction [ Commit ]
2013-03-12 14:45:23 0.425 ::  Class[Permissoes] Method[get_itens(20)]
2013-03-12 14:45:23 0.426 ::  Transaction [ Begin: mysql ]
2013-03-12 14:45:23 0.426 ::  Status[ OK ] Results[ 4 ] Query[  SELECT T.id, T.root, T.titulo, T.icone, T.eXtype, T.diretorio, T.arquivo, T.ordem FROM Telas T, Permissoes P WHERE T.id = P.Tela AND T.root = 20 AND P.Usuario = 2 AND P.sel = 1 ORDER BY T.ordem, T.titulo ]
2013-03-12 14:45:23 0.427 ::  Transaction [ Commit ]
2013-03-12 14:45:23 0.427 ::  Class[Permissoes] Method[get_itens(28)]
2013-03-12 14:45:23 0.427 ::  Transaction [ Begin: mysql ]
2013-03-12 14:45:23 0.429 ::  Status[ OK ] Results[ 1 ] Query[  SELECT T.id, T.root, T.titulo, T.icone, T.eXtype, T.diretorio, T.arquivo, T.ordem FROM Telas T, Permissoes P WHERE T.id = P.Tela AND T.root = 28 AND P.Usuario = 2 AND P.sel = 1 ORDER BY T.ordem, T.titulo ]
2013-03-12 14:45:23 0.429 ::  Transaction [ Commit ]
2013-03-12 14:45:23 0.430 ::  Class[Permissoes] Method[get_itens(10)]
2013-03-12 14:45:23 0.430 ::  Transaction [ Begin: mysql ]
2013-03-12 14:45:23 0.431 ::  Status[ OK ] Results[ 2 ] Query[  SELECT T.id, T.root, T.titulo, T.icone, T.eXtype, T.diretorio, T.arquivo, T.ordem FROM Telas T, Permissoes P WHERE T.id = P.Tela AND T.root = 10 AND P.Usuario = 2 AND P.sel = 1 ORDER BY T.ordem, T.titulo ]
2013-03-12 14:45:23 0.431 ::  Transaction [ Commit ]
2013-03-12 14:45:23 0.431 ::  Class[Permissoes] Method[get_itens(13)]
2013-03-12 14:45:23 0.431 ::  Transaction [ Begin: mysql ]
2013-03-12 14:45:23 0.432 ::  Status[ OK ] Results[ 3 ] Query[  SELECT T.id, T.root, T.titulo, T.icone, T.eXtype, T.diretorio, T.arquivo, T.ordem FROM Telas T, Permissoes P WHERE T.id = P.Tela AND T.root = 13 AND P.Usuario = 2 AND P.sel = 1 ORDER BY T.ordem, T.titulo ]
2013-03-12 14:45:23 0.432 ::  Transaction [ Commit ]
2013-03-12 14:45:23 0.432 ::  Class[Permissoes] Method[get_itens(15)]
2013-03-12 14:45:23 0.433 ::  Transaction [ Begin: mysql ]
2013-03-12 14:45:23 0.433 ::  Status[ OK ] Results[ 5 ] Query[  SELECT T.id, T.root, T.titulo, T.icone, T.eXtype, T.diretorio, T.arquivo, T.ordem FROM Telas T, Permissoes P WHERE T.id = P.Tela AND T.root = 15 AND P.Usuario = 2 AND P.sel = 1 ORDER BY T.ordem, T.titulo ]
2013-03-12 14:45:23 0.434 ::  Transaction [ Commit ]
2013-03-12 14:45:23 0.434 ::  Class[Permissoes] Method[get_itens(1)]
2013-03-12 14:45:23 0.434 ::  Transaction [ Begin: mysql ]
2013-03-12 14:45:23 0.434 ::  Status[ OK ] Results[ 3 ] Query[  SELECT T.id, T.root, T.titulo, T.icone, T.eXtype, T.diretorio, T.arquivo, T.ordem FROM Telas T, Permissoes P WHERE T.id = P.Tela AND T.root = 1 AND P.Usuario = 2 AND P.sel = 1 ORDER BY T.ordem, T.titulo ]
2013-03-12 14:45:23 0.435 ::  Transaction [ Commit ]
2013-03-12 14:45:23 0.435 ::  Class[Permissoes] Method[get_itens(5)]
2013-03-12 14:45:23 0.435 ::  Transaction [ Begin: mysql ]
2013-03-12 14:45:23 0.436 ::  Status[ OK ] Results[ 1 ] Query[  SELECT T.id, T.root, T.titulo, T.icone, T.eXtype, T.diretorio, T.arquivo, T.ordem FROM Telas T, Permissoes P WHERE T.id = P.Tela AND T.root = 5 AND P.Usuario = 2 AND P.sel = 1 ORDER BY T.ordem, T.titulo ]
2013-03-12 14:45:23 0.436 ::  Transaction [ Commit ]
2013-03-12 14:45:26 0.726 ::  AUTOLOAD Class[ Log ] File [ Main/PHP/Log.class.php ]
2013-03-12 14:45:26 0.726 ::  AUTOLOAD Class[ Orcamentos_Servidor ] File [ Main/Modulos/Orcamentos/Orcamentos_Servidor.class.php ]
2013-03-12 14:45:26 0.726 ::  Class[ Orcamentos_Servidor ] Method[ __construct ]

Array __REQUEST
[classe] = "Orcamentos_Servidor"
[action] = "getStoreStatus"
2013-03-12 14:45:26 0.761 ::  AUTOLOAD Class[ Log ] File [ Main/PHP/Log.class.php ]
2013-03-12 14:45:26 0.761 ::  AUTOLOAD Class[ Orcamentos_Servidor ] File [ Main/Modulos/Orcamentos/Orcamentos_Servidor.class.php ]
2013-03-12 14:45:26 0.761 ::  Class[ Orcamentos_Servidor ] Method[ __construct ]

Array __REQUEST
[classe] = "Orcamentos_Servidor"
[action] = "getStoreStatus"
2013-03-12 14:45:26 0.768 ::  AUTOLOAD Class[ Log ] File [ Main/PHP/Log.class.php ]
2013-03-12 14:45:26 0.769 ::  AUTOLOAD Class[ Orcamentos_Servidor ] File [ Main/Modulos/Orcamentos/Orcamentos_Servidor.class.php ]
2013-03-12 14:45:26 0.769 ::  Class[ Orcamentos_Servidor ] Method[ __construct ]

Array __REQUEST
[sort] = "dt_inclusao"
[dir] = "DESC"
[classe] = "Orcamentos_Servidor"
[action] = "getOrcamentos"
[limit] = "30"
2013-03-12 14:45:26 0.769 ::  Class[ Orcamentos_Servidor ] Method[ getOrcamentos ]
2013-03-12 14:45:26 0.770 ::  AUTOLOAD Class[ Repository ] File [ Main/PHP/Repository.class.php ]
2013-03-12 14:45:26 0.770 ::  AUTOLOAD Class[ Transaction ] File [ Main/PHP/Transaction.class.php ]
2013-03-12 14:45:26 0.770 ::  AUTOLOAD Class[ Connection ] File [ Main/PHP/Connection.class.php ]
2013-03-12 14:45:26 0.771 ::  Transaction [ Begin: mysql ]
2013-03-12 14:45:26 0.772 ::  Status[ OK ] Results[ 12 ] Query[ SELECT COUNT(pk_orcamento) as total_count FROM tb_orcamentos ]
2013-03-12 14:45:26 0.772 ::  Transaction [ Commit ]
2013-03-12 14:45:26 0.772 ::  Transaction [ Begin: mysql ]
2013-03-12 14:45:26 0.773 ::  Status[ OK ] Results[ 8 ] Query[ SELECT a.*, b.nome as cliente, c.Nome as vendedor FROM tb_orcamentos a INNER JOIN  tb_clientes b ON a.fk_id_cliente = b.pk_id_cliente INNER JOIN usuarios c ON c.id_usuario = a.fk_id_usuario ORDER BY dt_inclusao DESC LIMIT 30 OFFSET 0 ]
2013-03-12 14:45:26 0.773 ::  Transaction [ Commit ]
2013-03-12 14:45:26 0.974 ::  AUTOLOAD Class[ Log ] File [ Main/PHP/Log.class.php ]
2013-03-12 14:45:26 0.974 ::  AUTOLOAD Class[ Orcamentos_Servidor ] File [ Main/Modulos/Orcamentos/Orcamentos_Servidor.class.php ]
2013-03-12 14:45:26 0.974 ::  Class[ Orcamentos_Servidor ] Method[ __construct ]

Array __REQUEST
[classe] = "Orcamentos_Servidor"
[action] = "getStoreStatus"
2013-03-12 14:46:20 0.809 ::  AUTOLOAD Class[ Log ] File [ Main/PHP/Log.class.php ]
2013-03-12 14:46:20 0.809 ::  AUTOLOAD Class[ Common ] File [ Main/PHP/Common.class.php ]
2013-03-12 14:46:20 0.809 ::  Class[Common] Method[__construct]

Array __REQUEST
[classe] = "Common"
[action] = "verifica_servidor_mysql"
2013-03-12 14:46:20 0.812 ::  AUTOLOAD Class[ Repository ] File [ Main/PHP/Repository.class.php ]
2013-03-12 14:46:20 0.812 ::  AUTOLOAD Class[ Transaction ] File [ Main/PHP/Transaction.class.php ]
2013-03-12 14:46:20 0.815 ::  AUTOLOAD Class[ Connection ] File [ Main/PHP/Connection.class.php ]
2013-03-12 14:46:20 0.819 ::  Transaction [ Begin: mysql ]
2013-03-12 14:46:20 0.819 ::  Status[ OK ] Results[ 1 ] Query[ SELECT * FROM configuracao WHERE 1 LIMIT 1 ]
2013-03-12 14:46:20 0.819 ::  Transaction [ Commit ]
2013-03-12 14:46:20 0.820 ::  Teste Conexao Servidor Mysql [ TRUE ]
2013-03-12 14:46:24 0.527 ::  AUTOLOAD Class[ Log ] File [ Main/PHP/Log.class.php ]
2013-03-12 14:46:24 0.527 ::  AUTOLOAD Class[ Configuracoes ] File [ Main/PHP/Configuracoes.class.php ]
2013-03-12 14:46:24 0.527 ::  Class[ Configuracoes ] Method[ __construct ]

Array __REQUEST
[classe] = "Configuracoes"
[action] = "recupera_configuracoes"
2013-03-12 14:46:24 0.528 ::  AUTOLOAD Class[ Repository ] File [ Main/PHP/Repository.class.php ]
2013-03-12 14:46:24 0.529 ::  AUTOLOAD Class[ Transaction ] File [ Main/PHP/Transaction.class.php ]
2013-03-12 14:46:24 0.529 ::  AUTOLOAD Class[ Connection ] File [ Main/PHP/Connection.class.php ]
2013-03-12 14:46:24 0.529 ::  Transaction [ Begin: mysql ]
2013-03-12 14:46:24 0.530 ::  Status[ OK ] Results[ 12 ] Query[ SELECT * FROM configuracao ]
2013-03-12 14:46:24 0.530 ::  Transaction [ Commit ]
2013-03-12 14:46:29 0.560 ::  AUTOLOAD Class[ Log ] File [ Main/PHP/Log.class.php ]
2013-03-12 14:46:29 0.560 ::  AUTOLOAD Class[ Usuarios ] File [ Main/Modulos/Acesso/Usuarios.class.php ]
2013-03-12 14:46:29 0.561 ::  Class[Usuarios] Method[__construct]

Array __REQUEST
[Login] = "gverde"
[Senha_Crip] = "31f4b733f9d9c17df9762f44f87d45d8fdf42b3e"
[classe] = "Usuarios"
[action] = "verifica_login"
2013-03-12 14:46:29 0.561 ::  Class[Usuarios] Method[verifica_login]
2013-03-12 14:46:29 0.562 ::  AUTOLOAD Class[ Repository ] File [ Main/PHP/Repository.class.php ]
2013-03-12 14:46:29 0.563 ::  AUTOLOAD Class[ Transaction ] File [ Main/PHP/Transaction.class.php ]
2013-03-12 14:46:29 0.564 ::  AUTOLOAD Class[ Connection ] File [ Main/PHP/Connection.class.php ]
2013-03-12 14:46:29 0.566 ::  Transaction [ Begin: mysql ]
2013-03-12 14:46:29 0.566 ::  Status[ OK ] Results[ 1 ] Query[ SELECT id_usuario,Grupo,Nome,Login,Senha,status FROM usuarios WHERE Login = 'gverde' AND Senha = '31f4b733f9d9c17df9762f44f87d45d8fdf42b3e' AND status = 1; ]
2013-03-12 14:46:29 0.567 ::  Transaction [ Commit ]
2013-03-12 14:46:29 0.567 ::  Usuario encontrado, Sessao iniciada para usuario[3].
2013-03-12 14:46:32 0.531 ::  AUTOLOAD Class[ Log ] File [ Main/PHP/Log.class.php ]
2013-03-12 14:46:32 0.531 ::  AUTOLOAD Class[ Permissoes ] File [ Main/Modulos/Acesso/Permissoes.class.php ]
2013-03-12 14:46:32 0.531 ::  Class[Permissoes] Method[__construct]

Array __REQUEST
[classe] = "Permissoes"
[action] = "retorna_todas_permissoes"
2013-03-12 14:46:32 0.532 ::  Class[Permissoes] Method[retorna_permissoes]
2013-03-12 14:46:32 0.533 ::  AUTOLOAD Class[ Repository ] File [ Main/PHP/Repository.class.php ]
2013-03-12 14:46:32 0.533 ::  AUTOLOAD Class[ Transaction ] File [ Main/PHP/Transaction.class.php ]
2013-03-12 14:46:32 0.534 ::  AUTOLOAD Class[ Connection ] File [ Main/PHP/Connection.class.php ]
2013-03-12 14:46:32 0.535 ::  Transaction [ Begin: mysql ]
2013-03-12 14:46:32 0.536 ::  Status[ OK ] Results[ 19 ] Query[ SELECT P.id, P.Usuario, P.Tela, T.identificacao, P.ins, P.upd, P.del, P.imp, P.exc FROM Permissoes P, Telas T WHERE P.Tela = T.id AND P.Usuario = '2' ]
2013-03-12 14:46:32 0.536 ::  Transaction [ Commit ]
2013-03-12 14:46:33 0.597 ::  AUTOLOAD Class[ Log ] File [ Main/PHP/Log.class.php ]
2013-03-12 14:46:33 0.597 ::  AUTOLOAD Class[ Configuracoes ] File [ Main/PHP/Configuracoes.class.php ]
2013-03-12 14:46:33 0.598 ::  Class[ Configuracoes ] Method[ __construct ]

Array __REQUEST
[classe] = "Configuracoes"
[action] = "recupera_configuracoes"
2013-03-12 14:46:33 0.599 ::  AUTOLOAD Class[ Repository ] File [ Main/PHP/Repository.class.php ]
2013-03-12 14:46:33 0.600 ::  AUTOLOAD Class[ Transaction ] File [ Main/PHP/Transaction.class.php ]
2013-03-12 14:46:33 0.601 ::  AUTOLOAD Class[ Connection ] File [ Main/PHP/Connection.class.php ]
2013-03-12 14:46:33 0.602 ::  Transaction [ Begin: mysql ]
2013-03-12 14:46:33 0.602 ::  Status[ OK ] Results[ 12 ] Query[ SELECT * FROM configuracao ]
2013-03-12 14:46:33 0.603 ::  Transaction [ Commit ]
2013-03-12 14:46:33 0.607 ::  AUTOLOAD Class[ Log ] File [ Main/PHP/Log.class.php ]
2013-03-12 14:46:33 0.608 ::  AUTOLOAD Class[ Usuarios ] File [ Main/Modulos/Acesso/Usuarios.class.php ]
2013-03-12 14:46:33 0.608 ::  Class[Usuarios] Method[__construct]

Array __REQUEST
[classe] = "Usuarios"
[action] = "verifica_sessao"
2013-03-12 14:46:33 0.608 ::  Class[Usuarios] Method[verifica_sessao]
2013-03-12 14:46:33 0.608 ::  Result[1]
2013-03-12 14:46:35 0.767 ::  AUTOLOAD Class[ Log ] File [ Main/PHP/Log.class.php ]
2013-03-12 14:46:35 0.767 ::  AUTOLOAD Class[ Permissoes ] File [ Main/Modulos/Acesso/Permissoes.class.php ]
2013-03-12 14:46:35 0.767 ::  Class[Permissoes] Method[__construct]

Array __REQUEST
[classe] = "Permissoes"
[action] = "menu_dinamico"
2013-03-12 14:46:35 0.768 ::  Class[Permissoes] Method[menu_dinamico]
2013-03-12 14:46:35 0.768 ::  Class[Permissoes] Method[get_categorias]
2013-03-12 14:46:35 0.769 ::  AUTOLOAD Class[ Repository ] File [ Main/PHP/Repository.class.php ]
2013-03-12 14:46:35 0.770 ::  AUTOLOAD Class[ Transaction ] File [ Main/PHP/Transaction.class.php ]
2013-03-12 14:46:35 0.770 ::  AUTOLOAD Class[ Connection ] File [ Main/PHP/Connection.class.php ]
2013-03-12 14:46:35 0.773 ::  Transaction [ Begin: mysql ]
2013-03-12 14:46:35 0.774 ::  Status[ OK ] Results[ 7 ] Query[ SELECT DISTINCT(T.root) from Telas T, Permissoes P WHERE T.id = P.Tela AND P.Usuario = 2 AND P.sel = 1 AND T.root <> 0 ; ]
2013-03-12 14:46:35 0.774 ::  Transaction [ Commit ]
2013-03-12 14:46:35 0.775 ::  Transaction [ Begin: mysql ]
2013-03-12 14:46:35 0.776 ::  Status[ OK ] Results[ 7 ] Query[ SELECT T.id, T.root, T.titulo, T.icone, T.eXtype  FROM Telas T, Permissoes P WHERE T.id = P.Tela AND T.root = 0 AND T.id IN (10,1,5,13,15,20,28) ORDER BY T.ordem; ]
2013-03-12 14:46:35 0.776 ::  Transaction [ Commit ]
2013-03-12 14:46:35 0.776 ::  Class[Permissoes] Method[get_itens(20)]
2013-03-12 14:46:35 0.777 ::  Transaction [ Begin: mysql ]
2013-03-12 14:46:35 0.778 ::  Status[ OK ] Results[ 4 ] Query[  SELECT T.id, T.root, T.titulo, T.icone, T.eXtype, T.diretorio, T.arquivo, T.ordem FROM Telas T, Permissoes P WHERE T.id = P.Tela AND T.root = 20 AND P.Usuario = 2 AND P.sel = 1 ORDER BY T.ordem, T.titulo ]
2013-03-12 14:46:35 0.778 ::  Transaction [ Commit ]
2013-03-12 14:46:35 0.779 ::  Class[Permissoes] Method[get_itens(28)]
2013-03-12 14:46:35 0.780 ::  Transaction [ Begin: mysql ]
2013-03-12 14:46:35 0.780 ::  Status[ OK ] Results[ 1 ] Query[  SELECT T.id, T.root, T.titulo, T.icone, T.eXtype, T.diretorio, T.arquivo, T.ordem FROM Telas T, Permissoes P WHERE T.id = P.Tela AND T.root = 28 AND P.Usuario = 2 AND P.sel = 1 ORDER BY T.ordem, T.titulo ]
2013-03-12 14:46:35 0.781 ::  Transaction [ Commit ]
2013-03-12 14:46:35 0.781 ::  Class[Permissoes] Method[get_itens(10)]
2013-03-12 14:46:35 0.782 ::  Transaction [ Begin: mysql ]
2013-03-12 14:46:35 0.782 ::  Status[ OK ] Results[ 2 ] Query[  SELECT T.id, T.root, T.titulo, T.icone, T.eXtype, T.diretorio, T.arquivo, T.ordem FROM Telas T, Permissoes P WHERE T.id = P.Tela AND T.root = 10 AND P.Usuario = 2 AND P.sel = 1 ORDER BY T.ordem, T.titulo ]
2013-03-12 14:46:35 0.782 ::  Transaction [ Commit ]
2013-03-12 14:46:35 0.783 ::  Class[Permissoes] Method[get_itens(13)]
2013-03-12 14:46:35 0.783 ::  Transaction [ Begin: mysql ]
2013-03-12 14:46:35 0.784 ::  Status[ OK ] Results[ 3 ] Query[  SELECT T.id, T.root, T.titulo, T.icone, T.eXtype, T.diretorio, T.arquivo, T.ordem FROM Telas T, Permissoes P WHERE T.id = P.Tela AND T.root = 13 AND P.Usuario = 2 AND P.sel = 1 ORDER BY T.ordem, T.titulo ]
2013-03-12 14:46:35 0.784 ::  Transaction [ Commit ]
2013-03-12 14:46:35 0.784 ::  Class[Permissoes] Method[get_itens(15)]
2013-03-12 14:46:35 0.785 ::  Transaction [ Begin: mysql ]
2013-03-12 14:46:35 0.785 ::  Status[ OK ] Results[ 5 ] Query[  SELECT T.id, T.root, T.titulo, T.icone, T.eXtype, T.diretorio, T.arquivo, T.ordem FROM Telas T, Permissoes P WHERE T.id = P.Tela AND T.root = 15 AND P.Usuario = 2 AND P.sel = 1 ORDER BY T.ordem, T.titulo ]
2013-03-12 14:46:35 0.786 ::  Transaction [ Commit ]
2013-03-12 14:46:35 0.786 ::  Class[Permissoes] Method[get_itens(1)]
2013-03-12 14:46:35 0.787 ::  Transaction [ Begin: mysql ]
2013-03-12 14:46:35 0.787 ::  Status[ OK ] Results[ 3 ] Query[  SELECT T.id, T.root, T.titulo, T.icone, T.eXtype, T.diretorio, T.arquivo, T.ordem FROM Telas T, Permissoes P WHERE T.id = P.Tela AND T.root = 1 AND P.Usuario = 2 AND P.sel = 1 ORDER BY T.ordem, T.titulo ]
2013-03-12 14:46:35 0.787 ::  Transaction [ Commit ]
2013-03-12 14:46:35 0.788 ::  Class[Permissoes] Method[get_itens(5)]
2013-03-12 14:46:35 0.788 ::  Transaction [ Begin: mysql ]
2013-03-12 14:46:35 0.789 ::  Status[ OK ] Results[ 1 ] Query[  SELECT T.id, T.root, T.titulo, T.icone, T.eXtype, T.diretorio, T.arquivo, T.ordem FROM Telas T, Permissoes P WHERE T.id = P.Tela AND T.root = 5 AND P.Usuario = 2 AND P.sel = 1 ORDER BY T.ordem, T.titulo ]
2013-03-12 14:46:35 0.789 ::  Transaction [ Commit ]
