2013-07-27 10:22:40 0.390 ::  AUTOLOAD Class[ Log ] File [ Main/PHP/Log.class.php ]
2013-07-27 10:22:40 0.429 ::  AUTOLOAD Class[ Common ] File [ Main/PHP/Common.class.php ]
2013-07-27 10:22:40 0.430 ::  Class[Common] Method[__construct]

Array __REQUEST
[classe] = "Common"
[action] = "verifica_servidor_mysql"
2013-07-27 10:22:40 0.443 ::  AUTOLOAD Class[ Repository ] File [ Main/PHP/Repository.class.php ]
2013-07-27 10:22:40 0.446 ::  AUTOLOAD Class[ Transaction ] File [ Main/PHP/Transaction.class.php ]
2013-07-27 10:22:40 0.450 ::  AUTOLOAD Class[ Connection ] File [ Main/PHP/Connection.class.php ]
2013-07-27 10:22:40 0.473 ::  Transaction [ Begin: mysql ]
2013-07-27 10:22:40 0.480 ::  Status[ OK ] Results[ 1 ] Query[ SELECT * FROM configuracao WHERE 1 LIMIT 1 ]
2013-07-27 10:22:40 0.480 ::  Transaction [ Commit ]
2013-07-27 10:22:40 0.480 ::  Teste Conexao Servidor Mysql [ TRUE ]
2013-07-27 10:22:41 0.907 ::  AUTOLOAD Class[ Log ] File [ Main/PHP/Log.class.php ]
2013-07-27 10:22:41 0.907 ::  AUTOLOAD Class[ Configuracoes ] File [ Main/PHP/Configuracoes.class.php ]
2013-07-27 10:22:41 0.907 ::  Class[ Configuracoes ] Method[ __construct ]

Array __REQUEST
[classe] = "Configuracoes"
[action] = "recupera_configuracoes"
2013-07-27 10:22:41 0.908 ::  AUTOLOAD Class[ Repository ] File [ Main/PHP/Repository.class.php ]
2013-07-27 10:22:41 0.909 ::  AUTOLOAD Class[ Transaction ] File [ Main/PHP/Transaction.class.php ]
2013-07-27 10:22:41 0.909 ::  AUTOLOAD Class[ Connection ] File [ Main/PHP/Connection.class.php ]
2013-07-27 10:22:41 0.910 ::  Transaction [ Begin: mysql ]
2013-07-27 10:22:41 0.911 ::  Status[ OK ] Results[ 13 ] Query[ SELECT * FROM configuracao ]
2013-07-27 10:22:41 0.911 ::  Transaction [ Commit ]
2013-07-27 10:22:47 0.516 ::  AUTOLOAD Class[ Log ] File [ Main/PHP/Log.class.php ]
2013-07-27 10:22:47 0.516 ::  AUTOLOAD Class[ Usuarios ] File [ Main/Modulos/Acesso/Usuarios.class.php ]
2013-07-27 10:22:47 0.516 ::  Class[Usuarios] Method[__construct]

Array __REQUEST
[Login] = "gverde"
[Senha_Crip] = "31f4b733f9d9c17df9762f44f87d45d8fdf42b3e"
[classe] = "Usuarios"
[action] = "verifica_login"
2013-07-27 10:22:47 0.516 ::  Class[Usuarios] Method[verifica_login]
2013-07-27 10:22:47 0.517 ::  AUTOLOAD Class[ Repository ] File [ Main/PHP/Repository.class.php ]
2013-07-27 10:22:47 0.518 ::  AUTOLOAD Class[ Transaction ] File [ Main/PHP/Transaction.class.php ]
2013-07-27 10:22:47 0.518 ::  AUTOLOAD Class[ Connection ] File [ Main/PHP/Connection.class.php ]
2013-07-27 10:22:47 0.519 ::  Transaction [ Begin: mysql ]
2013-07-27 10:22:47 0.520 ::  Status[ OK ] Results[ 1 ] Query[ SELECT id_usuario,Grupo,Nome,Login,Senha,status FROM usuarios WHERE Login = 'gverde' AND Senha = '31f4b733f9d9c17df9762f44f87d45d8fdf42b3e' AND status = 1; ]
2013-07-27 10:22:47 0.560 ::  Transaction [ Commit ]
2013-07-27 10:22:47 0.560 ::  Usuario encontrado, Sessao iniciada para usuario[3].
2013-07-27 10:22:49 0.132 ::  AUTOLOAD Class[ Log ] File [ Main/PHP/Log.class.php ]
2013-07-27 10:22:49 0.132 ::  AUTOLOAD Class[ Permissoes ] File [ Main/Modulos/Acesso/Permissoes.class.php ]
2013-07-27 10:22:49 0.132 ::  Class[Permissoes] Method[__construct]

Array __REQUEST
[classe] = "Permissoes"
[action] = "retorna_todas_permissoes"
2013-07-27 10:22:49 0.133 ::  Class[Permissoes] Method[retorna_permissoes]
2013-07-27 10:22:49 0.133 ::  AUTOLOAD Class[ Repository ] File [ Main/PHP/Repository.class.php ]
2013-07-27 10:22:49 0.134 ::  AUTOLOAD Class[ Transaction ] File [ Main/PHP/Transaction.class.php ]
2013-07-27 10:22:49 0.134 ::  AUTOLOAD Class[ Connection ] File [ Main/PHP/Connection.class.php ]
2013-07-27 10:22:49 0.136 ::  Transaction [ Begin: mysql ]
2013-07-27 10:22:49 0.148 ::  Status[ OK ] Results[ 19 ] Query[ SELECT P.id, P.Usuario, P.Tela, T.identificacao, P.ins, P.upd, P.del, P.imp, P.exc FROM Permissoes P, Telas T WHERE P.Tela = T.id AND P.Usuario = '2' ]
2013-07-27 10:22:49 0.149 ::  Transaction [ Commit ]
2013-07-27 10:22:49 0.156 ::  AUTOLOAD Class[ Log ] File [ Main/PHP/Log.class.php ]
2013-07-27 10:22:49 0.157 ::  AUTOLOAD Class[ Configuracoes ] File [ Main/PHP/Configuracoes.class.php ]
2013-07-27 10:22:49 0.157 ::  Class[ Configuracoes ] Method[ __construct ]

Array __REQUEST
[classe] = "Configuracoes"
[action] = "recupera_configuracoes"
2013-07-27 10:22:49 0.158 ::  AUTOLOAD Class[ Repository ] File [ Main/PHP/Repository.class.php ]
2013-07-27 10:22:49 0.159 ::  AUTOLOAD Class[ Transaction ] File [ Main/PHP/Transaction.class.php ]
2013-07-27 10:22:49 0.159 ::  AUTOLOAD Class[ Connection ] File [ Main/PHP/Connection.class.php ]
2013-07-27 10:22:49 0.160 ::  Transaction [ Begin: mysql ]
2013-07-27 10:22:49 0.161 ::  Status[ OK ] Results[ 13 ] Query[ SELECT * FROM configuracao ]
2013-07-27 10:22:49 0.161 ::  Transaction [ Commit ]
2013-07-27 10:22:49 0.163 ::  AUTOLOAD Class[ Log ] File [ Main/PHP/Log.class.php ]
2013-07-27 10:22:49 0.163 ::  AUTOLOAD Class[ Usuarios ] File [ Main/Modulos/Acesso/Usuarios.class.php ]
2013-07-27 10:22:49 0.163 ::  Class[Usuarios] Method[__construct]

Array __REQUEST
[classe] = "Usuarios"
[action] = "verifica_sessao"
2013-07-27 10:22:49 0.163 ::  Class[Usuarios] Method[verifica_sessao]
2013-07-27 10:22:49 0.164 ::  Result[1]
2013-07-27 10:22:49 0.343 ::  AUTOLOAD Class[ Log ] File [ Main/PHP/Log.class.php ]
2013-07-27 10:22:49 0.343 ::  AUTOLOAD Class[ Permissoes ] File [ Main/Modulos/Acesso/Permissoes.class.php ]
2013-07-27 10:22:49 0.344 ::  Class[Permissoes] Method[__construct]

Array __REQUEST
[classe] = "Permissoes"
[action] = "menu_dinamico"
2013-07-27 10:22:49 0.344 ::  Class[Permissoes] Method[menu_dinamico]
2013-07-27 10:22:49 0.344 ::  Class[Permissoes] Method[get_categorias]
2013-07-27 10:22:49 0.345 ::  AUTOLOAD Class[ Repository ] File [ Main/PHP/Repository.class.php ]
2013-07-27 10:22:49 0.346 ::  AUTOLOAD Class[ Transaction ] File [ Main/PHP/Transaction.class.php ]
2013-07-27 10:22:49 0.346 ::  AUTOLOAD Class[ Connection ] File [ Main/PHP/Connection.class.php ]
2013-07-27 10:22:49 0.350 ::  Transaction [ Begin: mysql ]
2013-07-27 10:22:49 0.351 ::  Status[ OK ] Results[ 7 ] Query[ SELECT DISTINCT(T.root) from Telas T, Permissoes P WHERE T.id = P.Tela AND P.Usuario = 2 AND P.sel = 1 AND T.root <> 0 ; ]
2013-07-27 10:22:49 0.352 ::  Transaction [ Commit ]
2013-07-27 10:22:49 0.353 ::  Transaction [ Begin: mysql ]
2013-07-27 10:22:49 0.354 ::  Status[ OK ] Results[ 7 ] Query[ SELECT T.id, T.root, T.titulo, T.icone, T.eXtype  FROM Telas T, Permissoes P WHERE T.id = P.Tela AND T.root = 0 AND T.id IN (10,1,5,13,15,20,28) ORDER BY T.ordem; ]
2013-07-27 10:22:49 0.355 ::  Transaction [ Commit ]
2013-07-27 10:22:49 0.355 ::  Class[Permissoes] Method[get_itens(13)]
2013-07-27 10:22:49 0.356 ::  Transaction [ Begin: mysql ]
2013-07-27 10:22:49 0.357 ::  Status[ OK ] Results[ 3 ] Query[  SELECT T.id, T.root, T.titulo, T.icone, T.eXtype, T.diretorio, T.arquivo, T.ordem FROM Telas T, Permissoes P WHERE T.id = P.Tela AND T.root = 13 AND P.Usuario = 2 AND P.sel = 1 ORDER BY T.ordem, T.titulo ]
2013-07-27 10:22:49 0.358 ::  Transaction [ Commit ]
2013-07-27 10:22:49 0.358 ::  Class[Permissoes] Method[get_itens(15)]
2013-07-27 10:22:49 0.359 ::  Transaction [ Begin: mysql ]
2013-07-27 10:22:49 0.360 ::  Status[ OK ] Results[ 5 ] Query[  SELECT T.id, T.root, T.titulo, T.icone, T.eXtype, T.diretorio, T.arquivo, T.ordem FROM Telas T, Permissoes P WHERE T.id = P.Tela AND T.root = 15 AND P.Usuario = 2 AND P.sel = 1 ORDER BY T.ordem, T.titulo ]
2013-07-27 10:22:49 0.361 ::  Transaction [ Commit ]
2013-07-27 10:22:49 0.361 ::  Class[Permissoes] Method[get_itens(20)]
2013-07-27 10:22:49 0.362 ::  Transaction [ Begin: mysql ]
2013-07-27 10:22:49 0.363 ::  Status[ OK ] Results[ 4 ] Query[  SELECT T.id, T.root, T.titulo, T.icone, T.eXtype, T.diretorio, T.arquivo, T.ordem FROM Telas T, Permissoes P WHERE T.id = P.Tela AND T.root = 20 AND P.Usuario = 2 AND P.sel = 1 ORDER BY T.ordem, T.titulo ]
2013-07-27 10:22:49 0.364 ::  Transaction [ Commit ]
2013-07-27 10:22:49 0.364 ::  Class[Permissoes] Method[get_itens(28)]
2013-07-27 10:22:49 0.365 ::  Transaction [ Begin: mysql ]
2013-07-27 10:22:49 0.365 ::  Status[ OK ] Results[ 1 ] Query[  SELECT T.id, T.root, T.titulo, T.icone, T.eXtype, T.diretorio, T.arquivo, T.ordem FROM Telas T, Permissoes P WHERE T.id = P.Tela AND T.root = 28 AND P.Usuario = 2 AND P.sel = 1 ORDER BY T.ordem, T.titulo ]
2013-07-27 10:22:49 0.366 ::  Transaction [ Commit ]
2013-07-27 10:22:49 0.366 ::  Class[Permissoes] Method[get_itens(10)]
2013-07-27 10:22:49 0.367 ::  Transaction [ Begin: mysql ]
2013-07-27 10:22:49 0.368 ::  Status[ OK ] Results[ 2 ] Query[  SELECT T.id, T.root, T.titulo, T.icone, T.eXtype, T.diretorio, T.arquivo, T.ordem FROM Telas T, Permissoes P WHERE T.id = P.Tela AND T.root = 10 AND P.Usuario = 2 AND P.sel = 1 ORDER BY T.ordem, T.titulo ]
2013-07-27 10:22:49 0.368 ::  Transaction [ Commit ]
2013-07-27 10:22:49 0.368 ::  Class[Permissoes] Method[get_itens(1)]
2013-07-27 10:22:49 0.369 ::  Transaction [ Begin: mysql ]
2013-07-27 10:22:49 0.370 ::  Status[ OK ] Results[ 3 ] Query[  SELECT T.id, T.root, T.titulo, T.icone, T.eXtype, T.diretorio, T.arquivo, T.ordem FROM Telas T, Permissoes P WHERE T.id = P.Tela AND T.root = 1 AND P.Usuario = 2 AND P.sel = 1 ORDER BY T.ordem, T.titulo ]
2013-07-27 10:22:49 0.370 ::  Transaction [ Commit ]
2013-07-27 10:22:49 0.370 ::  Class[Permissoes] Method[get_itens(5)]
2013-07-27 10:22:49 0.371 ::  Transaction [ Begin: mysql ]
2013-07-27 10:22:49 0.372 ::  Status[ OK ] Results[ 1 ] Query[  SELECT T.id, T.root, T.titulo, T.icone, T.eXtype, T.diretorio, T.arquivo, T.ordem FROM Telas T, Permissoes P WHERE T.id = P.Tela AND T.root = 5 AND P.Usuario = 2 AND P.sel = 1 ORDER BY T.ordem, T.titulo ]
2013-07-27 10:22:49 0.372 ::  Transaction [ Commit ]
2013-07-27 10:25:00 0.501 ::  AUTOLOAD Class[ Log ] File [ Main/PHP/Log.class.php ]
2013-07-27 10:25:00 0.501 ::  AUTOLOAD Class[ Permissoes ] File [ Main/Modulos/Acesso/Permissoes.class.php ]
2013-07-27 10:25:00 0.501 ::  Class[Permissoes] Method[__construct]

Array __REQUEST
[classe] = "Permissoes"
[action] = "retorna_todas_permissoes"
2013-07-27 10:25:00 0.501 ::  Class[Permissoes] Method[retorna_permissoes]
2013-07-27 10:25:00 0.502 ::  AUTOLOAD Class[ Repository ] File [ Main/PHP/Repository.class.php ]
2013-07-27 10:25:00 0.503 ::  AUTOLOAD Class[ Transaction ] File [ Main/PHP/Transaction.class.php ]
2013-07-27 10:25:00 0.503 ::  AUTOLOAD Class[ Connection ] File [ Main/PHP/Connection.class.php ]
2013-07-27 10:25:00 0.504 ::  Transaction [ Begin: mysql ]
2013-07-27 10:25:00 0.504 ::  Status[ OK ] Results[ 19 ] Query[ SELECT P.id, P.Usuario, P.Tela, T.identificacao, P.ins, P.upd, P.del, P.imp, P.exc FROM Permissoes P, Telas T WHERE P.Tela = T.id AND P.Usuario = '2' ]
2013-07-27 10:25:00 0.505 ::  Transaction [ Commit ]
2013-07-27 10:25:00 0.548 ::  AUTOLOAD Class[ Log ] File [ Main/PHP/Log.class.php ]
2013-07-27 10:25:00 0.549 ::  AUTOLOAD Class[ Configuracoes ] File [ Main/PHP/Configuracoes.class.php ]
2013-07-27 10:25:00 0.549 ::  Class[ Configuracoes ] Method[ __construct ]

Array __REQUEST
[classe] = "Configuracoes"
[action] = "recupera_configuracoes"
2013-07-27 10:25:00 0.550 ::  AUTOLOAD Class[ Repository ] File [ Main/PHP/Repository.class.php ]
2013-07-27 10:25:00 0.551 ::  AUTOLOAD Class[ Transaction ] File [ Main/PHP/Transaction.class.php ]
2013-07-27 10:25:00 0.551 ::  AUTOLOAD Class[ Connection ] File [ Main/PHP/Connection.class.php ]
2013-07-27 10:25:00 0.553 ::  Transaction [ Begin: mysql ]
2013-07-27 10:25:00 0.553 ::  Status[ OK ] Results[ 13 ] Query[ SELECT * FROM configuracao ]
2013-07-27 10:25:00 0.554 ::  Transaction [ Commit ]
2013-07-27 10:25:00 0.563 ::  AUTOLOAD Class[ Log ] File [ Main/PHP/Log.class.php ]
2013-07-27 10:25:00 0.563 ::  AUTOLOAD Class[ Usuarios ] File [ Main/Modulos/Acesso/Usuarios.class.php ]
2013-07-27 10:25:00 0.563 ::  Class[Usuarios] Method[__construct]

Array __REQUEST
[classe] = "Usuarios"
[action] = "verifica_sessao"
2013-07-27 10:25:00 0.563 ::  Class[Usuarios] Method[verifica_sessao]
2013-07-27 10:25:00 0.564 ::  Result[1]
2013-07-27 10:25:00 0.765 ::  AUTOLOAD Class[ Log ] File [ Main/PHP/Log.class.php ]
2013-07-27 10:25:00 0.765 ::  AUTOLOAD Class[ Permissoes ] File [ Main/Modulos/Acesso/Permissoes.class.php ]
2013-07-27 10:25:00 0.765 ::  Class[Permissoes] Method[__construct]

Array __REQUEST
[classe] = "Permissoes"
[action] = "menu_dinamico"
2013-07-27 10:25:00 0.765 ::  Class[Permissoes] Method[menu_dinamico]
2013-07-27 10:25:00 0.766 ::  Class[Permissoes] Method[get_categorias]
2013-07-27 10:25:00 0.766 ::  AUTOLOAD Class[ Repository ] File [ Main/PHP/Repository.class.php ]
2013-07-27 10:25:00 0.767 ::  AUTOLOAD Class[ Transaction ] File [ Main/PHP/Transaction.class.php ]
2013-07-27 10:25:00 0.767 ::  AUTOLOAD Class[ Connection ] File [ Main/PHP/Connection.class.php ]
2013-07-27 10:25:00 0.768 ::  Transaction [ Begin: mysql ]
2013-07-27 10:25:00 0.768 ::  Status[ OK ] Results[ 7 ] Query[ SELECT DISTINCT(T.root) from Telas T, Permissoes P WHERE T.id = P.Tela AND P.Usuario = 2 AND P.sel = 1 AND T.root <> 0 ; ]
2013-07-27 10:25:00 0.769 ::  Transaction [ Commit ]
2013-07-27 10:25:00 0.770 ::  Transaction [ Begin: mysql ]
2013-07-27 10:25:00 0.771 ::  Status[ OK ] Results[ 7 ] Query[ SELECT T.id, T.root, T.titulo, T.icone, T.eXtype  FROM Telas T, Permissoes P WHERE T.id = P.Tela AND T.root = 0 AND T.id IN (10,1,5,13,15,20,28) ORDER BY T.ordem; ]
2013-07-27 10:25:00 0.771 ::  Transaction [ Commit ]
2013-07-27 10:25:00 0.772 ::  Class[Permissoes] Method[get_itens(13)]
2013-07-27 10:25:00 0.773 ::  Transaction [ Begin: mysql ]
2013-07-27 10:25:00 0.773 ::  Status[ OK ] Results[ 3 ] Query[  SELECT T.id, T.root, T.titulo, T.icone, T.eXtype, T.diretorio, T.arquivo, T.ordem FROM Telas T, Permissoes P WHERE T.id = P.Tela AND T.root = 13 AND P.Usuario = 2 AND P.sel = 1 ORDER BY T.ordem, T.titulo ]
2013-07-27 10:25:00 0.774 ::  Transaction [ Commit ]
2013-07-27 10:25:00 0.774 ::  Class[Permissoes] Method[get_itens(15)]
2013-07-27 10:25:00 0.775 ::  Transaction [ Begin: mysql ]
2013-07-27 10:25:00 0.775 ::  Status[ OK ] Results[ 5 ] Query[  SELECT T.id, T.root, T.titulo, T.icone, T.eXtype, T.diretorio, T.arquivo, T.ordem FROM Telas T, Permissoes P WHERE T.id = P.Tela AND T.root = 15 AND P.Usuario = 2 AND P.sel = 1 ORDER BY T.ordem, T.titulo ]
2013-07-27 10:25:00 0.776 ::  Transaction [ Commit ]
2013-07-27 10:25:00 0.776 ::  Class[Permissoes] Method[get_itens(20)]
2013-07-27 10:25:00 0.777 ::  Transaction [ Begin: mysql ]
2013-07-27 10:25:00 0.778 ::  Status[ OK ] Results[ 4 ] Query[  SELECT T.id, T.root, T.titulo, T.icone, T.eXtype, T.diretorio, T.arquivo, T.ordem FROM Telas T, Permissoes P WHERE T.id = P.Tela AND T.root = 20 AND P.Usuario = 2 AND P.sel = 1 ORDER BY T.ordem, T.titulo ]
2013-07-27 10:25:00 0.778 ::  Transaction [ Commit ]
2013-07-27 10:25:00 0.778 ::  Class[Permissoes] Method[get_itens(28)]
2013-07-27 10:25:00 0.779 ::  Transaction [ Begin: mysql ]
2013-07-27 10:25:00 0.780 ::  Status[ OK ] Results[ 1 ] Query[  SELECT T.id, T.root, T.titulo, T.icone, T.eXtype, T.diretorio, T.arquivo, T.ordem FROM Telas T, Permissoes P WHERE T.id = P.Tela AND T.root = 28 AND P.Usuario = 2 AND P.sel = 1 ORDER BY T.ordem, T.titulo ]
2013-07-27 10:25:00 0.780 ::  Transaction [ Commit ]
2013-07-27 10:25:00 0.781 ::  Class[Permissoes] Method[get_itens(10)]
2013-07-27 10:25:00 0.781 ::  Transaction [ Begin: mysql ]
2013-07-27 10:25:00 0.782 ::  Status[ OK ] Results[ 2 ] Query[  SELECT T.id, T.root, T.titulo, T.icone, T.eXtype, T.diretorio, T.arquivo, T.ordem FROM Telas T, Permissoes P WHERE T.id = P.Tela AND T.root = 10 AND P.Usuario = 2 AND P.sel = 1 ORDER BY T.ordem, T.titulo ]
2013-07-27 10:25:00 0.782 ::  Transaction [ Commit ]
2013-07-27 10:25:00 0.783 ::  Class[Permissoes] Method[get_itens(1)]
2013-07-27 10:25:00 0.784 ::  Transaction [ Begin: mysql ]
2013-07-27 10:25:00 0.784 ::  Status[ OK ] Results[ 3 ] Query[  SELECT T.id, T.root, T.titulo, T.icone, T.eXtype, T.diretorio, T.arquivo, T.ordem FROM Telas T, Permissoes P WHERE T.id = P.Tela AND T.root = 1 AND P.Usuario = 2 AND P.sel = 1 ORDER BY T.ordem, T.titulo ]
2013-07-27 10:25:00 0.784 ::  Transaction [ Commit ]
2013-07-27 10:25:00 0.785 ::  Class[Permissoes] Method[get_itens(5)]
2013-07-27 10:25:00 0.786 ::  Transaction [ Begin: mysql ]
2013-07-27 10:25:00 0.787 ::  Status[ OK ] Results[ 1 ] Query[  SELECT T.id, T.root, T.titulo, T.icone, T.eXtype, T.diretorio, T.arquivo, T.ordem FROM Telas T, Permissoes P WHERE T.id = P.Tela AND T.root = 5 AND P.Usuario = 2 AND P.sel = 1 ORDER BY T.ordem, T.titulo ]
2013-07-27 10:25:00 0.787 ::  Transaction [ Commit ]
2013-07-27 10:41:00 0.082 ::  AUTOLOAD Class[ Log ] File [ Main/PHP/Log.class.php ]
2013-07-27 10:41:00 0.082 ::  AUTOLOAD Class[ Common ] File [ Main/PHP/Common.class.php ]
2013-07-27 10:41:00 0.082 ::  Class[Common] Method[__construct]

Array __REQUEST
[classe] = "Common"
[action] = "verifica_servidor_mysql"
2013-07-27 10:41:00 0.083 ::  AUTOLOAD Class[ Repository ] File [ Main/PHP/Repository.class.php ]
2013-07-27 10:41:00 0.084 ::  AUTOLOAD Class[ Transaction ] File [ Main/PHP/Transaction.class.php ]
2013-07-27 10:41:00 0.084 ::  AUTOLOAD Class[ Connection ] File [ Main/PHP/Connection.class.php ]
2013-07-27 10:41:00 0.087 ::  Transaction [ Begin: mysql ]
2013-07-27 10:41:00 0.088 ::  Status[ OK ] Results[ 1 ] Query[ SELECT * FROM configuracao WHERE 1 LIMIT 1 ]
2013-07-27 10:41:00 0.088 ::  Transaction [ Commit ]
2013-07-27 10:41:00 0.088 ::  Teste Conexao Servidor Mysql [ TRUE ]
2013-07-27 10:41:01 0.193 ::  AUTOLOAD Class[ Log ] File [ Main/PHP/Log.class.php ]
2013-07-27 10:41:01 0.193 ::  AUTOLOAD Class[ Configuracoes ] File [ Main/PHP/Configuracoes.class.php ]
2013-07-27 10:41:01 0.193 ::  Class[ Configuracoes ] Method[ __construct ]

Array __REQUEST
[classe] = "Configuracoes"
[action] = "recupera_configuracoes"
2013-07-27 10:41:01 0.194 ::  AUTOLOAD Class[ Repository ] File [ Main/PHP/Repository.class.php ]
2013-07-27 10:41:01 0.194 ::  AUTOLOAD Class[ Transaction ] File [ Main/PHP/Transaction.class.php ]
2013-07-27 10:41:01 0.194 ::  AUTOLOAD Class[ Connection ] File [ Main/PHP/Connection.class.php ]
2013-07-27 10:41:01 0.195 ::  Transaction [ Begin: mysql ]
2013-07-27 10:41:01 0.196 ::  Status[ OK ] Results[ 13 ] Query[ SELECT * FROM configuracao ]
2013-07-27 10:41:01 0.196 ::  Transaction [ Commit ]
2013-07-27 10:41:07 0.046 ::  AUTOLOAD Class[ Log ] File [ Main/PHP/Log.class.php ]
2013-07-27 10:41:07 0.046 ::  AUTOLOAD Class[ Usuarios ] File [ Main/Modulos/Acesso/Usuarios.class.php ]
2013-07-27 10:41:07 0.046 ::  Class[Usuarios] Method[__construct]

Array __REQUEST
[Login] = "gverde"
[Senha_Crip] = "7110eda4d09e062aa5e4a390b0a572ac0d2c0220"
[classe] = "Usuarios"
[action] = "verifica_login"
2013-07-27 10:41:07 0.047 ::  Class[Usuarios] Method[verifica_login]
2013-07-27 10:41:07 0.049 ::  AUTOLOAD Class[ Repository ] File [ Main/PHP/Repository.class.php ]
2013-07-27 10:41:07 0.050 ::  AUTOLOAD Class[ Transaction ] File [ Main/PHP/Transaction.class.php ]
2013-07-27 10:41:07 0.050 ::  AUTOLOAD Class[ Connection ] File [ Main/PHP/Connection.class.php ]
2013-07-27 10:41:07 0.052 ::  Transaction [ Begin: mysql ]
2013-07-27 10:41:07 0.052 ::  Status[ OK ] Results[  ] Query[ SELECT id_usuario,Grupo,Nome,Login,Senha,status FROM usuarios WHERE Login = 'gverde' AND Senha = '7110eda4d09e062aa5e4a390b0a572ac0d2c0220' AND status = 1; ]
2013-07-27 10:41:07 0.053 ::  Transaction [ Commit ]
2013-07-27 10:41:07 0.053 ::  Usuario Nao encontrado, Sessao encerrada.
2013-07-27 10:41:13 0.771 ::  AUTOLOAD Class[ Log ] File [ Main/PHP/Log.class.php ]
2013-07-27 10:41:13 0.771 ::  AUTOLOAD Class[ Usuarios ] File [ Main/Modulos/Acesso/Usuarios.class.php ]
2013-07-27 10:41:13 0.771 ::  Class[Usuarios] Method[__construct]

Array __REQUEST
[Login] = "gverde"
[Senha_Crip] = "31f4b733f9d9c17df9762f44f87d45d8fdf42b3e"
[classe] = "Usuarios"
[action] = "verifica_login"
2013-07-27 10:41:13 0.771 ::  Class[Usuarios] Method[verifica_login]
2013-07-27 10:41:13 0.772 ::  AUTOLOAD Class[ Repository ] File [ Main/PHP/Repository.class.php ]
2013-07-27 10:41:13 0.773 ::  AUTOLOAD Class[ Transaction ] File [ Main/PHP/Transaction.class.php ]
2013-07-27 10:41:13 0.773 ::  AUTOLOAD Class[ Connection ] File [ Main/PHP/Connection.class.php ]
2013-07-27 10:41:13 0.775 ::  Transaction [ Begin: mysql ]
2013-07-27 10:41:13 0.776 ::  Status[ OK ] Results[ 1 ] Query[ SELECT id_usuario,Grupo,Nome,Login,Senha,status FROM usuarios WHERE Login = 'gverde' AND Senha = '31f4b733f9d9c17df9762f44f87d45d8fdf42b3e' AND status = 1; ]
2013-07-27 10:41:13 0.776 ::  Transaction [ Commit ]
2013-07-27 10:41:13 0.776 ::  Usuario encontrado, Sessao iniciada para usuario[3].
2013-07-27 10:41:15 0.044 ::  AUTOLOAD Class[ Log ] File [ Main/PHP/Log.class.php ]
2013-07-27 10:41:15 0.044 ::  AUTOLOAD Class[ Permissoes ] File [ Main/Modulos/Acesso/Permissoes.class.php ]
2013-07-27 10:41:15 0.044 ::  Class[Permissoes] Method[__construct]

Array __REQUEST
[classe] = "Permissoes"
[action] = "retorna_todas_permissoes"
2013-07-27 10:41:15 0.045 ::  Class[Permissoes] Method[retorna_permissoes]
2013-07-27 10:41:15 0.045 ::  AUTOLOAD Class[ Repository ] File [ Main/PHP/Repository.class.php ]
2013-07-27 10:41:15 0.045 ::  AUTOLOAD Class[ Transaction ] File [ Main/PHP/Transaction.class.php ]
2013-07-27 10:41:15 0.046 ::  AUTOLOAD Class[ Connection ] File [ Main/PHP/Connection.class.php ]
2013-07-27 10:41:15 0.046 ::  Transaction [ Begin: mysql ]
2013-07-27 10:41:15 0.047 ::  Status[ OK ] Results[ 19 ] Query[ SELECT P.id, P.Usuario, P.Tela, T.identificacao, P.ins, P.upd, P.del, P.imp, P.exc FROM Permissoes P, Telas T WHERE P.Tela = T.id AND P.Usuario = '2' ]
2013-07-27 10:41:15 0.047 ::  Transaction [ Commit ]
2013-07-27 10:41:15 0.125 ::  AUTOLOAD Class[ Log ] File [ Main/PHP/Log.class.php ]
2013-07-27 10:41:15 0.126 ::  AUTOLOAD Class[ Configuracoes ] File [ Main/PHP/Configuracoes.class.php ]
2013-07-27 10:41:15 0.126 ::  Class[ Configuracoes ] Method[ __construct ]

Array __REQUEST
[classe] = "Configuracoes"
[action] = "recupera_configuracoes"
2013-07-27 10:41:15 0.127 ::  AUTOLOAD Class[ Repository ] File [ Main/PHP/Repository.class.php ]
2013-07-27 10:41:15 0.128 ::  AUTOLOAD Class[ Transaction ] File [ Main/PHP/Transaction.class.php ]
2013-07-27 10:41:15 0.128 ::  AUTOLOAD Class[ Connection ] File [ Main/PHP/Connection.class.php ]
2013-07-27 10:41:15 0.129 ::  Transaction [ Begin: mysql ]
2013-07-27 10:41:15 0.130 ::  Status[ OK ] Results[ 13 ] Query[ SELECT * FROM configuracao ]
2013-07-27 10:41:15 0.130 ::  Transaction [ Commit ]
2013-07-27 10:41:15 0.132 ::  AUTOLOAD Class[ Log ] File [ Main/PHP/Log.class.php ]
2013-07-27 10:41:15 0.132 ::  AUTOLOAD Class[ Usuarios ] File [ Main/Modulos/Acesso/Usuarios.class.php ]
2013-07-27 10:41:15 0.132 ::  Class[Usuarios] Method[__construct]

Array __REQUEST
[classe] = "Usuarios"
[action] = "verifica_sessao"
2013-07-27 10:41:15 0.133 ::  Class[Usuarios] Method[verifica_sessao]
2013-07-27 10:41:15 0.133 ::  Result[1]
2013-07-27 10:41:15 0.390 ::  AUTOLOAD Class[ Log ] File [ Main/PHP/Log.class.php ]
2013-07-27 10:41:15 0.391 ::  AUTOLOAD Class[ Permissoes ] File [ Main/Modulos/Acesso/Permissoes.class.php ]
2013-07-27 10:41:15 0.391 ::  Class[Permissoes] Method[__construct]

Array __REQUEST
[classe] = "Permissoes"
[action] = "menu_dinamico"
2013-07-27 10:41:15 0.391 ::  Class[Permissoes] Method[menu_dinamico]
2013-07-27 10:41:15 0.391 ::  Class[Permissoes] Method[get_categorias]
2013-07-27 10:41:15 0.392 ::  AUTOLOAD Class[ Repository ] File [ Main/PHP/Repository.class.php ]
2013-07-27 10:41:15 0.393 ::  AUTOLOAD Class[ Transaction ] File [ Main/PHP/Transaction.class.php ]
2013-07-27 10:41:15 0.393 ::  AUTOLOAD Class[ Connection ] File [ Main/PHP/Connection.class.php ]
2013-07-27 10:41:15 0.395 ::  Transaction [ Begin: mysql ]
2013-07-27 10:41:15 0.395 ::  Status[ OK ] Results[ 7 ] Query[ SELECT DISTINCT(T.root) from Telas T, Permissoes P WHERE T.id = P.Tela AND P.Usuario = 2 AND P.sel = 1 AND T.root <> 0 ; ]
2013-07-27 10:41:15 0.395 ::  Transaction [ Commit ]
2013-07-27 10:41:15 0.397 ::  Transaction [ Begin: mysql ]
2013-07-27 10:41:15 0.397 ::  Status[ OK ] Results[ 7 ] Query[ SELECT T.id, T.root, T.titulo, T.icone, T.eXtype  FROM Telas T, Permissoes P WHERE T.id = P.Tela AND T.root = 0 AND T.id IN (10,1,5,13,15,20,28) ORDER BY T.ordem; ]
2013-07-27 10:41:15 0.398 ::  Transaction [ Commit ]
2013-07-27 10:41:15 0.398 ::  Class[Permissoes] Method[get_itens(13)]
2013-07-27 10:41:15 0.399 ::  Transaction [ Begin: mysql ]
2013-07-27 10:41:15 0.400 ::  Status[ OK ] Results[ 3 ] Query[  SELECT T.id, T.root, T.titulo, T.icone, T.eXtype, T.diretorio, T.arquivo, T.ordem FROM Telas T, Permissoes P WHERE T.id = P.Tela AND T.root = 13 AND P.Usuario = 2 AND P.sel = 1 ORDER BY T.ordem, T.titulo ]
2013-07-27 10:41:15 0.401 ::  Transaction [ Commit ]
2013-07-27 10:41:15 0.402 ::  Class[Permissoes] Method[get_itens(15)]
2013-07-27 10:41:15 0.403 ::  Transaction [ Begin: mysql ]
2013-07-27 10:41:15 0.404 ::  Status[ OK ] Results[ 5 ] Query[  SELECT T.id, T.root, T.titulo, T.icone, T.eXtype, T.diretorio, T.arquivo, T.ordem FROM Telas T, Permissoes P WHERE T.id = P.Tela AND T.root = 15 AND P.Usuario = 2 AND P.sel = 1 ORDER BY T.ordem, T.titulo ]
2013-07-27 10:41:15 0.405 ::  Transaction [ Commit ]
2013-07-27 10:41:15 0.405 ::  Class[Permissoes] Method[get_itens(20)]
2013-07-27 10:41:15 0.407 ::  Transaction [ Begin: mysql ]
2013-07-27 10:41:15 0.408 ::  Status[ OK ] Results[ 4 ] Query[  SELECT T.id, T.root, T.titulo, T.icone, T.eXtype, T.diretorio, T.arquivo, T.ordem FROM Telas T, Permissoes P WHERE T.id = P.Tela AND T.root = 20 AND P.Usuario = 2 AND P.sel = 1 ORDER BY T.ordem, T.titulo ]
2013-07-27 10:41:15 0.409 ::  Transaction [ Commit ]
2013-07-27 10:41:15 0.409 ::  Class[Permissoes] Method[get_itens(28)]
2013-07-27 10:41:15 0.410 ::  Transaction [ Begin: mysql ]
2013-07-27 10:41:15 0.411 ::  Status[ OK ] Results[ 1 ] Query[  SELECT T.id, T.root, T.titulo, T.icone, T.eXtype, T.diretorio, T.arquivo, T.ordem FROM Telas T, Permissoes P WHERE T.id = P.Tela AND T.root = 28 AND P.Usuario = 2 AND P.sel = 1 ORDER BY T.ordem, T.titulo ]
2013-07-27 10:41:15 0.411 ::  Transaction [ Commit ]
2013-07-27 10:41:15 0.412 ::  Class[Permissoes] Method[get_itens(10)]
2013-07-27 10:41:15 0.413 ::  Transaction [ Begin: mysql ]
2013-07-27 10:41:15 0.414 ::  Status[ OK ] Results[ 2 ] Query[  SELECT T.id, T.root, T.titulo, T.icone, T.eXtype, T.diretorio, T.arquivo, T.ordem FROM Telas T, Permissoes P WHERE T.id = P.Tela AND T.root = 10 AND P.Usuario = 2 AND P.sel = 1 ORDER BY T.ordem, T.titulo ]
2013-07-27 10:41:15 0.414 ::  Transaction [ Commit ]
2013-07-27 10:41:15 0.415 ::  Class[Permissoes] Method[get_itens(1)]
2013-07-27 10:41:15 0.416 ::  Transaction [ Begin: mysql ]
2013-07-27 10:41:15 0.417 ::  Status[ OK ] Results[ 3 ] Query[  SELECT T.id, T.root, T.titulo, T.icone, T.eXtype, T.diretorio, T.arquivo, T.ordem FROM Telas T, Permissoes P WHERE T.id = P.Tela AND T.root = 1 AND P.Usuario = 2 AND P.sel = 1 ORDER BY T.ordem, T.titulo ]
2013-07-27 10:41:15 0.417 ::  Transaction [ Commit ]
2013-07-27 10:41:15 0.418 ::  Class[Permissoes] Method[get_itens(5)]
2013-07-27 10:41:15 0.419 ::  Transaction [ Begin: mysql ]
2013-07-27 10:41:15 0.420 ::  Status[ OK ] Results[ 1 ] Query[  SELECT T.id, T.root, T.titulo, T.icone, T.eXtype, T.diretorio, T.arquivo, T.ordem FROM Telas T, Permissoes P WHERE T.id = P.Tela AND T.root = 5 AND P.Usuario = 2 AND P.sel = 1 ORDER BY T.ordem, T.titulo ]
2013-07-27 10:41:15 0.420 ::  Transaction [ Commit ]
2013-07-27 10:41:19 0.769 ::  AUTOLOAD Class[ Log ] File [ Main/PHP/Log.class.php ]
2013-07-27 10:41:19 0.769 ::  AUTOLOAD Class[ Configuracoes ] File [ Main/PHP/Configuracoes.class.php ]
2013-07-27 10:41:19 0.769 ::  Class[ Configuracoes ] Method[ __construct ]

Array __REQUEST
[classe] = "Configuracoes"
[action] = "recupera_configuracoes"
2013-07-27 10:41:19 0.770 ::  AUTOLOAD Class[ Repository ] File [ Main/PHP/Repository.class.php ]
2013-07-27 10:41:19 0.771 ::  AUTOLOAD Class[ Transaction ] File [ Main/PHP/Transaction.class.php ]
2013-07-27 10:41:19 0.771 ::  AUTOLOAD Class[ Connection ] File [ Main/PHP/Connection.class.php ]
2013-07-27 10:41:19 0.772 ::  Transaction [ Begin: mysql ]
2013-07-27 10:41:19 0.773 ::  Status[ OK ] Results[ 13 ] Query[ SELECT * FROM configuracao ]
2013-07-27 10:41:19 0.774 ::  Transaction [ Commit ]
2013-07-27 10:41:25 0.472 ::  AUTOLOAD Class[ Log ] File [ Main/PHP/Log.class.php ]
2013-07-27 10:41:25 0.473 ::  AUTOLOAD Class[ Usuarios ] File [ Main/Modulos/Acesso/Usuarios.class.php ]
2013-07-27 10:41:25 0.473 ::  Class[Usuarios] Method[__construct]

Array __REQUEST
[Login] = "gverde"
[Senha_Crip] = "7110eda4d09e062aa5e4a390b0a572ac0d2c0220"
[classe] = "Usuarios"
[action] = "verifica_login"
2013-07-27 10:41:25 0.473 ::  Class[Usuarios] Method[verifica_login]
2013-07-27 10:41:25 0.474 ::  AUTOLOAD Class[ Repository ] File [ Main/PHP/Repository.class.php ]
2013-07-27 10:41:25 0.474 ::  AUTOLOAD Class[ Transaction ] File [ Main/PHP/Transaction.class.php ]
2013-07-27 10:41:25 0.474 ::  AUTOLOAD Class[ Connection ] File [ Main/PHP/Connection.class.php ]
2013-07-27 10:41:25 0.476 ::  Transaction [ Begin: mysql ]
2013-07-27 10:41:25 0.477 ::  Status[ OK ] Results[  ] Query[ SELECT id_usuario,Grupo,Nome,Login,Senha,status FROM usuarios WHERE Login = 'gverde' AND Senha = '7110eda4d09e062aa5e4a390b0a572ac0d2c0220' AND status = 1; ]
2013-07-27 10:41:25 0.478 ::  Transaction [ Commit ]
2013-07-27 10:41:25 0.478 ::  Usuario Nao encontrado, Sessao encerrada.
