2013-04-02 17:18:21 0.453 ::  AUTOLOAD Class[ Log ] File [ Main/PHP/Log.class.php ]
2013-04-02 17:18:21 0.479 ::  AUTOLOAD Class[ ClientAndroid ] File [ Main/Modulos/ClientAndroid/ClientAndroid.class.php ]
2013-04-02 17:18:21 0.484 ::  AUTOLOAD Class[ Common ] File [ Main/PHP/Common.class.php ]
2013-04-02 17:18:21 0.488 ::  AUTOLOAD Class[ Repository ] File [ Main/PHP/Repository.class.php ]
2013-04-02 17:18:21 0.499 ::  AUTOLOAD Class[ Transaction ] File [ Main/PHP/Transaction.class.php ]
2013-04-02 17:18:21 0.501 ::  AUTOLOAD Class[ Connection ] File [ Main/PHP/Connection.class.php ]
2013-04-02 17:18:21 0.527 ::  Transaction [ Begin: mysql ]
2013-04-02 17:18:21 0.533 ::  Status[ OK ] Results[ 1 ] Query[ SELECT valor FROM `configuracao` WHERE parametro = 'chave_vendedores'; ]
2013-04-02 17:18:21 0.533 ::  Transaction [ Commit ]
2013-04-02 17:18:21 0.533 ::  Recuperando Parametro [ chave_vendedores ] Value [ 3 ].
2013-04-02 17:18:21 0.539 ::  AUTOLOAD Class[ Usuarios ] File [ Main/Modulos/Acesso/Usuarios.class.php ]
2013-04-02 17:18:21 0.539 ::  Class[Usuarios] Method[ getUsuarioByGrupo ]
2013-04-02 17:18:21 0.540 ::  Transaction [ Begin: mysql ]
2013-04-02 17:18:21 0.540 ::  Status[ OK ] Results[ 4 ] Query[ SELECT id_usuario, Grupo, Nome FROM usuarios WHERE Grupo = '3' AND status = 1 ]
2013-04-02 17:18:21 0.560 ::  Transaction [ Commit ]
2013-04-02 17:54:12 0.119 ::  AUTOLOAD Class[ Log ] File [ Main/PHP/Log.class.php ]
2013-04-02 17:54:12 0.119 ::  AUTOLOAD Class[ Common ] File [ Main/PHP/Common.class.php ]
2013-04-02 17:54:12 0.119 ::  Class[Common] Method[__construct]

Array __REQUEST
[classe] = "Common"
[action] = "verifica_servidor_mysql"
2013-04-02 17:54:12 0.121 ::  AUTOLOAD Class[ Repository ] File [ Main/PHP/Repository.class.php ]
2013-04-02 17:54:12 0.122 ::  AUTOLOAD Class[ Transaction ] File [ Main/PHP/Transaction.class.php ]
2013-04-02 17:54:12 0.122 ::  AUTOLOAD Class[ Connection ] File [ Main/PHP/Connection.class.php ]
2013-04-02 17:54:12 0.126 ::  Transaction [ Begin: mysql ]
2013-04-02 17:54:12 0.126 ::  Status[ OK ] Results[ 1 ] Query[ SELECT * FROM configuracao WHERE 1 LIMIT 1 ]
2013-04-02 17:54:12 0.127 ::  Transaction [ Commit ]
2013-04-02 17:54:12 0.127 ::  Teste Conexao Servidor Mysql [ TRUE ]
2013-04-02 17:54:12 0.536 ::  AUTOLOAD Class[ Log ] File [ Main/PHP/Log.class.php ]
2013-04-02 17:54:12 0.536 ::  AUTOLOAD Class[ Configuracoes ] File [ Main/PHP/Configuracoes.class.php ]
2013-04-02 17:54:12 0.537 ::  Class[ Configuracoes ] Method[ __construct ]

Array __REQUEST
[classe] = "Configuracoes"
[action] = "recupera_configuracoes"
2013-04-02 17:54:12 0.538 ::  AUTOLOAD Class[ Repository ] File [ Main/PHP/Repository.class.php ]
2013-04-02 17:54:12 0.538 ::  AUTOLOAD Class[ Transaction ] File [ Main/PHP/Transaction.class.php ]
2013-04-02 17:54:12 0.538 ::  AUTOLOAD Class[ Connection ] File [ Main/PHP/Connection.class.php ]
2013-04-02 17:54:12 0.539 ::  Transaction [ Begin: mysql ]
2013-04-02 17:54:12 0.540 ::  Status[ OK ] Results[ 13 ] Query[ SELECT * FROM configuracao ]
2013-04-02 17:54:12 0.540 ::  Transaction [ Commit ]
2013-04-02 17:54:32 0.602 ::  AUTOLOAD Class[ Log ] File [ Main/PHP/Log.class.php ]
2013-04-02 17:54:32 0.602 ::  AUTOLOAD Class[ ClientAndroid ] File [ Main/Modulos/ClientAndroid/ClientAndroid.class.php ]
2013-04-02 17:54:32 0.605 ::  AUTOLOAD Class[ Common ] File [ Main/PHP/Common.class.php ]
2013-04-02 17:54:32 0.607 ::  AUTOLOAD Class[ Repository ] File [ Main/PHP/Repository.class.php ]
2013-04-02 17:54:32 0.607 ::  AUTOLOAD Class[ Transaction ] File [ Main/PHP/Transaction.class.php ]
2013-04-02 17:54:32 0.608 ::  AUTOLOAD Class[ Connection ] File [ Main/PHP/Connection.class.php ]
2013-04-02 17:54:32 0.615 ::  Transaction [ Begin: mysql ]
2013-04-02 17:54:32 0.615 ::  Status[ OK ] Results[ 1 ] Query[ SELECT valor FROM `configuracao` WHERE parametro = 'chave_vendedores'; ]
2013-04-02 17:54:32 0.616 ::  Transaction [ Commit ]
2013-04-02 17:54:32 0.616 ::  Recuperando Parametro [ chave_vendedores ] Value [ 3 ].
2013-04-02 17:54:32 0.618 ::  AUTOLOAD Class[ Usuarios ] File [ Main/Modulos/Acesso/Usuarios.class.php ]
2013-04-02 17:54:32 0.618 ::  Class[Usuarios] Method[ getUsuarioByGrupo ]
2013-04-02 17:54:32 0.619 ::  Transaction [ Begin: mysql ]
2013-04-02 17:54:32 0.620 ::  Status[ OK ] Results[ 4 ] Query[ SELECT id_usuario, Grupo, Nome FROM usuarios WHERE Grupo = '3' AND status = 1 ]
2013-04-02 17:54:32 0.620 ::  Transaction [ Commit ]
2013-04-02 17:55:50 0.083 ::  AUTOLOAD Class[ Log ] File [ Main/PHP/Log.class.php ]
2013-04-02 17:55:50 0.083 ::  AUTOLOAD Class[ ClientAndroid ] File [ Main/Modulos/ClientAndroid/ClientAndroid.class.php ]
2013-04-02 17:55:50 0.084 ::  AUTOLOAD Class[ Common ] File [ Main/PHP/Common.class.php ]
2013-04-02 17:55:50 0.085 ::  AUTOLOAD Class[ Repository ] File [ Main/PHP/Repository.class.php ]
2013-04-02 17:55:50 0.086 ::  AUTOLOAD Class[ Transaction ] File [ Main/PHP/Transaction.class.php ]
2013-04-02 17:55:50 0.086 ::  AUTOLOAD Class[ Connection ] File [ Main/PHP/Connection.class.php ]
2013-04-02 17:55:50 0.089 ::  Transaction [ Begin: mysql ]
2013-04-02 17:55:50 0.090 ::  Status[ OK ] Results[ 1 ] Query[ SELECT valor FROM `configuracao` WHERE parametro = 'chave_vendedores'; ]
2013-04-02 17:55:50 0.090 ::  Transaction [ Commit ]
2013-04-02 17:55:50 0.091 ::  Recuperando Parametro [ chave_vendedores ] Value [ 3 ].
2013-04-02 17:55:50 0.092 ::  AUTOLOAD Class[ Usuarios ] File [ Main/Modulos/Acesso/Usuarios.class.php ]
2013-04-02 17:55:50 0.092 ::  Class[Usuarios] Method[ getUsuarioByGrupo ]
2013-04-02 17:55:50 0.093 ::  Transaction [ Begin: mysql ]
2013-04-02 17:55:50 0.093 ::  Status[ OK ] Results[ 4 ] Query[ SELECT id_usuario, Grupo, Nome FROM usuarios WHERE Grupo = '3' AND status = 1 ]
2013-04-02 17:55:50 0.094 ::  Transaction [ Commit ]
2013-04-02 18:14:06 0.078 ::  AUTOLOAD Class[ Log ] File [ Main/PHP/Log.class.php ]
2013-04-02 18:14:06 0.078 ::  AUTOLOAD Class[ ClientAndroid ] File [ Main/Modulos/ClientAndroid/ClientAndroid.class.php ]
2013-04-02 18:14:06 0.079 ::  AUTOLOAD Class[ Common ] File [ Main/PHP/Common.class.php ]
2013-04-02 18:14:06 0.081 ::  AUTOLOAD Class[ Repository ] File [ Main/PHP/Repository.class.php ]
2013-04-02 18:14:06 0.081 ::  AUTOLOAD Class[ Transaction ] File [ Main/PHP/Transaction.class.php ]
2013-04-02 18:14:06 0.082 ::  AUTOLOAD Class[ Connection ] File [ Main/PHP/Connection.class.php ]
2013-04-02 18:14:06 0.085 ::  Transaction [ Begin: mysql ]
2013-04-02 18:14:06 0.086 ::  Status[ OK ] Results[ 1 ] Query[ SELECT valor FROM `configuracao` WHERE parametro = 'chave_vendedores'; ]
2013-04-02 18:14:06 0.086 ::  Transaction [ Commit ]
2013-04-02 18:14:06 0.086 ::  Recuperando Parametro [ chave_vendedores ] Value [ 3 ].
2013-04-02 18:14:06 0.087 ::  AUTOLOAD Class[ Usuarios ] File [ Main/Modulos/Acesso/Usuarios.class.php ]
2013-04-02 18:14:06 0.088 ::  Class[Usuarios] Method[ getUsuarioByGrupo ]
2013-04-02 18:14:06 0.089 ::  Transaction [ Begin: mysql ]
2013-04-02 18:14:06 0.089 ::  Status[ OK ] Results[ 4 ] Query[ SELECT id_usuario, Grupo, Nome FROM usuarios WHERE Grupo = '3' AND status = 1 ]
2013-04-02 18:14:06 0.090 ::  Transaction [ Commit ]
2013-04-02 18:16:52 0.020 ::  AUTOLOAD Class[ Log ] File [ Main/PHP/Log.class.php ]
2013-04-02 18:16:52 0.021 ::  AUTOLOAD Class[ ClientAndroid ] File [ Main/Modulos/ClientAndroid/ClientAndroid.class.php ]
2013-04-02 18:16:52 0.022 ::  AUTOLOAD Class[ Common ] File [ Main/PHP/Common.class.php ]
2013-04-02 18:16:52 0.022 ::  AUTOLOAD Class[ Repository ] File [ Main/PHP/Repository.class.php ]
2013-04-02 18:16:52 0.023 ::  AUTOLOAD Class[ Transaction ] File [ Main/PHP/Transaction.class.php ]
2013-04-02 18:16:52 0.023 ::  AUTOLOAD Class[ Connection ] File [ Main/PHP/Connection.class.php ]
2013-04-02 18:16:52 0.025 ::  Transaction [ Begin: mysql ]
2013-04-02 18:16:52 0.026 ::  Status[ OK ] Results[ 1 ] Query[ SELECT valor FROM `configuracao` WHERE parametro = 'chave_vendedores'; ]
2013-04-02 18:16:52 0.026 ::  Transaction [ Commit ]
2013-04-02 18:16:52 0.026 ::  Recuperando Parametro [ chave_vendedores ] Value [ 3 ].
2013-04-02 18:16:52 0.027 ::  AUTOLOAD Class[ Usuarios ] File [ Main/Modulos/Acesso/Usuarios.class.php ]
2013-04-02 18:16:52 0.027 ::  Class[Usuarios] Method[ getUsuarioByGrupo ]
2013-04-02 18:16:52 0.028 ::  Transaction [ Begin: mysql ]
2013-04-02 18:16:52 0.028 ::  Status[ OK ] Results[ 4 ] Query[ SELECT id_usuario, Grupo, Nome FROM usuarios WHERE Grupo = '3' AND status = 1 ]
2013-04-02 18:16:52 0.028 ::  Transaction [ Commit ]
2013-04-02 18:20:33 0.069 ::  AUTOLOAD Class[ Log ] File [ Main/PHP/Log.class.php ]
2013-04-02 18:20:33 0.070 ::  AUTOLOAD Class[ ClientAndroid ] File [ Main/Modulos/ClientAndroid/ClientAndroid.class.php ]
2013-04-02 18:20:33 0.071 ::  AUTOLOAD Class[ Common ] File [ Main/PHP/Common.class.php ]
2013-04-02 18:20:33 0.072 ::  AUTOLOAD Class[ Repository ] File [ Main/PHP/Repository.class.php ]
2013-04-02 18:20:33 0.073 ::  AUTOLOAD Class[ Transaction ] File [ Main/PHP/Transaction.class.php ]
2013-04-02 18:20:33 0.075 ::  AUTOLOAD Class[ Connection ] File [ Main/PHP/Connection.class.php ]
2013-04-02 18:20:33 0.079 ::  Transaction [ Begin: mysql ]
2013-04-02 18:20:33 0.079 ::  Status[ OK ] Results[ 1 ] Query[ SELECT valor FROM `configuracao` WHERE parametro = 'chave_vendedores'; ]
2013-04-02 18:20:33 0.079 ::  Transaction [ Commit ]
2013-04-02 18:20:33 0.080 ::  Recuperando Parametro [ chave_vendedores ] Value [ 3 ].
2013-04-02 18:20:33 0.081 ::  AUTOLOAD Class[ Usuarios ] File [ Main/Modulos/Acesso/Usuarios.class.php ]
2013-04-02 18:20:33 0.081 ::  Class[Usuarios] Method[ getUsuarioByGrupo ]
2013-04-02 18:20:33 0.082 ::  Transaction [ Begin: mysql ]
2013-04-02 18:20:33 0.082 ::  Status[ OK ] Results[ 4 ] Query[ SELECT id_usuario, Grupo, Nome FROM usuarios WHERE Grupo = '3' AND status = 1 ]
2013-04-02 18:20:33 0.082 ::  Transaction [ Commit ]
2013-04-02 18:21:30 0.812 ::  AUTOLOAD Class[ Log ] File [ Main/PHP/Log.class.php ]
2013-04-02 18:21:30 0.813 ::  AUTOLOAD Class[ ClientAndroid ] File [ Main/Modulos/ClientAndroid/ClientAndroid.class.php ]
2013-04-02 18:21:30 0.814 ::  AUTOLOAD Class[ Common ] File [ Main/PHP/Common.class.php ]
2013-04-02 18:21:30 0.815 ::  AUTOLOAD Class[ Repository ] File [ Main/PHP/Repository.class.php ]
2013-04-02 18:21:30 0.816 ::  AUTOLOAD Class[ Transaction ] File [ Main/PHP/Transaction.class.php ]
2013-04-02 18:21:30 0.816 ::  AUTOLOAD Class[ Connection ] File [ Main/PHP/Connection.class.php ]
2013-04-02 18:21:30 0.819 ::  Transaction [ Begin: mysql ]
2013-04-02 18:21:30 0.820 ::  Status[ OK ] Results[ 1 ] Query[ SELECT valor FROM `configuracao` WHERE parametro = 'chave_vendedores'; ]
2013-04-02 18:21:30 0.820 ::  Transaction [ Commit ]
2013-04-02 18:21:30 0.820 ::  Recuperando Parametro [ chave_vendedores ] Value [ 3 ].
2013-04-02 18:21:30 0.822 ::  AUTOLOAD Class[ Usuarios ] File [ Main/Modulos/Acesso/Usuarios.class.php ]
2013-04-02 18:21:30 0.822 ::  Class[Usuarios] Method[ getUsuarioByGrupo ]
2013-04-02 18:21:30 0.823 ::  Transaction [ Begin: mysql ]
2013-04-02 18:21:30 0.823 ::  Status[ OK ] Results[ 4 ] Query[ SELECT id_usuario, Grupo, Nome FROM usuarios WHERE Grupo = '3' AND status = 1 ]
2013-04-02 18:21:30 0.823 ::  Transaction [ Commit ]
2013-04-02 18:21:30 0.895 ::  AUTOLOAD Class[ Log ] File [ Main/PHP/Log.class.php ]
2013-04-02 18:21:30 0.895 ::  AUTOLOAD Class[ ClientAndroid ] File [ Main/Modulos/ClientAndroid/ClientAndroid.class.php ]
2013-04-02 18:21:30 0.897 ::  AUTOLOAD Class[ Common ] File [ Main/PHP/Common.class.php ]
2013-04-02 18:21:30 0.898 ::  AUTOLOAD Class[ Repository ] File [ Main/PHP/Repository.class.php ]
2013-04-02 18:21:30 0.898 ::  AUTOLOAD Class[ Transaction ] File [ Main/PHP/Transaction.class.php ]
2013-04-02 18:21:30 0.899 ::  AUTOLOAD Class[ Connection ] File [ Main/PHP/Connection.class.php ]
2013-04-02 18:21:30 0.902 ::  Transaction [ Begin: mysql ]
2013-04-02 18:21:30 0.903 ::  Status[ OK ] Results[ 1 ] Query[ SELECT valor FROM `configuracao` WHERE parametro = 'chave_vendedores'; ]
2013-04-02 18:21:30 0.903 ::  Transaction [ Commit ]
2013-04-02 18:21:30 0.903 ::  Recuperando Parametro [ chave_vendedores ] Value [ 3 ].
2013-04-02 18:21:30 0.904 ::  AUTOLOAD Class[ Usuarios ] File [ Main/Modulos/Acesso/Usuarios.class.php ]
2013-04-02 18:21:30 0.904 ::  Class[Usuarios] Method[ getUsuarioByGrupo ]
2013-04-02 18:21:30 0.904 ::  Transaction [ Begin: mysql ]
2013-04-02 18:21:30 0.905 ::  Status[ OK ] Results[ 4 ] Query[ SELECT id_usuario, Grupo, Nome FROM usuarios WHERE Grupo = '3' AND status = 1 ]
2013-04-02 18:21:30 0.905 ::  Transaction [ Commit ]
2013-04-02 18:21:37 0.665 ::  AUTOLOAD Class[ Log ] File [ Main/PHP/Log.class.php ]
2013-04-02 18:21:37 0.665 ::  AUTOLOAD Class[ ClientAndroid ] File [ Main/Modulos/ClientAndroid/ClientAndroid.class.php ]
2013-04-02 18:21:37 0.666 ::  AUTOLOAD Class[ Common ] File [ Main/PHP/Common.class.php ]
2013-04-02 18:21:37 0.667 ::  AUTOLOAD Class[ Repository ] File [ Main/PHP/Repository.class.php ]
2013-04-02 18:21:37 0.668 ::  AUTOLOAD Class[ Transaction ] File [ Main/PHP/Transaction.class.php ]
2013-04-02 18:21:37 0.668 ::  AUTOLOAD Class[ Connection ] File [ Main/PHP/Connection.class.php ]
2013-04-02 18:21:37 0.674 ::  Transaction [ Begin: mysql ]
2013-04-02 18:21:37 0.675 ::  Status[ OK ] Results[ 1 ] Query[ SELECT valor FROM `configuracao` WHERE parametro = 'chave_vendedores'; ]
2013-04-02 18:21:37 0.675 ::  Transaction [ Commit ]
2013-04-02 18:21:37 0.675 ::  Recuperando Parametro [ chave_vendedores ] Value [ 3 ].
2013-04-02 18:21:37 0.676 ::  AUTOLOAD Class[ Usuarios ] File [ Main/Modulos/Acesso/Usuarios.class.php ]
2013-04-02 18:21:37 0.677 ::  Class[Usuarios] Method[ getUsuarioByGrupo ]
2013-04-02 18:21:37 0.678 ::  Transaction [ Begin: mysql ]
2013-04-02 18:21:37 0.679 ::  Status[ OK ] Results[ 4 ] Query[ SELECT id_usuario, Grupo, Nome FROM usuarios WHERE Grupo = '3' AND status = 1 ]
2013-04-02 18:21:37 0.679 ::  Transaction [ Commit ]
2013-04-02 18:22:40 0.377 ::  AUTOLOAD Class[ Log ] File [ Main/PHP/Log.class.php ]
2013-04-02 18:22:40 0.377 ::  AUTOLOAD Class[ ClientAndroid ] File [ Main/Modulos/ClientAndroid/ClientAndroid.class.php ]
2013-04-02 18:22:40 0.379 ::  AUTOLOAD Class[ Common ] File [ Main/PHP/Common.class.php ]
2013-04-02 18:22:40 0.381 ::  AUTOLOAD Class[ Repository ] File [ Main/PHP/Repository.class.php ]
2013-04-02 18:22:40 0.381 ::  AUTOLOAD Class[ Transaction ] File [ Main/PHP/Transaction.class.php ]
2013-04-02 18:22:40 0.382 ::  AUTOLOAD Class[ Connection ] File [ Main/PHP/Connection.class.php ]
2013-04-02 18:22:40 0.386 ::  Transaction [ Begin: mysql ]
2013-04-02 18:22:40 0.387 ::  Status[ OK ] Results[ 1 ] Query[ SELECT valor FROM `configuracao` WHERE parametro = 'chave_vendedores'; ]
2013-04-02 18:22:40 0.388 ::  Transaction [ Commit ]
2013-04-02 18:22:40 0.388 ::  Recuperando Parametro [ chave_vendedores ] Value [ 3 ].
2013-04-02 18:22:40 0.389 ::  AUTOLOAD Class[ Usuarios ] File [ Main/Modulos/Acesso/Usuarios.class.php ]
2013-04-02 18:22:40 0.390 ::  Class[Usuarios] Method[ getUsuarioByGrupo ]
2013-04-02 18:22:40 0.391 ::  Transaction [ Begin: mysql ]
2013-04-02 18:22:40 0.391 ::  Status[ OK ] Results[ 4 ] Query[ SELECT id_usuario, Grupo, Nome FROM usuarios WHERE Grupo = '3' AND status = 1 ]
2013-04-02 18:22:40 0.391 ::  Transaction [ Commit ]
2013-04-02 18:23:28 0.295 ::  AUTOLOAD Class[ Log ] File [ Main/PHP/Log.class.php ]
2013-04-02 18:23:28 0.296 ::  AUTOLOAD Class[ ClientAndroid ] File [ Main/Modulos/ClientAndroid/ClientAndroid.class.php ]
2013-04-02 18:23:28 0.298 ::  AUTOLOAD Class[ Common ] File [ Main/PHP/Common.class.php ]
2013-04-02 18:23:28 0.299 ::  AUTOLOAD Class[ Repository ] File [ Main/PHP/Repository.class.php ]
2013-04-02 18:23:28 0.300 ::  AUTOLOAD Class[ Transaction ] File [ Main/PHP/Transaction.class.php ]
2013-04-02 18:23:28 0.300 ::  AUTOLOAD Class[ Connection ] File [ Main/PHP/Connection.class.php ]
2013-04-02 18:23:28 0.301 ::  Transaction [ Begin: mysql ]
2013-04-02 18:23:28 0.302 ::  Status[ OK ] Results[ 1 ] Query[ SELECT valor FROM `configuracao` WHERE parametro = 'chave_vendedores'; ]
2013-04-02 18:23:28 0.302 ::  Transaction [ Commit ]
2013-04-02 18:23:28 0.303 ::  Recuperando Parametro [ chave_vendedores ] Value [ 3 ].
2013-04-02 18:23:28 0.304 ::  AUTOLOAD Class[ Usuarios ] File [ Main/Modulos/Acesso/Usuarios.class.php ]
2013-04-02 18:23:28 0.304 ::  Class[Usuarios] Method[ getUsuarioByGrupo ]
2013-04-02 18:23:28 0.307 ::  Transaction [ Begin: mysql ]
2013-04-02 18:23:28 0.309 ::  Status[ OK ] Results[ 4 ] Query[ SELECT id_usuario, Grupo, Nome FROM usuarios WHERE Grupo = '3' AND status = 1 ]
2013-04-02 18:23:28 0.309 ::  Transaction [ Commit ]
2013-04-02 18:23:57 0.176 ::  AUTOLOAD Class[ Log ] File [ Main/PHP/Log.class.php ]
2013-04-02 18:23:57 0.176 ::  AUTOLOAD Class[ ClientAndroid ] File [ Main/Modulos/ClientAndroid/ClientAndroid.class.php ]
2013-04-02 18:23:57 0.178 ::  AUTOLOAD Class[ Common ] File [ Main/PHP/Common.class.php ]
2013-04-02 18:23:57 0.180 ::  AUTOLOAD Class[ Repository ] File [ Main/PHP/Repository.class.php ]
2013-04-02 18:23:57 0.180 ::  AUTOLOAD Class[ Transaction ] File [ Main/PHP/Transaction.class.php ]
2013-04-02 18:23:57 0.181 ::  AUTOLOAD Class[ Connection ] File [ Main/PHP/Connection.class.php ]
2013-04-02 18:23:57 0.182 ::  Transaction [ Begin: mysql ]
2013-04-02 18:23:57 0.183 ::  Status[ OK ] Results[ 1 ] Query[ SELECT valor FROM `configuracao` WHERE parametro = 'chave_vendedores'; ]
2013-04-02 18:23:57 0.183 ::  Transaction [ Commit ]
2013-04-02 18:23:57 0.183 ::  Recuperando Parametro [ chave_vendedores ] Value [ 3 ].
2013-04-02 18:23:57 0.185 ::  AUTOLOAD Class[ Usuarios ] File [ Main/Modulos/Acesso/Usuarios.class.php ]
2013-04-02 18:23:57 0.185 ::  Class[Usuarios] Method[ getUsuarioByGrupo ]
2013-04-02 18:23:57 0.186 ::  Transaction [ Begin: mysql ]
2013-04-02 18:23:57 0.188 ::  Status[ OK ] Results[ 4 ] Query[ SELECT id_usuario, Grupo, Nome FROM usuarios WHERE Grupo = '3' AND status = 1 ]
2013-04-02 18:23:57 0.188 ::  Transaction [ Commit ]
2013-04-02 18:25:38 0.615 ::  AUTOLOAD Class[ Log ] File [ Main/PHP/Log.class.php ]
2013-04-02 18:25:38 0.615 ::  AUTOLOAD Class[ ClientAndroid ] File [ Main/Modulos/ClientAndroid/ClientAndroid.class.php ]
2013-04-02 18:25:38 0.616 ::  AUTOLOAD Class[ Common ] File [ Main/PHP/Common.class.php ]
2013-04-02 18:25:38 0.617 ::  AUTOLOAD Class[ Repository ] File [ Main/PHP/Repository.class.php ]
2013-04-02 18:25:38 0.618 ::  AUTOLOAD Class[ Transaction ] File [ Main/PHP/Transaction.class.php ]
2013-04-02 18:25:38 0.618 ::  AUTOLOAD Class[ Connection ] File [ Main/PHP/Connection.class.php ]
2013-04-02 18:25:38 0.619 ::  Transaction [ Begin: mysql ]
2013-04-02 18:25:38 0.619 ::  Status[ OK ] Results[ 1 ] Query[ SELECT valor FROM `configuracao` WHERE parametro = 'chave_vendedores'; ]
2013-04-02 18:25:38 0.619 ::  Transaction [ Commit ]
2013-04-02 18:25:38 0.619 ::  Recuperando Parametro [ chave_vendedores ] Value [ 3 ].
2013-04-02 18:25:38 0.620 ::  AUTOLOAD Class[ Usuarios ] File [ Main/Modulos/Acesso/Usuarios.class.php ]
2013-04-02 18:25:38 0.620 ::  Class[Usuarios] Method[ getUsuarioByGrupo ]
2013-04-02 18:25:38 0.621 ::  Transaction [ Begin: mysql ]
2013-04-02 18:25:38 0.622 ::  Status[ OK ] Results[ 4 ] Query[ SELECT id_usuario, Grupo, Nome FROM usuarios WHERE Grupo = '3' AND status = 1 ]
2013-04-02 18:25:38 0.622 ::  Transaction [ Commit ]
2013-04-02 18:54:52 0.267 ::  AUTOLOAD Class[ Log ] File [ Main/PHP/Log.class.php ]
2013-04-02 18:54:52 0.267 ::  AUTOLOAD Class[ ClientAndroid ] File [ Main/Modulos/ClientAndroid/ClientAndroid.class.php ]
2013-04-02 18:54:52 0.268 ::  AUTOLOAD Class[ Common ] File [ Main/PHP/Common.class.php ]
2013-04-02 18:54:52 0.269 ::  AUTOLOAD Class[ Repository ] File [ Main/PHP/Repository.class.php ]
2013-04-02 18:54:52 0.270 ::  AUTOLOAD Class[ Transaction ] File [ Main/PHP/Transaction.class.php ]
2013-04-02 18:54:52 0.270 ::  AUTOLOAD Class[ Connection ] File [ Main/PHP/Connection.class.php ]
2013-04-02 18:54:52 0.271 ::  Transaction [ Begin: mysql ]
2013-04-02 18:54:52 0.272 ::  Status[ OK ] Results[ 1 ] Query[ SELECT valor FROM `configuracao` WHERE parametro = 'chave_vendedores'; ]
2013-04-02 18:54:52 0.272 ::  Transaction [ Commit ]
2013-04-02 18:54:52 0.272 ::  Recuperando Parametro [ chave_vendedores ] Value [ 3 ].
2013-04-02 18:54:52 0.274 ::  AUTOLOAD Class[ Usuarios ] File [ Main/Modulos/Acesso/Usuarios.class.php ]
2013-04-02 18:54:52 0.274 ::  Class[Usuarios] Method[ getUsuarioByGrupo ]
2013-04-02 18:54:52 0.275 ::  Transaction [ Begin: mysql ]
2013-04-02 18:54:52 0.276 ::  Status[ OK ] Results[ 4 ] Query[ SELECT id_usuario, Grupo, Nome FROM usuarios WHERE Grupo = '3' AND status = 1 ]
2013-04-02 18:54:52 0.276 ::  Transaction [ Commit ]
2013-04-02 18:58:21 0.997 ::  AUTOLOAD Class[ Log ] File [ Main/PHP/Log.class.php ]
2013-04-02 18:58:21 0.997 ::  AUTOLOAD Class[ ClientAndroid ] File [ Main/Modulos/ClientAndroid/ClientAndroid.class.php ]
2013-04-02 18:58:21 0.999 ::  AUTOLOAD Class[ Common ] File [ Main/PHP/Common.class.php ]
2013-04-02 18:58:21 0.001 ::  AUTOLOAD Class[ Repository ] File [ Main/PHP/Repository.class.php ]
2013-04-02 18:58:21 0.002 ::  AUTOLOAD Class[ Transaction ] File [ Main/PHP/Transaction.class.php ]
2013-04-02 18:58:21 0.003 ::  AUTOLOAD Class[ Connection ] File [ Main/PHP/Connection.class.php ]
2013-04-02 18:58:21 0.007 ::  Transaction [ Begin: mysql ]
2013-04-02 18:58:21 0.007 ::  Status[ OK ] Results[ 1 ] Query[ SELECT valor FROM `configuracao` WHERE parametro = 'chave_vendedores'; ]
2013-04-02 18:58:21 0.008 ::  Transaction [ Commit ]
2013-04-02 18:58:21 0.008 ::  Recuperando Parametro [ chave_vendedores ] Value [ 3 ].
2013-04-02 18:58:21 0.009 ::  AUTOLOAD Class[ Usuarios ] File [ Main/Modulos/Acesso/Usuarios.class.php ]
2013-04-02 18:58:21 0.009 ::  Class[Usuarios] Method[ getUsuarioByGrupo ]
2013-04-02 18:58:21 0.010 ::  Transaction [ Begin: mysql ]
2013-04-02 18:58:21 0.011 ::  Status[ OK ] Results[ 4 ] Query[ SELECT id_usuario, Grupo, Nome FROM usuarios WHERE Grupo = '3' AND status = 1 ]
2013-04-02 18:58:21 0.011 ::  Transaction [ Commit ]
2013-04-02 20:45:56 0.248 ::  AUTOLOAD Class[ Log ] File [ Main/PHP/Log.class.php ]
2013-04-02 20:45:56 0.249 ::  AUTOLOAD Class[ ClientAndroid ] File [ Main/Modulos/ClientAndroid/ClientAndroid.class.php ]
2013-04-02 20:45:56 0.250 ::  AUTOLOAD Class[ Catalogos ] File [ Main/Modulos/Produtos/Catalogos.class.php ]
2013-04-02 20:45:56 0.251 ::  Class[ Catalogos ] Method[ getCatalogoAtual ]
2013-04-02 20:45:56 0.252 ::  AUTOLOAD Class[ Repository ] File [ Main/PHP/Repository.class.php ]
2013-04-02 20:45:56 0.252 ::  Repository [ Paginacao: 0 ]
2013-04-02 20:45:56 0.252 ::  AUTOLOAD Class[ Transaction ] File [ Main/PHP/Transaction.class.php ]
2013-04-02 20:45:56 0.253 ::  AUTOLOAD Class[ Connection ] File [ Main/PHP/Connection.class.php ]
2013-04-02 20:45:56 0.255 ::  Transaction [ Begin: mysql ]
2013-04-02 20:45:56 0.313 ::  Status[ OK ] Results[ 1 ] Query[ SELECT pk_catalogo, dt_inclusao FROM tb_catalogos ORDER BY dt_inclusao DESC LIMIT 1 ]
2013-04-02 20:45:56 0.313 ::  Transaction [ Commit ]
2013-04-02 20:45:56 0.313 ::  Catalogo Mais Atual. pk_catalogo[ 200 ]
2013-04-02 20:45:56 0.313 ::  Class[ Catalogos ] Method[ getProdutosCompletoInCatalogoById ]
2013-04-02 20:45:56 0.314 ::  Class[ Catalogos ] Method[ getCatalogoById ]
2013-04-02 20:45:56 0.315 ::  Transaction [ Begin: mysql ]
2013-04-02 20:45:56 0.315 ::  Status[ OK ] Results[ 1 ] Query[ SELECT * FROM tb_catalogos WHERE pk_catalogo = 200 ]
2013-04-02 20:45:56 0.316 ::  Transaction [ Commit ]
2013-04-02 20:45:56 0.317 ::  Transaction [ Begin: mysql ]
2013-04-02 20:45:56 0.476 ::  Status[ OK ] Results[ 1475 ] Query[ SELECT
                        COUNT(*) as total_count
                    FROM
                        tb_produtos a
                            INNER JOIN
                        tb_produtos_estoque b ON a.pk_id_produto = b.fk_id_produto
                            INNER JOIN
                        tb_produtos_preco c ON a.pk_id_produto = c.fk_id_produto WHERE b.quantidade > 30 AND c.preco > 0 ]
2013-04-02 20:45:56 0.477 ::  Transaction [ Commit ]
2013-04-02 20:45:56 0.478 ::  Transaction [ Begin: mysql ]
2013-04-02 20:45:56 0.672 ::  Status[ OK ] Results[ 1475 ] Query[ SELECT
                    a.pk_id_produto,
                    a.pk_id_produto as codigo,
                    a.descricao_curta,
                    a.descricao_longa,
                    b.quantidade,
                    c.preco
                FROM
                    tb_produtos a
                        INNER JOIN
                    tb_produtos_estoque b ON a.pk_id_produto = b.fk_id_produto
                        INNER JOIN
                    tb_produtos_preco c ON a.pk_id_produto = c.fk_id_produto  WHERE b.quantidade > 30 AND c.preco > 0 ]
2013-04-02 20:45:56 0.672 ::  Transaction [ Commit ]
