2013-04-27 11:54:00 0.768 ::  AUTOLOAD Class[ Log ] File [ Main/PHP/Log.class.php ]
2013-04-27 11:54:00 0.769 ::  AUTOLOAD Class[ ClientAndroid ] File [ Main/Modulos/ClientAndroid/ClientAndroid.class.php ]
2013-04-27 11:54:00 0.780 ::  AUTOLOAD Class[ Catalogos ] File [ Main/Modulos/Produtos/Catalogos.class.php ]
2013-04-27 11:54:00 0.781 ::  Class[ Catalogos ] Method[ getCatalogoAtual ]
2013-04-27 11:54:00 0.782 ::  AUTOLOAD Class[ Repository ] File [ Main/PHP/Repository.class.php ]
2013-04-27 11:54:00 0.783 ::  Repository [ Paginacao: 0 ]
2013-04-27 11:54:00 0.793 ::  AUTOLOAD Class[ Transaction ] File [ Main/PHP/Transaction.class.php ]
2013-04-27 11:54:00 0.794 ::  AUTOLOAD Class[ Connection ] File [ Main/PHP/Connection.class.php ]
2013-04-27 11:54:00 0.820 ::  Transaction [ Begin: mysql ]
2013-04-27 11:54:00 0.828 ::  Status[ OK ] Results[ 1 ] Query[ SELECT pk_catalogo, dt_inclusao FROM tb_catalogos ORDER BY dt_inclusao DESC LIMIT 1 ]
2013-04-27 11:54:00 0.828 ::  Transaction [ Commit ]
2013-04-27 11:54:00 0.828 ::  Catalogo Mais Atual. pk_catalogo[ 200 ]
2013-04-27 11:54:00 0.828 ::  Class[ Catalogos ] Method[ getProdutosCompletoInCatalogoById ]
2013-04-27 11:54:00 0.828 ::  Class[ Catalogos ] Method[ getCatalogoById ]
2013-04-27 11:54:00 0.829 ::  Transaction [ Begin: mysql ]
2013-04-27 11:54:00 0.830 ::  Status[ OK ] Results[ 1 ] Query[ SELECT * FROM tb_catalogos WHERE pk_catalogo = 200 ]
2013-04-27 11:54:00 0.830 ::  Transaction [ Commit ]
2013-04-27 11:54:00 0.831 ::  Transaction [ Begin: mysql ]
2013-04-27 11:54:00 0.948 ::  Status[ OK ] Results[ 1475 ] Query[ SELECT
                        COUNT(*) as total_count
                    FROM
                        tb_produtos a
                            INNER JOIN
                        tb_produtos_estoque b ON a.pk_id_produto = b.fk_id_produto
                            INNER JOIN
                        tb_produtos_preco c ON a.pk_id_produto = c.fk_id_produto WHERE b.quantidade > 30 AND c.preco > 0 ]
2013-04-27 11:54:00 0.949 ::  Transaction [ Commit ]
2013-04-27 11:54:00 0.949 ::  Transaction [ Begin: mysql ]
2013-04-27 11:54:01 0.108 ::  Status[ OK ] Results[ 1475 ] Query[ SELECT
                    a.pk_id_produto,
                    a.pk_id_produto as codigo,
                    a.fk_id_categoria,
                    a.descricao_curta,
                    a.descricao_longa,
                    b.quantidade,
                    c.preco
                FROM
                    tb_produtos a
                        INNER JOIN
                    tb_produtos_estoque b ON a.pk_id_produto = b.fk_id_produto
                        INNER JOIN
                    tb_produtos_preco c ON a.pk_id_produto = c.fk_id_produto  WHERE b.quantidade > 30 AND c.preco > 0 ]
2013-04-27 11:54:01 0.109 ::  Transaction [ Commit ]
2013-04-27 12:02:15 0.103 ::  AUTOLOAD Class[ Log ] File [ Main/PHP/Log.class.php ]
2013-04-27 12:02:15 0.103 ::  AUTOLOAD Class[ ClientAndroid ] File [ Main/Modulos/ClientAndroid/ClientAndroid.class.php ]
2013-04-27 12:02:15 0.105 ::  AUTOLOAD Class[ Catalogos ] File [ Main/Modulos/Produtos/Catalogos.class.php ]
2013-04-27 12:02:15 0.105 ::  Class[ Catalogos ] Method[ getCatalogoAtual ]
2013-04-27 12:02:15 0.106 ::  AUTOLOAD Class[ Repository ] File [ Main/PHP/Repository.class.php ]
2013-04-27 12:02:15 0.107 ::  Repository [ Paginacao: 0 ]
2013-04-27 12:02:15 0.107 ::  AUTOLOAD Class[ Transaction ] File [ Main/PHP/Transaction.class.php ]
2013-04-27 12:02:15 0.108 ::  AUTOLOAD Class[ Connection ] File [ Main/PHP/Connection.class.php ]
2013-04-27 12:02:15 0.111 ::  Transaction [ Begin: mysql ]
2013-04-27 12:02:15 0.111 ::  Status[ OK ] Results[ 1 ] Query[ SELECT pk_catalogo, dt_inclusao FROM tb_catalogos ORDER BY dt_inclusao DESC LIMIT 1 ]
2013-04-27 12:02:15 0.112 ::  Transaction [ Commit ]
2013-04-27 12:02:15 0.112 ::  Catalogo Mais Atual. pk_catalogo[ 200 ]
2013-04-27 12:02:44 0.828 ::  AUTOLOAD Class[ Log ] File [ Main/PHP/Log.class.php ]
2013-04-27 12:02:44 0.829 ::  AUTOLOAD Class[ ClientAndroid ] File [ Main/Modulos/ClientAndroid/ClientAndroid.class.php ]
2013-04-27 12:02:44 0.830 ::  AUTOLOAD Class[ Catalogos ] File [ Main/Modulos/Produtos/Catalogos.class.php ]
2013-04-27 12:02:44 0.830 ::  Class[ Catalogos ] Method[ getCatalogoAtual ]
2013-04-27 12:02:44 0.831 ::  AUTOLOAD Class[ Repository ] File [ Main/PHP/Repository.class.php ]
2013-04-27 12:02:44 0.831 ::  Repository [ Paginacao: 0 ]
2013-04-27 12:02:44 0.832 ::  AUTOLOAD Class[ Transaction ] File [ Main/PHP/Transaction.class.php ]
2013-04-27 12:02:44 0.832 ::  AUTOLOAD Class[ Connection ] File [ Main/PHP/Connection.class.php ]
2013-04-27 12:02:44 0.834 ::  Transaction [ Begin: mysql ]
2013-04-27 12:02:44 0.835 ::  Status[ OK ] Results[ 1 ] Query[ SELECT pk_catalogo, dt_inclusao FROM tb_catalogos ORDER BY dt_inclusao DESC LIMIT 1 ]
2013-04-27 12:02:44 0.835 ::  Transaction [ Commit ]
2013-04-27 12:02:44 0.835 ::  Catalogo Mais Atual. pk_catalogo[ 200 ]
2013-04-27 12:03:42 0.288 ::  AUTOLOAD Class[ Log ] File [ Main/PHP/Log.class.php ]
2013-04-27 12:03:42 0.288 ::  AUTOLOAD Class[ ClientAndroid ] File [ Main/Modulos/ClientAndroid/ClientAndroid.class.php ]
2013-04-27 12:03:42 0.291 ::  AUTOLOAD Class[ Catalogos ] File [ Main/Modulos/Produtos/Catalogos.class.php ]
2013-04-27 12:03:42 0.291 ::  Class[ Catalogos ] Method[ getCatalogoAtual ]
2013-04-27 12:03:42 0.293 ::  AUTOLOAD Class[ Repository ] File [ Main/PHP/Repository.class.php ]
2013-04-27 12:03:42 0.293 ::  Repository [ Paginacao: 0 ]
2013-04-27 12:03:42 0.293 ::  AUTOLOAD Class[ Transaction ] File [ Main/PHP/Transaction.class.php ]
2013-04-27 12:03:42 0.294 ::  AUTOLOAD Class[ Connection ] File [ Main/PHP/Connection.class.php ]
2013-04-27 12:03:42 0.297 ::  Transaction [ Begin: mysql ]
2013-04-27 12:03:42 0.297 ::  Status[ OK ] Results[ 1 ] Query[ SELECT pk_catalogo, dt_inclusao FROM tb_catalogos ORDER BY dt_inclusao DESC LIMIT 1 ]
2013-04-27 12:03:42 0.298 ::  Transaction [ Commit ]
2013-04-27 12:03:42 0.298 ::  Catalogo Mais Atual. pk_catalogo[ 200 ]
2013-04-27 12:04:14 0.418 ::  AUTOLOAD Class[ Log ] File [ Main/PHP/Log.class.php ]
2013-04-27 12:04:14 0.418 ::  AUTOLOAD Class[ ClientAndroid ] File [ Main/Modulos/ClientAndroid/ClientAndroid.class.php ]
2013-04-27 12:04:14 0.420 ::  AUTOLOAD Class[ Catalogos ] File [ Main/Modulos/Produtos/Catalogos.class.php ]
2013-04-27 12:04:14 0.420 ::  Class[ Catalogos ] Method[ getCatalogoAtual ]
2013-04-27 12:04:14 0.422 ::  AUTOLOAD Class[ Repository ] File [ Main/PHP/Repository.class.php ]
2013-04-27 12:04:14 0.423 ::  Repository [ Paginacao: 0 ]
2013-04-27 12:04:14 0.423 ::  AUTOLOAD Class[ Transaction ] File [ Main/PHP/Transaction.class.php ]
2013-04-27 12:04:14 0.423 ::  AUTOLOAD Class[ Connection ] File [ Main/PHP/Connection.class.php ]
2013-04-27 12:04:14 0.428 ::  Transaction [ Begin: mysql ]
2013-04-27 12:04:14 0.428 ::  Status[ OK ] Results[ 1 ] Query[ SELECT pk_catalogo, dt_inclusao FROM tb_catalogos ORDER BY dt_inclusao DESC LIMIT 1 ]
2013-04-27 12:04:14 0.429 ::  Transaction [ Commit ]
2013-04-27 12:04:14 0.429 ::  Catalogo Mais Atual. pk_catalogo[ 200 ]
2013-04-27 12:06:01 0.752 ::  AUTOLOAD Class[ Log ] File [ Main/PHP/Log.class.php ]
2013-04-27 12:06:01 0.752 ::  AUTOLOAD Class[ ClientAndroid ] File [ Main/Modulos/ClientAndroid/ClientAndroid.class.php ]
2013-04-27 12:06:01 0.754 ::  AUTOLOAD Class[ Catalogos ] File [ Main/Modulos/Produtos/Catalogos.class.php ]
2013-04-27 12:06:01 0.754 ::  Class[ Catalogos ] Method[ getCatalogoAtual ]
2013-04-27 12:06:01 0.755 ::  AUTOLOAD Class[ Repository ] File [ Main/PHP/Repository.class.php ]
2013-04-27 12:06:01 0.756 ::  Repository [ Paginacao: 0 ]
2013-04-27 12:06:01 0.756 ::  AUTOLOAD Class[ Transaction ] File [ Main/PHP/Transaction.class.php ]
2013-04-27 12:06:01 0.756 ::  AUTOLOAD Class[ Connection ] File [ Main/PHP/Connection.class.php ]
2013-04-27 12:06:01 0.760 ::  Transaction [ Begin: mysql ]
2013-04-27 12:06:01 0.761 ::  Status[ OK ] Results[ 1 ] Query[ SELECT pk_catalogo, dt_inclusao FROM tb_catalogos ORDER BY dt_inclusao DESC LIMIT 1 ]
2013-04-27 12:06:01 0.761 ::  Transaction [ Commit ]
2013-04-27 12:06:01 0.761 ::  Catalogo Mais Atual. pk_catalogo[ 200 ]
2013-04-27 12:07:47 0.431 ::  AUTOLOAD Class[ Log ] File [ Main/PHP/Log.class.php ]
2013-04-27 12:07:47 0.431 ::  AUTOLOAD Class[ ClientAndroid ] File [ Main/Modulos/ClientAndroid/ClientAndroid.class.php ]
2013-04-27 12:07:47 0.432 ::  AUTOLOAD Class[ Catalogos ] File [ Main/Modulos/Produtos/Catalogos.class.php ]
2013-04-27 12:07:47 0.432 ::  Class[ Catalogos ] Method[ getCatalogoAtual ]
2013-04-27 12:07:47 0.433 ::  AUTOLOAD Class[ Repository ] File [ Main/PHP/Repository.class.php ]
2013-04-27 12:07:47 0.433 ::  Repository [ Paginacao: 0 ]
2013-04-27 12:07:47 0.433 ::  AUTOLOAD Class[ Transaction ] File [ Main/PHP/Transaction.class.php ]
2013-04-27 12:07:47 0.434 ::  AUTOLOAD Class[ Connection ] File [ Main/PHP/Connection.class.php ]
2013-04-27 12:07:47 0.434 ::  Transaction [ Begin: mysql ]
2013-04-27 12:07:47 0.435 ::  Status[ OK ] Results[ 1 ] Query[ SELECT pk_catalogo, dt_inclusao FROM tb_catalogos ORDER BY dt_inclusao DESC LIMIT 1 ]
2013-04-27 12:07:47 0.436 ::  Transaction [ Commit ]
2013-04-27 12:07:47 0.436 ::  Catalogo Mais Atual. pk_catalogo[ 200 ]
2013-04-27 12:09:36 0.521 ::  AUTOLOAD Class[ Log ] File [ Main/PHP/Log.class.php ]
2013-04-27 12:09:36 0.521 ::  AUTOLOAD Class[ ClientAndroid ] File [ Main/Modulos/ClientAndroid/ClientAndroid.class.php ]
2013-04-27 12:09:36 0.523 ::  AUTOLOAD Class[ Catalogos ] File [ Main/Modulos/Produtos/Catalogos.class.php ]
2013-04-27 12:09:36 0.523 ::  Class[ Catalogos ] Method[ getCatalogoAtual ]
2013-04-27 12:09:36 0.524 ::  AUTOLOAD Class[ Repository ] File [ Main/PHP/Repository.class.php ]
2013-04-27 12:09:36 0.524 ::  Repository [ Paginacao: 0 ]
2013-04-27 12:09:36 0.525 ::  AUTOLOAD Class[ Transaction ] File [ Main/PHP/Transaction.class.php ]
2013-04-27 12:09:36 0.525 ::  AUTOLOAD Class[ Connection ] File [ Main/PHP/Connection.class.php ]
2013-04-27 12:09:36 0.526 ::  Transaction [ Begin: mysql ]
2013-04-27 12:09:36 0.527 ::  Status[ OK ] Results[ 1 ] Query[ SELECT pk_catalogo, dt_inclusao FROM tb_catalogos ORDER BY dt_inclusao DESC LIMIT 1 ]
2013-04-27 12:09:36 0.527 ::  Transaction [ Commit ]
2013-04-27 12:09:36 0.527 ::  Catalogo Mais Atual. pk_catalogo[ 200 ]
2013-04-27 12:12:29 0.343 ::  AUTOLOAD Class[ Log ] File [ Main/PHP/Log.class.php ]
2013-04-27 12:12:29 0.343 ::  AUTOLOAD Class[ ClientAndroid ] File [ Main/Modulos/ClientAndroid/ClientAndroid.class.php ]
2013-04-27 12:12:29 0.345 ::  AUTOLOAD Class[ Catalogos ] File [ Main/Modulos/Produtos/Catalogos.class.php ]
2013-04-27 12:12:29 0.345 ::  Class[ Catalogos ] Method[ getCatalogoAtual ]
2013-04-27 12:12:29 0.345 ::  AUTOLOAD Class[ Repository ] File [ Main/PHP/Repository.class.php ]
2013-04-27 12:12:29 0.345 ::  Repository [ Paginacao: 0 ]
2013-04-27 12:12:29 0.346 ::  AUTOLOAD Class[ Transaction ] File [ Main/PHP/Transaction.class.php ]
2013-04-27 12:12:29 0.346 ::  AUTOLOAD Class[ Connection ] File [ Main/PHP/Connection.class.php ]
2013-04-27 12:12:29 0.347 ::  Transaction [ Begin: mysql ]
2013-04-27 12:12:29 0.347 ::  Status[ OK ] Results[ 1 ] Query[ SELECT pk_catalogo, dt_inclusao FROM tb_catalogos ORDER BY dt_inclusao DESC LIMIT 1 ]
2013-04-27 12:12:29 0.348 ::  Transaction [ Commit ]
2013-04-27 12:12:29 0.348 ::  Catalogo Mais Atual. pk_catalogo[ 200 ]
2013-04-27 12:17:05 0.736 ::  AUTOLOAD Class[ Log ] File [ Main/PHP/Log.class.php ]
2013-04-27 12:17:05 0.736 ::  AUTOLOAD Class[ ClientAndroid ] File [ Main/Modulos/ClientAndroid/ClientAndroid.class.php ]
2013-04-27 12:17:05 0.739 ::  AUTOLOAD Class[ Catalogos ] File [ Main/Modulos/Produtos/Catalogos.class.php ]
2013-04-27 12:17:05 0.739 ::  Class[ Catalogos ] Method[ getCatalogoAtual ]
2013-04-27 12:17:05 0.740 ::  AUTOLOAD Class[ Repository ] File [ Main/PHP/Repository.class.php ]
2013-04-27 12:17:05 0.740 ::  Repository [ Paginacao: 0 ]
2013-04-27 12:17:05 0.741 ::  AUTOLOAD Class[ Transaction ] File [ Main/PHP/Transaction.class.php ]
2013-04-27 12:17:05 0.741 ::  AUTOLOAD Class[ Connection ] File [ Main/PHP/Connection.class.php ]
2013-04-27 12:17:05 0.742 ::  Transaction [ Begin: mysql ]
2013-04-27 12:17:05 0.743 ::  Status[ OK ] Results[ 1 ] Query[ SELECT pk_catalogo, dt_inclusao FROM tb_catalogos ORDER BY dt_inclusao DESC LIMIT 1 ]
2013-04-27 12:17:05 0.743 ::  Transaction [ Commit ]
2013-04-27 12:17:05 0.743 ::  Catalogo Mais Atual. pk_catalogo[ 200 ]
2013-04-27 12:18:01 0.078 ::  AUTOLOAD Class[ Log ] File [ Main/PHP/Log.class.php ]
2013-04-27 12:18:01 0.078 ::  AUTOLOAD Class[ ClientAndroid ] File [ Main/Modulos/ClientAndroid/ClientAndroid.class.php ]
2013-04-27 12:18:01 0.080 ::  AUTOLOAD Class[ Catalogos ] File [ Main/Modulos/Produtos/Catalogos.class.php ]
2013-04-27 12:18:01 0.080 ::  Class[ Catalogos ] Method[ getCatalogoAtual ]
2013-04-27 12:18:01 0.081 ::  AUTOLOAD Class[ Repository ] File [ Main/PHP/Repository.class.php ]
2013-04-27 12:18:01 0.081 ::  Repository [ Paginacao: 0 ]
2013-04-27 12:18:01 0.081 ::  AUTOLOAD Class[ Transaction ] File [ Main/PHP/Transaction.class.php ]
2013-04-27 12:18:01 0.082 ::  AUTOLOAD Class[ Connection ] File [ Main/PHP/Connection.class.php ]
2013-04-27 12:18:01 0.083 ::  Transaction [ Begin: mysql ]
2013-04-27 12:18:01 0.084 ::  Status[ OK ] Results[ 1 ] Query[ SELECT pk_catalogo, dt_inclusao FROM tb_catalogos ORDER BY dt_inclusao DESC LIMIT 1 ]
2013-04-27 12:18:01 0.084 ::  Transaction [ Commit ]
2013-04-27 12:18:01 0.084 ::  Catalogo Mais Atual. pk_catalogo[ 200 ]
2013-04-27 12:23:10 0.071 ::  AUTOLOAD Class[ Log ] File [ Main/PHP/Log.class.php ]
2013-04-27 12:23:10 0.071 ::  AUTOLOAD Class[ ClientAndroid ] File [ Main/Modulos/ClientAndroid/ClientAndroid.class.php ]
2013-04-27 12:23:10 0.072 ::  AUTOLOAD Class[ Catalogos ] File [ Main/Modulos/Produtos/Catalogos.class.php ]
2013-04-27 12:23:10 0.072 ::  Class[ Catalogos ] Method[ getCatalogoAtual ]
2013-04-27 12:23:10 0.073 ::  AUTOLOAD Class[ Repository ] File [ Main/PHP/Repository.class.php ]
2013-04-27 12:23:10 0.073 ::  Repository [ Paginacao: 0 ]
2013-04-27 12:23:10 0.073 ::  AUTOLOAD Class[ Transaction ] File [ Main/PHP/Transaction.class.php ]
2013-04-27 12:23:10 0.073 ::  AUTOLOAD Class[ Connection ] File [ Main/PHP/Connection.class.php ]
2013-04-27 12:23:10 0.074 ::  Transaction [ Begin: mysql ]
2013-04-27 12:23:10 0.074 ::  Status[ OK ] Results[ 1 ] Query[ SELECT pk_catalogo, dt_inclusao FROM tb_catalogos ORDER BY dt_inclusao DESC LIMIT 1 ]
2013-04-27 12:23:10 0.075 ::  Transaction [ Commit ]
2013-04-27 12:23:10 0.075 ::  Catalogo Mais Atual. pk_catalogo[ 200 ]
2013-04-27 13:12:25 0.116 ::  AUTOLOAD Class[ Log ] File [ Main/PHP/Log.class.php ]
2013-04-27 13:12:25 0.116 ::  AUTOLOAD Class[ ClientAndroid ] File [ Main/Modulos/ClientAndroid/ClientAndroid.class.php ]
2013-04-27 13:12:25 0.119 ::  AUTOLOAD Class[ Catalogos ] File [ Main/Modulos/Produtos/Catalogos.class.php ]
2013-04-27 13:12:25 0.120 ::  Class[ Catalogos ] Method[ getCatalogoAtual ]
2013-04-27 13:12:25 0.121 ::  AUTOLOAD Class[ Repository ] File [ Main/PHP/Repository.class.php ]
2013-04-27 13:12:25 0.121 ::  Repository [ Paginacao: 0 ]
2013-04-27 13:12:25 0.122 ::  AUTOLOAD Class[ Transaction ] File [ Main/PHP/Transaction.class.php ]
2013-04-27 13:12:25 0.123 ::  AUTOLOAD Class[ Connection ] File [ Main/PHP/Connection.class.php ]
2013-04-27 13:12:25 0.126 ::  Transaction [ Begin: mysql ]
2013-04-27 13:12:25 0.126 ::  Status[ OK ] Results[ 1 ] Query[ SELECT pk_catalogo, dt_inclusao FROM tb_catalogos ORDER BY dt_inclusao DESC LIMIT 1 ]
2013-04-27 13:12:25 0.127 ::  Transaction [ Commit ]
2013-04-27 13:12:25 0.127 ::  Catalogo Mais Atual. pk_catalogo[ 200 ]
2013-04-27 13:12:25 0.127 ::  Class[ Catalogos ] Method[ getProdutosCompletoInCatalogoById ]
2013-04-27 13:12:25 0.127 ::  Class[ Catalogos ] Method[ getCatalogoById ]
2013-04-27 13:12:25 0.128 ::  Transaction [ Begin: mysql ]
2013-04-27 13:12:25 0.128 ::  Status[ OK ] Results[ 1 ] Query[ SELECT * FROM tb_catalogos WHERE pk_catalogo = 200 ]
2013-04-27 13:12:25 0.129 ::  Transaction [ Commit ]
2013-04-27 13:12:25 0.129 ::  Transaction [ Begin: mysql ]
2013-04-27 13:12:25 0.130 ::  Status[ OK ] Results[ 1475 ] Query[ SELECT
                        COUNT(*) as total_count
                    FROM
                        tb_produtos a
                            INNER JOIN
                        tb_produtos_estoque b ON a.pk_id_produto = b.fk_id_produto
                            INNER JOIN
                        tb_produtos_preco c ON a.pk_id_produto = c.fk_id_produto WHERE b.quantidade > 30 AND c.preco > 0 ]
2013-04-27 13:12:25 0.130 ::  Transaction [ Commit ]
2013-04-27 13:12:25 0.131 ::  Transaction [ Begin: mysql ]
2013-04-27 13:12:25 0.144 ::  Status[ OK ] Results[ 1475 ] Query[ SELECT
                    a.pk_id_produto,
                    a.pk_id_produto as codigo,
                    a.fk_id_categoria,
                    a.descricao_curta,
                    a.descricao_longa,
                    b.quantidade,
                    c.preco
                FROM
                    tb_produtos a
                        INNER JOIN
                    tb_produtos_estoque b ON a.pk_id_produto = b.fk_id_produto
                        INNER JOIN
                    tb_produtos_preco c ON a.pk_id_produto = c.fk_id_produto  WHERE b.quantidade > 30 AND c.preco > 0 ]
2013-04-27 13:12:25 0.144 ::  Transaction [ Commit ]
2013-04-27 13:12:58 0.793 ::  AUTOLOAD Class[ Log ] File [ Main/PHP/Log.class.php ]
2013-04-27 13:12:58 0.793 ::  AUTOLOAD Class[ ClientAndroid ] File [ Main/Modulos/ClientAndroid/ClientAndroid.class.php ]
2013-04-27 13:12:58 0.794 ::  AUTOLOAD Class[ Catalogos ] File [ Main/Modulos/Produtos/Catalogos.class.php ]
2013-04-27 13:12:58 0.794 ::  Class[ Catalogos ] Method[ getCatalogoAtual ]
2013-04-27 13:12:58 0.795 ::  AUTOLOAD Class[ Repository ] File [ Main/PHP/Repository.class.php ]
2013-04-27 13:12:58 0.795 ::  Repository [ Paginacao: 0 ]
2013-04-27 13:12:58 0.795 ::  AUTOLOAD Class[ Transaction ] File [ Main/PHP/Transaction.class.php ]
2013-04-27 13:12:58 0.795 ::  AUTOLOAD Class[ Connection ] File [ Main/PHP/Connection.class.php ]
2013-04-27 13:12:58 0.796 ::  Transaction [ Begin: mysql ]
2013-04-27 13:12:58 0.796 ::  Status[ OK ] Results[ 1 ] Query[ SELECT pk_catalogo, dt_inclusao FROM tb_catalogos ORDER BY dt_inclusao DESC LIMIT 1 ]
2013-04-27 13:12:58 0.796 ::  Transaction [ Commit ]
2013-04-27 13:12:58 0.796 ::  Catalogo Mais Atual. pk_catalogo[ 200 ]
2013-04-27 13:12:58 0.796 ::  Class[ Catalogos ] Method[ getProdutosCompletoInCatalogoById ]
2013-04-27 13:12:58 0.796 ::  Class[ Catalogos ] Method[ getCatalogoById ]
2013-04-27 13:12:58 0.797 ::  Transaction [ Begin: mysql ]
2013-04-27 13:12:58 0.797 ::  Status[ OK ] Results[ 1 ] Query[ SELECT * FROM tb_catalogos WHERE pk_catalogo = 200 ]
2013-04-27 13:12:58 0.797 ::  Transaction [ Commit ]
2013-04-27 13:12:58 0.798 ::  Transaction [ Begin: mysql ]
2013-04-27 13:12:58 0.799 ::  Status[ OK ] Results[ 1475 ] Query[ SELECT
                        COUNT(*) as total_count
                    FROM
                        tb_produtos a
                            INNER JOIN
                        tb_produtos_estoque b ON a.pk_id_produto = b.fk_id_produto
                            INNER JOIN
                        tb_produtos_preco c ON a.pk_id_produto = c.fk_id_produto WHERE b.quantidade > 30 AND c.preco > 0 ]
2013-04-27 13:12:58 0.799 ::  Transaction [ Commit ]
2013-04-27 13:12:58 0.800 ::  Transaction [ Begin: mysql ]
2013-04-27 13:12:58 0.807 ::  Status[ OK ] Results[ 1475 ] Query[ SELECT
                    a.pk_id_produto,
                    a.pk_id_produto as codigo,
                    a.fk_id_categoria,
                    a.descricao_curta,
                    a.descricao_longa,
                    b.quantidade,
                    c.preco
                FROM
                    tb_produtos a
                        INNER JOIN
                    tb_produtos_estoque b ON a.pk_id_produto = b.fk_id_produto
                        INNER JOIN
                    tb_produtos_preco c ON a.pk_id_produto = c.fk_id_produto  WHERE b.quantidade > 30 AND c.preco > 0 ]
2013-04-27 13:12:58 0.807 ::  Transaction [ Commit ]
