2013-03-13 11:57:50 0.584 ::  AUTOLOAD Class[ Log ] File [ Main/PHP/Log.class.php ]
2013-03-13 11:57:50 0.596 ::  AUTOLOAD Class[ Common ] File [ Main/PHP/Common.class.php ]
2013-03-13 11:57:50 0.596 ::  Class[Common] Method[__construct]

Array __REQUEST
[classe] = "Common"
[action] = "verifica_servidor_mysql"
2013-03-13 11:57:50 0.603 ::  AUTOLOAD Class[ Repository ] File [ Main/PHP/Repository.class.php ]
2013-03-13 11:57:50 0.605 ::  AUTOLOAD Class[ Transaction ] File [ Main/PHP/Transaction.class.php ]
2013-03-13 11:57:50 0.606 ::  AUTOLOAD Class[ Connection ] File [ Main/PHP/Connection.class.php ]
2013-03-13 11:57:50 0.858 ::  Transaction [ Begin: mysql ]
2013-03-13 11:57:50 0.858 ::  Status[ OK ] Results[ 1 ] Query[ SELECT * FROM configuracao WHERE 1 LIMIT 1 ]
2013-03-13 11:57:50 0.859 ::  Transaction [ Commit ]
2013-03-13 11:57:50 0.859 ::  Teste Conexao Servidor Mysql [ TRUE ]
2013-03-13 11:57:53 0.945 ::  AUTOLOAD Class[ Log ] File [ Main/PHP/Log.class.php ]
2013-03-13 11:57:53 0.946 ::  AUTOLOAD Class[ Configuracoes ] File [ Main/PHP/Configuracoes.class.php ]
2013-03-13 11:57:53 0.946 ::  Class[ Configuracoes ] Method[ __construct ]

Array __REQUEST
[classe] = "Configuracoes"
[action] = "recupera_configuracoes"
2013-03-13 11:57:53 0.947 ::  AUTOLOAD Class[ Repository ] File [ Main/PHP/Repository.class.php ]
2013-03-13 11:57:53 0.947 ::  AUTOLOAD Class[ Transaction ] File [ Main/PHP/Transaction.class.php ]
2013-03-13 11:57:53 0.947 ::  AUTOLOAD Class[ Connection ] File [ Main/PHP/Connection.class.php ]
2013-03-13 11:57:53 0.948 ::  Transaction [ Begin: mysql ]
2013-03-13 11:57:53 0.948 ::  Status[ OK ] Results[ 13 ] Query[ SELECT * FROM configuracao ]
2013-03-13 11:57:53 0.948 ::  Transaction [ Commit ]
2013-03-13 11:58:45 0.519 ::  AUTOLOAD Class[ Log ] File [ Main/PHP/Log.class.php ]
2013-03-13 11:58:45 0.520 ::  AUTOLOAD Class[ Configuracoes ] File [ Main/PHP/Configuracoes.class.php ]
2013-03-13 11:58:45 0.520 ::  Class[ Configuracoes ] Method[ __construct ]

Array __REQUEST
[classe] = "Configuracoes"
[action] = "recupera_configuracoes"
2013-03-13 11:58:45 0.521 ::  AUTOLOAD Class[ Repository ] File [ Main/PHP/Repository.class.php ]
2013-03-13 11:58:45 0.522 ::  AUTOLOAD Class[ Transaction ] File [ Main/PHP/Transaction.class.php ]
2013-03-13 11:58:45 0.522 ::  AUTOLOAD Class[ Connection ] File [ Main/PHP/Connection.class.php ]
2013-03-13 11:58:45 0.525 ::  Transaction [ Begin: mysql ]
2013-03-13 11:58:45 0.526 ::  Status[ OK ] Results[ 13 ] Query[ SELECT * FROM configuracao ]
2013-03-13 11:58:45 0.526 ::  Transaction [ Commit ]
2013-03-13 12:00:39 0.101 ::  AUTOLOAD Class[ Log ] File [ Main/PHP/Log.class.php ]
2013-03-13 12:00:39 0.101 ::  AUTOLOAD Class[ ClientAndroid ] File [ Main/Modulos/ClientAndroid/ClientAndroid.class.php ]
2013-03-13 12:00:39 0.103 ::  AUTOLOAD Class[ Usuarios ] File [ Main/Modulos/Acesso/Usuarios.class.php ]
2013-03-13 12:00:39 0.103 ::  Class[Usuarios] Method[ getUsuarioByGrupo ]
2013-03-13 12:00:39 0.104 ::  AUTOLOAD Class[ Repository ] File [ Main/PHP/Repository.class.php ]
2013-03-13 12:00:39 0.104 ::  AUTOLOAD Class[ Transaction ] File [ Main/PHP/Transaction.class.php ]
2013-03-13 12:00:39 0.105 ::  AUTOLOAD Class[ Connection ] File [ Main/PHP/Connection.class.php ]
2013-03-13 12:00:39 0.107 ::  Transaction [ Begin: mysql ]
2013-03-13 12:00:39 0.108 ::  Status[ OK ] Results[  ] Query[ SELECT id_usuario, Grupo, Nome FROM usuarios WHERE Grupo = '' AND status = 1 ]
2013-03-13 12:00:39 0.130 ::  Transaction [ Commit ]
2013-03-13 12:01:08 0.530 ::  AUTOLOAD Class[ Log ] File [ Main/PHP/Log.class.php ]
2013-03-13 12:01:08 0.531 ::  AUTOLOAD Class[ ClientAndroid ] File [ Main/Modulos/ClientAndroid/ClientAndroid.class.php ]
2013-03-13 12:01:08 0.533 ::  AUTOLOAD Class[ Usuarios ] File [ Main/Modulos/Acesso/Usuarios.class.php ]
2013-03-13 12:01:08 0.534 ::  Class[Usuarios] Method[ getUsuarioByGrupo ]
2013-03-13 12:01:08 0.535 ::  AUTOLOAD Class[ Repository ] File [ Main/PHP/Repository.class.php ]
2013-03-13 12:01:08 0.535 ::  AUTOLOAD Class[ Transaction ] File [ Main/PHP/Transaction.class.php ]
2013-03-13 12:01:08 0.536 ::  AUTOLOAD Class[ Connection ] File [ Main/PHP/Connection.class.php ]
2013-03-13 12:01:08 0.538 ::  Transaction [ Begin: mysql ]
2013-03-13 12:01:08 0.539 ::  Status[ OK ] Results[  ] Query[ SELECT id_usuario, Grupo, Nome FROM usuarios WHERE Grupo = '' AND status = 1 ]
2013-03-13 12:01:08 0.539 ::  Transaction [ Commit ]
2013-03-13 12:26:58 0.370 ::  AUTOLOAD Class[ Log ] File [ Main/PHP/Log.class.php ]
2013-03-13 12:26:58 0.370 ::  AUTOLOAD Class[ ClientAndroid ] File [ Main/Modulos/ClientAndroid/ClientAndroid.class.php ]
2013-03-13 12:26:58 0.371 ::  AUTOLOAD Class[ Common ] File [ Main/PHP/Common.class.php ]
2013-03-13 12:26:58 0.372 ::  AUTOLOAD Class[ Repository ] File [ Main/PHP/Repository.class.php ]
2013-03-13 12:26:58 0.372 ::  AUTOLOAD Class[ Transaction ] File [ Main/PHP/Transaction.class.php ]
2013-03-13 12:26:58 0.372 ::  AUTOLOAD Class[ Connection ] File [ Main/PHP/Connection.class.php ]
2013-03-13 12:26:58 0.374 ::  Transaction [ Begin: mysql ]
2013-03-13 12:26:58 0.375 ::  Status[ OK ] Results[ 1 ] Query[ SELECT valor FROM `configuracao` WHERE parametro = 'chave_vendedores'; ]
2013-03-13 12:26:58 0.375 ::  Transaction [ Commit ]
2013-03-13 12:26:58 0.375 ::  Recuperando Parametro [ chave_vendedores ] Value [ 3 ].
2013-03-13 12:26:58 0.376 ::  AUTOLOAD Class[ Usuarios ] File [ Main/Modulos/Acesso/Usuarios.class.php ]
2013-03-13 12:26:58 0.376 ::  Class[Usuarios] Method[ getUsuarioByGrupo ]
2013-03-13 12:26:58 0.377 ::  Transaction [ Begin: mysql ]
2013-03-13 12:26:58 0.377 ::  Status[ OK ] Results[ 4 ] Query[ SELECT id_usuario, Grupo, Nome FROM usuarios WHERE Grupo = '3' AND status = 1 ]
2013-03-13 12:26:58 0.378 ::  Transaction [ Commit ]
2013-03-13 12:31:43 0.442 ::  AUTOLOAD Class[ Log ] File [ Main/PHP/Log.class.php ]
2013-03-13 12:31:43 0.442 ::  AUTOLOAD Class[ ClientAndroid ] File [ Main/Modulos/ClientAndroid/ClientAndroid.class.php ]
2013-03-13 12:31:43 0.443 ::  AUTOLOAD Class[ Common ] File [ Main/PHP/Common.class.php ]
2013-03-13 12:31:43 0.444 ::  AUTOLOAD Class[ Repository ] File [ Main/PHP/Repository.class.php ]
2013-03-13 12:31:43 0.445 ::  AUTOLOAD Class[ Transaction ] File [ Main/PHP/Transaction.class.php ]
2013-03-13 12:31:43 0.446 ::  AUTOLOAD Class[ Connection ] File [ Main/PHP/Connection.class.php ]
2013-03-13 12:31:43 0.449 ::  Transaction [ Begin: mysql ]
2013-03-13 12:31:43 0.449 ::  Status[ OK ] Results[ 1 ] Query[ SELECT valor FROM `configuracao` WHERE parametro = 'chave_vendedores'; ]
2013-03-13 12:31:43 0.449 ::  Transaction [ Commit ]
2013-03-13 12:31:43 0.449 ::  Recuperando Parametro [ chave_vendedores ] Value [ 3 ].
2013-03-13 12:31:43 0.450 ::  AUTOLOAD Class[ Usuarios ] File [ Main/Modulos/Acesso/Usuarios.class.php ]
2013-03-13 12:31:43 0.451 ::  Class[Usuarios] Method[ getUsuarioByGrupo ]
2013-03-13 12:31:43 0.451 ::  Transaction [ Begin: mysql ]
2013-03-13 12:31:43 0.452 ::  Status[ OK ] Results[ 4 ] Query[ SELECT id_usuario, Grupo, Nome FROM usuarios WHERE Grupo = '3' AND status = 1 ]
2013-03-13 12:31:43 0.452 ::  Transaction [ Commit ]
2013-03-13 12:52:39 0.869 ::  AUTOLOAD Class[ Log ] File [ Main/PHP/Log.class.php ]
2013-03-13 12:52:39 0.869 ::  AUTOLOAD Class[ Common ] File [ Main/PHP/Common.class.php ]
2013-03-13 12:52:39 0.869 ::  Class[Common] Method[__construct]

Array __REQUEST
[classe] = "Common"
[action] = "verifica_servidor_mysql"
2013-03-13 12:52:39 0.870 ::  AUTOLOAD Class[ Repository ] File [ Main/PHP/Repository.class.php ]
2013-03-13 12:52:39 0.871 ::  AUTOLOAD Class[ Transaction ] File [ Main/PHP/Transaction.class.php ]
2013-03-13 12:52:39 0.871 ::  AUTOLOAD Class[ Connection ] File [ Main/PHP/Connection.class.php ]
2013-03-13 12:52:39 0.872 ::  Transaction [ Begin: mysql ]
2013-03-13 12:52:39 0.873 ::  Status[ OK ] Results[ 1 ] Query[ SELECT * FROM configuracao WHERE 1 LIMIT 1 ]
2013-03-13 12:52:39 0.873 ::  Transaction [ Commit ]
2013-03-13 12:52:39 0.873 ::  Teste Conexao Servidor Mysql [ TRUE ]
2013-03-13 12:52:40 0.635 ::  AUTOLOAD Class[ Log ] File [ Main/PHP/Log.class.php ]
2013-03-13 12:52:40 0.635 ::  AUTOLOAD Class[ Configuracoes ] File [ Main/PHP/Configuracoes.class.php ]
2013-03-13 12:52:40 0.635 ::  Class[ Configuracoes ] Method[ __construct ]

Array __REQUEST
[classe] = "Configuracoes"
[action] = "recupera_configuracoes"
2013-03-13 12:52:40 0.636 ::  AUTOLOAD Class[ Repository ] File [ Main/PHP/Repository.class.php ]
2013-03-13 12:52:40 0.636 ::  AUTOLOAD Class[ Transaction ] File [ Main/PHP/Transaction.class.php ]
2013-03-13 12:52:40 0.636 ::  AUTOLOAD Class[ Connection ] File [ Main/PHP/Connection.class.php ]
2013-03-13 12:52:40 0.639 ::  Transaction [ Begin: mysql ]
2013-03-13 12:52:40 0.640 ::  Status[ OK ] Results[ 13 ] Query[ SELECT * FROM configuracao ]
2013-03-13 12:52:40 0.640 ::  Transaction [ Commit ]
2013-03-13 12:53:16 0.935 ::  AUTOLOAD Class[ Log ] File [ Main/PHP/Log.class.php ]
2013-03-13 12:53:16 0.935 ::  AUTOLOAD Class[ ClientAndroid ] File [ Main/Modulos/ClientAndroid/ClientAndroid.class.php ]
2013-03-13 12:53:16 0.936 ::  AUTOLOAD Class[ Common ] File [ Main/PHP/Common.class.php ]
2013-03-13 12:53:16 0.937 ::  AUTOLOAD Class[ Repository ] File [ Main/PHP/Repository.class.php ]
2013-03-13 12:53:16 0.938 ::  AUTOLOAD Class[ Transaction ] File [ Main/PHP/Transaction.class.php ]
2013-03-13 12:53:16 0.938 ::  AUTOLOAD Class[ Connection ] File [ Main/PHP/Connection.class.php ]
2013-03-13 12:53:16 0.939 ::  Transaction [ Begin: mysql ]
2013-03-13 12:53:16 0.940 ::  Status[ OK ] Results[ 1 ] Query[ SELECT valor FROM `configuracao` WHERE parametro = 'chave_vendedores'; ]
2013-03-13 12:53:16 0.940 ::  Transaction [ Commit ]
2013-03-13 12:53:16 0.940 ::  Recuperando Parametro [ chave_vendedores ] Value [ 3 ].
2013-03-13 12:53:16 0.941 ::  AUTOLOAD Class[ Usuarios ] File [ Main/Modulos/Acesso/Usuarios.class.php ]
2013-03-13 12:53:16 0.941 ::  Class[Usuarios] Method[ getUsuarioByGrupo ]
2013-03-13 12:53:16 0.942 ::  Transaction [ Begin: mysql ]
2013-03-13 12:53:16 0.942 ::  Status[ OK ] Results[ 4 ] Query[ SELECT id_usuario, Grupo, Nome FROM usuarios WHERE Grupo = '3' AND status = 1 ]
2013-03-13 12:53:16 0.942 ::  Transaction [ Commit ]
2013-03-13 12:54:39 0.631 ::  AUTOLOAD Class[ Log ] File [ Main/PHP/Log.class.php ]
2013-03-13 12:54:39 0.631 ::  AUTOLOAD Class[ ClientAndroid ] File [ Main/Modulos/ClientAndroid/ClientAndroid.class.php ]
2013-03-13 12:54:39 0.632 ::  AUTOLOAD Class[ Common ] File [ Main/PHP/Common.class.php ]
2013-03-13 12:54:39 0.633 ::  AUTOLOAD Class[ Repository ] File [ Main/PHP/Repository.class.php ]
2013-03-13 12:54:39 0.633 ::  AUTOLOAD Class[ Transaction ] File [ Main/PHP/Transaction.class.php ]
2013-03-13 12:54:39 0.633 ::  AUTOLOAD Class[ Connection ] File [ Main/PHP/Connection.class.php ]
2013-03-13 12:54:39 0.634 ::  Transaction [ Begin: mysql ]
2013-03-13 12:54:39 0.635 ::  Status[ OK ] Results[ 1 ] Query[ SELECT valor FROM `configuracao` WHERE parametro = 'chave_vendedores'; ]
2013-03-13 12:54:39 0.635 ::  Transaction [ Commit ]
2013-03-13 12:54:39 0.635 ::  Recuperando Parametro [ chave_vendedores ] Value [ 3 ].
2013-03-13 12:54:39 0.636 ::  AUTOLOAD Class[ Usuarios ] File [ Main/Modulos/Acesso/Usuarios.class.php ]
2013-03-13 12:54:39 0.636 ::  Class[Usuarios] Method[ getUsuarioByGrupo ]
2013-03-13 12:54:39 0.637 ::  Transaction [ Begin: mysql ]
2013-03-13 12:54:39 0.637 ::  Status[ OK ] Results[ 4 ] Query[ SELECT id_usuario, Grupo, Nome FROM usuarios WHERE Grupo = '3' AND status = 1 ]
2013-03-13 12:54:39 0.638 ::  Transaction [ Commit ]
2013-03-13 12:57:54 0.092 ::  AUTOLOAD Class[ Log ] File [ Main/PHP/Log.class.php ]
2013-03-13 12:57:54 0.092 ::  AUTOLOAD Class[ ClientAndroid ] File [ Main/Modulos/ClientAndroid/ClientAndroid.class.php ]
2013-03-13 12:57:54 0.094 ::  AUTOLOAD Class[ Common ] File [ Main/PHP/Common.class.php ]
2013-03-13 12:57:54 0.095 ::  AUTOLOAD Class[ Repository ] File [ Main/PHP/Repository.class.php ]
2013-03-13 12:57:54 0.096 ::  AUTOLOAD Class[ Transaction ] File [ Main/PHP/Transaction.class.php ]
2013-03-13 12:57:54 0.096 ::  AUTOLOAD Class[ Connection ] File [ Main/PHP/Connection.class.php ]
2013-03-13 12:57:54 0.097 ::  Transaction [ Begin: mysql ]
2013-03-13 12:57:54 0.097 ::  Status[ OK ] Results[ 1 ] Query[ SELECT valor FROM `configuracao` WHERE parametro = 'chave_vendedores'; ]
2013-03-13 12:57:54 0.098 ::  Transaction [ Commit ]
2013-03-13 12:57:54 0.098 ::  Recuperando Parametro [ chave_vendedores ] Value [ 3 ].
2013-03-13 12:57:54 0.099 ::  AUTOLOAD Class[ Usuarios ] File [ Main/Modulos/Acesso/Usuarios.class.php ]
2013-03-13 12:57:54 0.099 ::  Class[Usuarios] Method[ getUsuarioByGrupo ]
2013-03-13 12:57:54 0.100 ::  Transaction [ Begin: mysql ]
2013-03-13 12:57:54 0.100 ::  Status[ OK ] Results[ 4 ] Query[ SELECT id_usuario, Grupo, Nome FROM usuarios WHERE Grupo = '3' AND status = 1 ]
2013-03-13 12:57:54 0.101 ::  Transaction [ Commit ]
2013-03-13 13:01:17 0.479 ::  AUTOLOAD Class[ Log ] File [ Main/PHP/Log.class.php ]
2013-03-13 13:01:17 0.479 ::  AUTOLOAD Class[ ClientAndroid ] File [ Main/Modulos/ClientAndroid/ClientAndroid.class.php ]
2013-03-13 13:01:17 0.481 ::  AUTOLOAD Class[ Common ] File [ Main/PHP/Common.class.php ]
2013-03-13 13:01:17 0.482 ::  AUTOLOAD Class[ Repository ] File [ Main/PHP/Repository.class.php ]
2013-03-13 13:01:17 0.482 ::  AUTOLOAD Class[ Transaction ] File [ Main/PHP/Transaction.class.php ]
2013-03-13 13:01:17 0.483 ::  AUTOLOAD Class[ Connection ] File [ Main/PHP/Connection.class.php ]
2013-03-13 13:01:17 0.486 ::  Transaction [ Begin: mysql ]
2013-03-13 13:01:17 0.486 ::  Status[ OK ] Results[ 1 ] Query[ SELECT valor FROM `configuracao` WHERE parametro = 'chave_vendedores'; ]
2013-03-13 13:01:17 0.486 ::  Transaction [ Commit ]
2013-03-13 13:01:17 0.487 ::  Recuperando Parametro [ chave_vendedores ] Value [ 3 ].
2013-03-13 13:01:17 0.488 ::  AUTOLOAD Class[ Usuarios ] File [ Main/Modulos/Acesso/Usuarios.class.php ]
2013-03-13 13:01:17 0.488 ::  Class[Usuarios] Method[ getUsuarioByGrupo ]
2013-03-13 13:01:17 0.488 ::  Transaction [ Begin: mysql ]
2013-03-13 13:01:17 0.489 ::  Status[ OK ] Results[ 4 ] Query[ SELECT id_usuario, Grupo, Nome FROM usuarios WHERE Grupo = '3' AND status = 1 ]
2013-03-13 13:01:17 0.489 ::  Transaction [ Commit ]
2013-03-13 13:01:29 0.275 ::  AUTOLOAD Class[ Log ] File [ Main/PHP/Log.class.php ]
2013-03-13 13:01:29 0.275 ::  AUTOLOAD Class[ ClientAndroid ] File [ Main/Modulos/ClientAndroid/ClientAndroid.class.php ]
2013-03-13 13:01:29 0.276 ::  AUTOLOAD Class[ Common ] File [ Main/PHP/Common.class.php ]
2013-03-13 13:01:29 0.277 ::  AUTOLOAD Class[ Repository ] File [ Main/PHP/Repository.class.php ]
2013-03-13 13:01:29 0.277 ::  AUTOLOAD Class[ Transaction ] File [ Main/PHP/Transaction.class.php ]
2013-03-13 13:01:29 0.277 ::  AUTOLOAD Class[ Connection ] File [ Main/PHP/Connection.class.php ]
2013-03-13 13:01:29 0.280 ::  Transaction [ Begin: mysql ]
2013-03-13 13:01:29 0.280 ::  Status[ OK ] Results[ 1 ] Query[ SELECT valor FROM `configuracao` WHERE parametro = 'chave_vendedores'; ]
2013-03-13 13:01:29 0.281 ::  Transaction [ Commit ]
2013-03-13 13:01:29 0.281 ::  Recuperando Parametro [ chave_vendedores ] Value [ 3 ].
2013-03-13 13:01:29 0.282 ::  AUTOLOAD Class[ Usuarios ] File [ Main/Modulos/Acesso/Usuarios.class.php ]
2013-03-13 13:01:29 0.282 ::  Class[Usuarios] Method[ getUsuarioByGrupo ]
2013-03-13 13:01:29 0.283 ::  Transaction [ Begin: mysql ]
2013-03-13 13:01:29 0.283 ::  Status[ OK ] Results[ 4 ] Query[ SELECT id_usuario, Grupo, Nome FROM usuarios WHERE Grupo = '3' AND status = 1 ]
2013-03-13 13:01:29 0.284 ::  Transaction [ Commit ]
2013-03-13 14:13:14 0.977 ::  AUTOLOAD Class[ Log ] File [ Main/PHP/Log.class.php ]
2013-03-13 14:13:14 0.977 ::  AUTOLOAD Class[ ClientAndroid ] File [ Main/Modulos/ClientAndroid/ClientAndroid.class.php ]
2013-03-13 14:13:14 0.978 ::  AUTOLOAD Class[ Common ] File [ Main/PHP/Common.class.php ]
2013-03-13 14:13:14 0.980 ::  AUTOLOAD Class[ Repository ] File [ Main/PHP/Repository.class.php ]
2013-03-13 14:13:14 0.980 ::  AUTOLOAD Class[ Transaction ] File [ Main/PHP/Transaction.class.php ]
2013-03-13 14:13:14 0.981 ::  AUTOLOAD Class[ Connection ] File [ Main/PHP/Connection.class.php ]
2013-03-13 14:13:14 0.982 ::  Transaction [ Begin: mysql ]
2013-03-13 14:13:14 0.983 ::  Status[ OK ] Results[ 1 ] Query[ SELECT valor FROM `configuracao` WHERE parametro = 'chave_vendedores'; ]
2013-03-13 14:13:14 0.983 ::  Transaction [ Commit ]
2013-03-13 14:13:14 0.983 ::  Recuperando Parametro [ chave_vendedores ] Value [ 3 ].
2013-03-13 14:13:14 0.984 ::  AUTOLOAD Class[ Usuarios ] File [ Main/Modulos/Acesso/Usuarios.class.php ]
2013-03-13 14:13:14 0.984 ::  Class[Usuarios] Method[ getUsuarioByGrupo ]
2013-03-13 14:13:14 0.985 ::  Transaction [ Begin: mysql ]
2013-03-13 14:13:14 0.986 ::  Status[ OK ] Results[ 4 ] Query[ SELECT id_usuario, Grupo, Nome FROM usuarios WHERE Grupo = '3' AND status = 1 ]
2013-03-13 14:13:14 0.986 ::  Transaction [ Commit ]
