2013-03-20 10:40:49 0.877 ::  AUTOLOAD Class[ Log ] File [ Main/PHP/Log.class.php ]
2013-03-20 10:40:50 0.047 ::  AUTOLOAD Class[ Common ] File [ Main/PHP/Common.class.php ]
2013-03-20 10:40:50 0.047 ::  Class[Common] Method[__construct]

Array __REQUEST
[classe] = "Common"
[action] = "verifica_servidor_mysql"
2013-03-20 10:40:50 0.063 ::  AUTOLOAD Class[ Repository ] File [ Main/PHP/Repository.class.php ]
2013-03-20 10:40:50 0.090 ::  AUTOLOAD Class[ Transaction ] File [ Main/PHP/Transaction.class.php ]
2013-03-20 10:40:50 0.096 ::  AUTOLOAD Class[ Connection ] File [ Main/PHP/Connection.class.php ]
2013-03-20 10:40:50 0.151 ::  Transaction [ Begin: mysql ]
2013-03-20 10:40:50 0.165 ::  Status[ OK ] Results[ 1 ] Query[ SELECT * FROM configuracao WHERE 1 LIMIT 1 ]
2013-03-20 10:40:50 0.165 ::  Transaction [ Commit ]
2013-03-20 10:40:50 0.165 ::  Teste Conexao Servidor Mysql [ TRUE ]
2013-03-20 10:40:55 0.587 ::  AUTOLOAD Class[ Log ] File [ Main/PHP/Log.class.php ]
2013-03-20 10:40:55 0.588 ::  AUTOLOAD Class[ Configuracoes ] File [ Main/PHP/Configuracoes.class.php ]
2013-03-20 10:40:55 0.588 ::  Class[ Configuracoes ] Method[ __construct ]

Array __REQUEST
[classe] = "Configuracoes"
[action] = "recupera_configuracoes"
2013-03-20 10:40:55 0.590 ::  AUTOLOAD Class[ Repository ] File [ Main/PHP/Repository.class.php ]
2013-03-20 10:40:55 0.590 ::  AUTOLOAD Class[ Transaction ] File [ Main/PHP/Transaction.class.php ]
2013-03-20 10:40:55 0.591 ::  AUTOLOAD Class[ Connection ] File [ Main/PHP/Connection.class.php ]
2013-03-20 10:40:55 0.594 ::  Transaction [ Begin: mysql ]
2013-03-20 10:40:55 0.595 ::  Status[ OK ] Results[ 13 ] Query[ SELECT * FROM configuracao ]
2013-03-20 10:40:55 0.596 ::  Transaction [ Commit ]
2013-03-20 10:42:13 0.396 ::  AUTOLOAD Class[ Log ] File [ Main/PHP/Log.class.php ]
2013-03-20 10:42:13 0.396 ::  AUTOLOAD Class[ ClientAndroid ] File [ Main/Modulos/ClientAndroid/ClientAndroid.class.php ]
2013-03-20 10:42:13 0.398 ::  AUTOLOAD Class[ Common ] File [ Main/PHP/Common.class.php ]
2013-03-20 10:42:13 0.399 ::  AUTOLOAD Class[ Repository ] File [ Main/PHP/Repository.class.php ]
2013-03-20 10:42:13 0.399 ::  AUTOLOAD Class[ Transaction ] File [ Main/PHP/Transaction.class.php ]
2013-03-20 10:42:13 0.399 ::  AUTOLOAD Class[ Connection ] File [ Main/PHP/Connection.class.php ]
2013-03-20 10:42:13 0.403 ::  Transaction [ Begin: mysql ]
2013-03-20 10:42:13 0.404 ::  Status[ OK ] Results[ 1 ] Query[ SELECT valor FROM `configuracao` WHERE parametro = 'chave_vendedores'; ]
2013-03-20 10:42:13 0.404 ::  Transaction [ Commit ]
2013-03-20 10:42:13 0.404 ::  Recuperando Parametro [ chave_vendedores ] Value [ 3 ].
2013-03-20 10:42:13 0.429 ::  AUTOLOAD Class[ Usuarios ] File [ Main/Modulos/Acesso/Usuarios.class.php ]
2013-03-20 10:42:13 0.429 ::  Class[Usuarios] Method[ getUsuarioByGrupo ]
2013-03-20 10:42:13 0.430 ::  Transaction [ Begin: mysql ]
2013-03-20 10:42:13 0.431 ::  Status[ OK ] Results[ 4 ] Query[ SELECT id_usuario, Grupo, Nome FROM usuarios WHERE Grupo = '3' AND status = 1 ]
2013-03-20 10:42:13 0.490 ::  Transaction [ Commit ]
2013-03-20 10:42:32 0.942 ::  AUTOLOAD Class[ Log ] File [ Main/PHP/Log.class.php ]
2013-03-20 10:42:32 0.942 ::  AUTOLOAD Class[ ClientAndroid ] File [ Main/Modulos/ClientAndroid/ClientAndroid.class.php ]
2013-03-20 10:42:32 0.944 ::  AUTOLOAD Class[ Common ] File [ Main/PHP/Common.class.php ]
2013-03-20 10:42:32 0.946 ::  AUTOLOAD Class[ Repository ] File [ Main/PHP/Repository.class.php ]
2013-03-20 10:42:32 0.946 ::  AUTOLOAD Class[ Transaction ] File [ Main/PHP/Transaction.class.php ]
2013-03-20 10:42:32 0.947 ::  AUTOLOAD Class[ Connection ] File [ Main/PHP/Connection.class.php ]
2013-03-20 10:42:32 0.952 ::  Transaction [ Begin: mysql ]
2013-03-20 10:42:32 0.953 ::  Status[ OK ] Results[ 1 ] Query[ SELECT valor FROM `configuracao` WHERE parametro = 'chave_vendedores'; ]
2013-03-20 10:42:32 0.953 ::  Transaction [ Commit ]
2013-03-20 10:42:32 0.954 ::  Recuperando Parametro [ chave_vendedores ] Value [ 3 ].
2013-03-20 10:42:32 0.956 ::  AUTOLOAD Class[ Usuarios ] File [ Main/Modulos/Acesso/Usuarios.class.php ]
2013-03-20 10:42:32 0.956 ::  Class[Usuarios] Method[ getUsuarioByGrupo ]
2013-03-20 10:42:32 0.957 ::  Transaction [ Begin: mysql ]
2013-03-20 10:42:32 0.958 ::  Status[ OK ] Results[ 4 ] Query[ SELECT id_usuario, Grupo, Nome FROM usuarios WHERE Grupo = '3' AND status = 1 ]
2013-03-20 10:42:32 0.958 ::  Transaction [ Commit ]
2013-03-20 10:43:29 0.900 ::  AUTOLOAD Class[ Log ] File [ Main/PHP/Log.class.php ]
2013-03-20 10:43:29 0.900 ::  AUTOLOAD Class[ ClientAndroid ] File [ Main/Modulos/ClientAndroid/ClientAndroid.class.php ]
2013-03-20 10:43:29 0.900 ::  AUTOLOAD Class[ Common ] File [ Main/PHP/Common.class.php ]
2013-03-20 10:43:29 0.901 ::  AUTOLOAD Class[ Repository ] File [ Main/PHP/Repository.class.php ]
2013-03-20 10:43:29 0.901 ::  AUTOLOAD Class[ Transaction ] File [ Main/PHP/Transaction.class.php ]
2013-03-20 10:43:29 0.902 ::  AUTOLOAD Class[ Connection ] File [ Main/PHP/Connection.class.php ]
2013-03-20 10:43:29 0.903 ::  Transaction [ Begin: mysql ]
2013-03-20 10:43:29 0.903 ::  Status[ OK ] Results[ 1 ] Query[ SELECT valor FROM `configuracao` WHERE parametro = 'chave_vendedores'; ]
2013-03-20 10:43:29 0.904 ::  Transaction [ Commit ]
2013-03-20 10:43:29 0.904 ::  Recuperando Parametro [ chave_vendedores ] Value [ 3 ].
2013-03-20 10:43:29 0.904 ::  AUTOLOAD Class[ Usuarios ] File [ Main/Modulos/Acesso/Usuarios.class.php ]
2013-03-20 10:43:29 0.905 ::  Class[Usuarios] Method[ getUsuarioByGrupo ]
2013-03-20 10:43:29 0.906 ::  Transaction [ Begin: mysql ]
2013-03-20 10:43:29 0.906 ::  Status[ OK ] Results[ 4 ] Query[ SELECT id_usuario, Grupo, Nome FROM usuarios WHERE Grupo = '3' AND status = 1 ]
2013-03-20 10:43:29 0.906 ::  Transaction [ Commit ]
2013-03-20 11:01:49 0.882 ::  AUTOLOAD Class[ Log ] File [ Main/PHP/Log.class.php ]
2013-03-20 11:01:49 0.882 ::  AUTOLOAD Class[ ClientAndroid ] File [ Main/Modulos/ClientAndroid/ClientAndroid.class.php ]
2013-03-20 11:01:49 0.883 ::  AUTOLOAD Class[ Common ] File [ Main/PHP/Common.class.php ]
2013-03-20 11:01:49 0.884 ::  AUTOLOAD Class[ Repository ] File [ Main/PHP/Repository.class.php ]
2013-03-20 11:01:49 0.885 ::  AUTOLOAD Class[ Transaction ] File [ Main/PHP/Transaction.class.php ]
2013-03-20 11:01:49 0.885 ::  AUTOLOAD Class[ Connection ] File [ Main/PHP/Connection.class.php ]
2013-03-20 11:01:49 0.886 ::  Transaction [ Begin: mysql ]
2013-03-20 11:01:49 0.887 ::  Status[ OK ] Results[ 1 ] Query[ SELECT valor FROM `configuracao` WHERE parametro = 'chave_vendedores'; ]
2013-03-20 11:01:49 0.887 ::  Transaction [ Commit ]
2013-03-20 11:01:49 0.887 ::  Recuperando Parametro [ chave_vendedores ] Value [ 3 ].
2013-03-20 11:01:49 0.889 ::  AUTOLOAD Class[ Usuarios ] File [ Main/Modulos/Acesso/Usuarios.class.php ]
2013-03-20 11:01:49 0.889 ::  Class[Usuarios] Method[ getUsuarioByGrupo ]
2013-03-20 11:01:49 0.890 ::  Transaction [ Begin: mysql ]
2013-03-20 11:01:49 0.890 ::  Status[ OK ] Results[ 4 ] Query[ SELECT id_usuario, Grupo, Nome FROM usuarios WHERE Grupo = '3' AND status = 1 ]
2013-03-20 11:01:49 0.891 ::  Transaction [ Commit ]
2013-03-20 11:15:01 0.521 ::  AUTOLOAD Class[ Log ] File [ Main/PHP/Log.class.php ]
2013-03-20 11:15:01 0.521 ::  AUTOLOAD Class[ ClientAndroid ] File [ Main/Modulos/ClientAndroid/ClientAndroid.class.php ]
2013-03-20 11:15:01 0.521 ::  AUTOLOAD Class[ Common ] File [ Main/PHP/Common.class.php ]
2013-03-20 11:15:01 0.522 ::  AUTOLOAD Class[ Repository ] File [ Main/PHP/Repository.class.php ]
2013-03-20 11:15:01 0.522 ::  AUTOLOAD Class[ Transaction ] File [ Main/PHP/Transaction.class.php ]
2013-03-20 11:15:01 0.523 ::  AUTOLOAD Class[ Connection ] File [ Main/PHP/Connection.class.php ]
2013-03-20 11:15:01 0.524 ::  Transaction [ Begin: mysql ]
2013-03-20 11:15:01 0.525 ::  Status[ OK ] Results[ 1 ] Query[ SELECT valor FROM `configuracao` WHERE parametro = 'chave_vendedores'; ]
2013-03-20 11:15:01 0.525 ::  Transaction [ Commit ]
2013-03-20 11:15:01 0.525 ::  Recuperando Parametro [ chave_vendedores ] Value [ 3 ].
2013-03-20 11:15:01 0.526 ::  AUTOLOAD Class[ Usuarios ] File [ Main/Modulos/Acesso/Usuarios.class.php ]
2013-03-20 11:15:01 0.526 ::  Class[Usuarios] Method[ getUsuarioByGrupo ]
2013-03-20 11:15:01 0.527 ::  Transaction [ Begin: mysql ]
2013-03-20 11:15:01 0.528 ::  Status[ OK ] Results[ 4 ] Query[ SELECT id_usuario, Grupo, Nome FROM usuarios WHERE Grupo = '3' AND status = 1 ]
2013-03-20 11:15:01 0.528 ::  Transaction [ Commit ]
2013-03-20 11:15:15 0.582 ::  AUTOLOAD Class[ Log ] File [ Main/PHP/Log.class.php ]
2013-03-20 11:15:15 0.582 ::  AUTOLOAD Class[ ClientAndroid ] File [ Main/Modulos/ClientAndroid/ClientAndroid.class.php ]
2013-03-20 11:15:15 0.583 ::  AUTOLOAD Class[ Common ] File [ Main/PHP/Common.class.php ]
2013-03-20 11:15:15 0.583 ::  AUTOLOAD Class[ Repository ] File [ Main/PHP/Repository.class.php ]
2013-03-20 11:15:15 0.584 ::  AUTOLOAD Class[ Transaction ] File [ Main/PHP/Transaction.class.php ]
2013-03-20 11:15:15 0.584 ::  AUTOLOAD Class[ Connection ] File [ Main/PHP/Connection.class.php ]
2013-03-20 11:15:15 0.584 ::  Transaction [ Begin: mysql ]
2013-03-20 11:15:15 0.585 ::  Status[ OK ] Results[ 1 ] Query[ SELECT valor FROM `configuracao` WHERE parametro = 'chave_vendedores'; ]
2013-03-20 11:15:15 0.585 ::  Transaction [ Commit ]
2013-03-20 11:15:15 0.585 ::  Recuperando Parametro [ chave_vendedores ] Value [ 3 ].
2013-03-20 11:15:15 0.585 ::  AUTOLOAD Class[ Usuarios ] File [ Main/Modulos/Acesso/Usuarios.class.php ]
2013-03-20 11:15:15 0.586 ::  Class[Usuarios] Method[ getUsuarioByGrupo ]
2013-03-20 11:15:15 0.586 ::  Transaction [ Begin: mysql ]
2013-03-20 11:15:15 0.586 ::  Status[ OK ] Results[ 4 ] Query[ SELECT id_usuario, Grupo, Nome FROM usuarios WHERE Grupo = '3' AND status = 1 ]
2013-03-20 11:15:15 0.586 ::  Transaction [ Commit ]
2013-03-20 11:33:19 0.349 ::  AUTOLOAD Class[ Log ] File [ Main/PHP/Log.class.php ]
2013-03-20 11:33:19 0.349 ::  AUTOLOAD Class[ ClientAndroid ] File [ Main/Modulos/ClientAndroid/ClientAndroid.class.php ]
2013-03-20 11:33:19 0.350 ::  AUTOLOAD Class[ Common ] File [ Main/PHP/Common.class.php ]
2013-03-20 11:33:19 0.351 ::  AUTOLOAD Class[ Repository ] File [ Main/PHP/Repository.class.php ]
2013-03-20 11:33:19 0.351 ::  AUTOLOAD Class[ Transaction ] File [ Main/PHP/Transaction.class.php ]
2013-03-20 11:33:19 0.352 ::  AUTOLOAD Class[ Connection ] File [ Main/PHP/Connection.class.php ]
2013-03-20 11:33:19 0.352 ::  Transaction [ Begin: mysql ]
2013-03-20 11:33:19 0.353 ::  Status[ OK ] Results[ 1 ] Query[ SELECT valor FROM `configuracao` WHERE parametro = 'chave_vendedores'; ]
2013-03-20 11:33:19 0.353 ::  Transaction [ Commit ]
2013-03-20 11:33:19 0.353 ::  Recuperando Parametro [ chave_vendedores ] Value [ 3 ].
2013-03-20 11:33:19 0.354 ::  AUTOLOAD Class[ Usuarios ] File [ Main/Modulos/Acesso/Usuarios.class.php ]
2013-03-20 11:33:19 0.354 ::  Class[Usuarios] Method[ getUsuarioByGrupo ]
2013-03-20 11:33:19 0.355 ::  Transaction [ Begin: mysql ]
2013-03-20 11:33:19 0.355 ::  Status[ OK ] Results[ 4 ] Query[ SELECT id_usuario, Grupo, Nome FROM usuarios WHERE Grupo = '3' AND status = 1 ]
2013-03-20 11:33:19 0.355 ::  Transaction [ Commit ]
2013-03-20 11:33:34 0.906 ::  AUTOLOAD Class[ Log ] File [ Main/PHP/Log.class.php ]
2013-03-20 11:33:34 0.907 ::  AUTOLOAD Class[ ClientAndroid ] File [ Main/Modulos/ClientAndroid/ClientAndroid.class.php ]
2013-03-20 11:33:34 0.909 ::  AUTOLOAD Class[ Common ] File [ Main/PHP/Common.class.php ]
2013-03-20 11:33:34 0.911 ::  AUTOLOAD Class[ Repository ] File [ Main/PHP/Repository.class.php ]
2013-03-20 11:33:34 0.912 ::  AUTOLOAD Class[ Transaction ] File [ Main/PHP/Transaction.class.php ]
2013-03-20 11:33:34 0.912 ::  AUTOLOAD Class[ Connection ] File [ Main/PHP/Connection.class.php ]
2013-03-20 11:33:34 0.914 ::  Transaction [ Begin: mysql ]
2013-03-20 11:33:34 0.915 ::  Status[ OK ] Results[ 1 ] Query[ SELECT valor FROM `configuracao` WHERE parametro = 'chave_vendedores'; ]
2013-03-20 11:33:34 0.915 ::  Transaction [ Commit ]
2013-03-20 11:33:34 0.915 ::  Recuperando Parametro [ chave_vendedores ] Value [ 3 ].
2013-03-20 11:33:34 0.916 ::  AUTOLOAD Class[ Usuarios ] File [ Main/Modulos/Acesso/Usuarios.class.php ]
2013-03-20 11:33:34 0.916 ::  Class[Usuarios] Method[ getUsuarioByGrupo ]
2013-03-20 11:33:34 0.917 ::  Transaction [ Begin: mysql ]
2013-03-20 11:33:34 0.917 ::  Status[ OK ] Results[ 4 ] Query[ SELECT id_usuario, Grupo, Nome FROM usuarios WHERE Grupo = '3' AND status = 1 ]
2013-03-20 11:33:34 0.917 ::  Transaction [ Commit ]
2013-03-20 11:34:09 0.198 ::  AUTOLOAD Class[ Log ] File [ Main/PHP/Log.class.php ]
2013-03-20 11:34:09 0.198 ::  AUTOLOAD Class[ ClientAndroid ] File [ Main/Modulos/ClientAndroid/ClientAndroid.class.php ]
2013-03-20 11:34:09 0.199 ::  AUTOLOAD Class[ Common ] File [ Main/PHP/Common.class.php ]
2013-03-20 11:34:09 0.200 ::  AUTOLOAD Class[ Repository ] File [ Main/PHP/Repository.class.php ]
2013-03-20 11:34:09 0.200 ::  AUTOLOAD Class[ Transaction ] File [ Main/PHP/Transaction.class.php ]
2013-03-20 11:34:09 0.200 ::  AUTOLOAD Class[ Connection ] File [ Main/PHP/Connection.class.php ]
2013-03-20 11:34:09 0.203 ::  Transaction [ Begin: mysql ]
2013-03-20 11:34:09 0.204 ::  Status[ OK ] Results[ 1 ] Query[ SELECT valor FROM `configuracao` WHERE parametro = 'chave_vendedores'; ]
2013-03-20 11:34:09 0.204 ::  Transaction [ Commit ]
2013-03-20 11:34:09 0.204 ::  Recuperando Parametro [ chave_vendedores ] Value [ 3 ].
2013-03-20 11:34:09 0.205 ::  AUTOLOAD Class[ Usuarios ] File [ Main/Modulos/Acesso/Usuarios.class.php ]
2013-03-20 11:34:09 0.205 ::  Class[Usuarios] Method[ getUsuarioByGrupo ]
2013-03-20 11:34:09 0.205 ::  Transaction [ Begin: mysql ]
2013-03-20 11:34:09 0.206 ::  Status[ OK ] Results[ 4 ] Query[ SELECT id_usuario, Grupo, Nome FROM usuarios WHERE Grupo = '3' AND status = 1 ]
2013-03-20 11:34:09 0.206 ::  Transaction [ Commit ]
2013-03-20 11:51:54 0.514 ::  AUTOLOAD Class[ Log ] File [ Main/PHP/Log.class.php ]
2013-03-20 11:51:54 0.514 ::  AUTOLOAD Class[ ClientAndroid ] File [ Main/Modulos/ClientAndroid/ClientAndroid.class.php ]
2013-03-20 11:51:54 0.515 ::  AUTOLOAD Class[ Common ] File [ Main/PHP/Common.class.php ]
2013-03-20 11:51:54 0.517 ::  AUTOLOAD Class[ Repository ] File [ Main/PHP/Repository.class.php ]
2013-03-20 11:51:54 0.517 ::  AUTOLOAD Class[ Transaction ] File [ Main/PHP/Transaction.class.php ]
2013-03-20 11:51:54 0.517 ::  AUTOLOAD Class[ Connection ] File [ Main/PHP/Connection.class.php ]
2013-03-20 11:51:54 0.519 ::  Transaction [ Begin: mysql ]
2013-03-20 11:51:54 0.520 ::  Status[ OK ] Results[ 1 ] Query[ SELECT valor FROM `configuracao` WHERE parametro = 'chave_vendedores'; ]
2013-03-20 11:51:54 0.520 ::  Transaction [ Commit ]
2013-03-20 11:51:54 0.520 ::  Recuperando Parametro [ chave_vendedores ] Value [ 3 ].
2013-03-20 11:51:54 0.521 ::  AUTOLOAD Class[ Usuarios ] File [ Main/Modulos/Acesso/Usuarios.class.php ]
2013-03-20 11:51:54 0.521 ::  Class[Usuarios] Method[ getUsuarioByGrupo ]
2013-03-20 11:51:54 0.521 ::  Transaction [ Begin: mysql ]
2013-03-20 11:51:54 0.522 ::  Status[ OK ] Results[ 4 ] Query[ SELECT id_usuario, Grupo, Nome FROM usuarios WHERE Grupo = '3' AND status = 1 ]
2013-03-20 11:51:54 0.522 ::  Transaction [ Commit ]
2013-03-20 11:56:58 0.489 ::  AUTOLOAD Class[ Log ] File [ Main/PHP/Log.class.php ]
2013-03-20 11:56:58 0.489 ::  AUTOLOAD Class[ ClientAndroid ] File [ Main/Modulos/ClientAndroid/ClientAndroid.class.php ]
2013-03-20 11:56:58 0.490 ::  AUTOLOAD Class[ Common ] File [ Main/PHP/Common.class.php ]
2013-03-20 11:56:58 0.490 ::  AUTOLOAD Class[ Repository ] File [ Main/PHP/Repository.class.php ]
2013-03-20 11:56:58 0.491 ::  AUTOLOAD Class[ Transaction ] File [ Main/PHP/Transaction.class.php ]
2013-03-20 11:56:58 0.491 ::  AUTOLOAD Class[ Connection ] File [ Main/PHP/Connection.class.php ]
2013-03-20 11:56:58 0.492 ::  Transaction [ Begin: mysql ]
2013-03-20 11:56:58 0.492 ::  Status[ OK ] Results[ 1 ] Query[ SELECT valor FROM `configuracao` WHERE parametro = 'chave_vendedores'; ]
2013-03-20 11:56:58 0.492 ::  Transaction [ Commit ]
2013-03-20 11:56:58 0.492 ::  Recuperando Parametro [ chave_vendedores ] Value [ 3 ].
2013-03-20 11:56:58 0.493 ::  AUTOLOAD Class[ Usuarios ] File [ Main/Modulos/Acesso/Usuarios.class.php ]
2013-03-20 11:56:58 0.493 ::  Class[Usuarios] Method[ getUsuarioByGrupo ]
2013-03-20 11:56:58 0.494 ::  Transaction [ Begin: mysql ]
2013-03-20 11:56:58 0.495 ::  Status[ OK ] Results[ 4 ] Query[ SELECT id_usuario, Grupo, Nome FROM usuarios WHERE Grupo = '3' AND status = 1 ]
2013-03-20 11:56:58 0.495 ::  Transaction [ Commit ]
2013-03-20 11:57:58 0.026 ::  AUTOLOAD Class[ Log ] File [ Main/PHP/Log.class.php ]
2013-03-20 11:57:58 0.026 ::  AUTOLOAD Class[ ClientAndroid ] File [ Main/Modulos/ClientAndroid/ClientAndroid.class.php ]
2013-03-20 11:57:58 0.028 ::  AUTOLOAD Class[ Common ] File [ Main/PHP/Common.class.php ]
2013-03-20 11:57:58 0.030 ::  AUTOLOAD Class[ Repository ] File [ Main/PHP/Repository.class.php ]
2013-03-20 11:57:58 0.031 ::  AUTOLOAD Class[ Transaction ] File [ Main/PHP/Transaction.class.php ]
2013-03-20 11:57:58 0.031 ::  AUTOLOAD Class[ Connection ] File [ Main/PHP/Connection.class.php ]
2013-03-20 11:57:58 0.036 ::  Transaction [ Begin: mysql ]
2013-03-20 11:57:58 0.037 ::  Status[ OK ] Results[ 1 ] Query[ SELECT valor FROM `configuracao` WHERE parametro = 'chave_vendedores'; ]
2013-03-20 11:57:58 0.037 ::  Transaction [ Commit ]
2013-03-20 11:57:58 0.038 ::  Recuperando Parametro [ chave_vendedores ] Value [ 3 ].
2013-03-20 11:57:58 0.039 ::  AUTOLOAD Class[ Usuarios ] File [ Main/Modulos/Acesso/Usuarios.class.php ]
2013-03-20 11:57:58 0.040 ::  Class[Usuarios] Method[ getUsuarioByGrupo ]
2013-03-20 11:57:58 0.041 ::  Transaction [ Begin: mysql ]
2013-03-20 11:57:58 0.044 ::  Status[ OK ] Results[ 4 ] Query[ SELECT id_usuario, Grupo, Nome FROM usuarios WHERE Grupo = '3' AND status = 1 ]
2013-03-20 11:57:58 0.044 ::  Transaction [ Commit ]
2013-03-20 12:01:47 0.262 ::  AUTOLOAD Class[ Log ] File [ Main/PHP/Log.class.php ]
2013-03-20 12:01:47 0.262 ::  AUTOLOAD Class[ ClientAndroid ] File [ Main/Modulos/ClientAndroid/ClientAndroid.class.php ]
2013-03-20 12:01:47 0.263 ::  AUTOLOAD Class[ Common ] File [ Main/PHP/Common.class.php ]
2013-03-20 12:01:47 0.267 ::  AUTOLOAD Class[ Repository ] File [ Main/PHP/Repository.class.php ]
2013-03-20 12:01:47 0.268 ::  AUTOLOAD Class[ Transaction ] File [ Main/PHP/Transaction.class.php ]
2013-03-20 12:01:47 0.268 ::  AUTOLOAD Class[ Connection ] File [ Main/PHP/Connection.class.php ]
2013-03-20 12:01:47 0.269 ::  Transaction [ Begin: mysql ]
2013-03-20 12:01:47 0.269 ::  Status[ OK ] Results[ 1 ] Query[ SELECT valor FROM `configuracao` WHERE parametro = 'chave_vendedores'; ]
2013-03-20 12:01:47 0.270 ::  Transaction [ Commit ]
2013-03-20 12:01:47 0.270 ::  Recuperando Parametro [ chave_vendedores ] Value [ 3 ].
2013-03-20 12:01:47 0.271 ::  AUTOLOAD Class[ Usuarios ] File [ Main/Modulos/Acesso/Usuarios.class.php ]
2013-03-20 12:01:47 0.271 ::  Class[Usuarios] Method[ getUsuarioByGrupo ]
2013-03-20 12:01:47 0.271 ::  Transaction [ Begin: mysql ]
2013-03-20 12:01:47 0.272 ::  Status[ OK ] Results[ 4 ] Query[ SELECT id_usuario, Grupo, Nome FROM usuarios WHERE Grupo = '3' AND status = 1 ]
2013-03-20 12:01:47 0.272 ::  Transaction [ Commit ]
2013-03-20 12:40:16 0.381 ::  AUTOLOAD Class[ Log ] File [ Main/PHP/Log.class.php ]
2013-03-20 12:40:16 0.381 ::  AUTOLOAD Class[ ClientAndroid ] File [ Main/Modulos/ClientAndroid/ClientAndroid.class.php ]
2013-03-20 12:40:16 0.382 ::  AUTOLOAD Class[ Common ] File [ Main/PHP/Common.class.php ]
2013-03-20 12:40:16 0.383 ::  AUTOLOAD Class[ Repository ] File [ Main/PHP/Repository.class.php ]
2013-03-20 12:40:16 0.383 ::  AUTOLOAD Class[ Transaction ] File [ Main/PHP/Transaction.class.php ]
2013-03-20 12:40:16 0.384 ::  AUTOLOAD Class[ Connection ] File [ Main/PHP/Connection.class.php ]
2013-03-20 12:40:16 0.385 ::  Transaction [ Begin: mysql ]
2013-03-20 12:40:16 0.385 ::  Status[ OK ] Results[ 1 ] Query[ SELECT valor FROM `configuracao` WHERE parametro = 'chave_vendedores'; ]
2013-03-20 12:40:16 0.385 ::  Transaction [ Commit ]
2013-03-20 12:40:16 0.385 ::  Recuperando Parametro [ chave_vendedores ] Value [ 3 ].
2013-03-20 12:40:16 0.386 ::  AUTOLOAD Class[ Usuarios ] File [ Main/Modulos/Acesso/Usuarios.class.php ]
2013-03-20 12:40:16 0.386 ::  Class[Usuarios] Method[ getUsuarioByGrupo ]
2013-03-20 12:40:16 0.387 ::  Transaction [ Begin: mysql ]
2013-03-20 12:40:16 0.387 ::  Status[ OK ] Results[ 4 ] Query[ SELECT id_usuario, Grupo, Nome FROM usuarios WHERE Grupo = '3' AND status = 1 ]
2013-03-20 12:40:16 0.388 ::  Transaction [ Commit ]
2013-03-20 12:40:40 0.415 ::  AUTOLOAD Class[ Log ] File [ Main/PHP/Log.class.php ]
2013-03-20 12:40:40 0.415 ::  AUTOLOAD Class[ ClientAndroid ] File [ Main/Modulos/ClientAndroid/ClientAndroid.class.php ]
2013-03-20 12:40:40 0.416 ::  AUTOLOAD Class[ Common ] File [ Main/PHP/Common.class.php ]
2013-03-20 12:40:40 0.417 ::  AUTOLOAD Class[ Repository ] File [ Main/PHP/Repository.class.php ]
2013-03-20 12:40:40 0.417 ::  AUTOLOAD Class[ Transaction ] File [ Main/PHP/Transaction.class.php ]
2013-03-20 12:40:40 0.418 ::  AUTOLOAD Class[ Connection ] File [ Main/PHP/Connection.class.php ]
2013-03-20 12:40:40 0.419 ::  Transaction [ Begin: mysql ]
2013-03-20 12:40:40 0.420 ::  Status[ OK ] Results[ 1 ] Query[ SELECT valor FROM `configuracao` WHERE parametro = 'chave_vendedores'; ]
2013-03-20 12:40:40 0.420 ::  Transaction [ Commit ]
2013-03-20 12:40:40 0.420 ::  Recuperando Parametro [ chave_vendedores ] Value [ 3 ].
2013-03-20 12:40:40 0.422 ::  AUTOLOAD Class[ Usuarios ] File [ Main/Modulos/Acesso/Usuarios.class.php ]
2013-03-20 12:40:40 0.422 ::  Class[Usuarios] Method[ getUsuarioByGrupo ]
2013-03-20 12:40:40 0.423 ::  Transaction [ Begin: mysql ]
2013-03-20 12:40:40 0.438 ::  Status[ OK ] Results[ 4 ] Query[ SELECT id_usuario, Grupo, Nome FROM usuarios WHERE Grupo = '3' AND status = 1 ]
2013-03-20 12:40:40 0.438 ::  Transaction [ Commit ]
2013-03-20 12:41:08 0.135 ::  AUTOLOAD Class[ Log ] File [ Main/PHP/Log.class.php ]
2013-03-20 12:41:08 0.135 ::  AUTOLOAD Class[ ClientAndroid ] File [ Main/Modulos/ClientAndroid/ClientAndroid.class.php ]
2013-03-20 12:41:08 0.136 ::  AUTOLOAD Class[ Common ] File [ Main/PHP/Common.class.php ]
2013-03-20 12:41:08 0.138 ::  AUTOLOAD Class[ Repository ] File [ Main/PHP/Repository.class.php ]
2013-03-20 12:41:08 0.138 ::  AUTOLOAD Class[ Transaction ] File [ Main/PHP/Transaction.class.php ]
2013-03-20 12:41:08 0.138 ::  AUTOLOAD Class[ Connection ] File [ Main/PHP/Connection.class.php ]
2013-03-20 12:41:08 0.139 ::  Transaction [ Begin: mysql ]
2013-03-20 12:41:08 0.139 ::  Status[ OK ] Results[ 1 ] Query[ SELECT valor FROM `configuracao` WHERE parametro = 'chave_vendedores'; ]
2013-03-20 12:41:08 0.140 ::  Transaction [ Commit ]
2013-03-20 12:41:08 0.140 ::  Recuperando Parametro [ chave_vendedores ] Value [ 3 ].
2013-03-20 12:41:08 0.140 ::  AUTOLOAD Class[ Usuarios ] File [ Main/Modulos/Acesso/Usuarios.class.php ]
2013-03-20 12:41:08 0.140 ::  Class[Usuarios] Method[ getUsuarioByGrupo ]
2013-03-20 12:41:08 0.141 ::  Transaction [ Begin: mysql ]
2013-03-20 12:41:08 0.142 ::  Status[ OK ] Results[ 4 ] Query[ SELECT id_usuario, Grupo, Nome FROM usuarios WHERE Grupo = '3' AND status = 1 ]
2013-03-20 12:41:08 0.142 ::  Transaction [ Commit ]
2013-03-20 12:42:22 0.197 ::  AUTOLOAD Class[ Log ] File [ Main/PHP/Log.class.php ]
2013-03-20 12:42:22 0.197 ::  AUTOLOAD Class[ ClientAndroid ] File [ Main/Modulos/ClientAndroid/ClientAndroid.class.php ]
2013-03-20 12:42:22 0.198 ::  AUTOLOAD Class[ Common ] File [ Main/PHP/Common.class.php ]
2013-03-20 12:42:22 0.199 ::  AUTOLOAD Class[ Repository ] File [ Main/PHP/Repository.class.php ]
2013-03-20 12:42:22 0.199 ::  AUTOLOAD Class[ Transaction ] File [ Main/PHP/Transaction.class.php ]
2013-03-20 12:42:22 0.200 ::  AUTOLOAD Class[ Connection ] File [ Main/PHP/Connection.class.php ]
2013-03-20 12:42:22 0.200 ::  Transaction [ Begin: mysql ]
2013-03-20 12:42:22 0.201 ::  Status[ OK ] Results[ 1 ] Query[ SELECT valor FROM `configuracao` WHERE parametro = 'chave_vendedores'; ]
2013-03-20 12:42:22 0.201 ::  Transaction [ Commit ]
2013-03-20 12:42:22 0.201 ::  Recuperando Parametro [ chave_vendedores ] Value [ 3 ].
2013-03-20 12:42:22 0.202 ::  AUTOLOAD Class[ Usuarios ] File [ Main/Modulos/Acesso/Usuarios.class.php ]
2013-03-20 12:42:22 0.202 ::  Class[Usuarios] Method[ getUsuarioByGrupo ]
2013-03-20 12:42:22 0.203 ::  Transaction [ Begin: mysql ]
2013-03-20 12:42:22 0.204 ::  Status[ OK ] Results[ 4 ] Query[ SELECT id_usuario, Grupo, Nome FROM usuarios WHERE Grupo = '3' AND status = 1 ]
2013-03-20 12:42:22 0.204 ::  Transaction [ Commit ]
2013-03-20 12:49:08 0.875 ::  AUTOLOAD Class[ Log ] File [ Main/PHP/Log.class.php ]
2013-03-20 12:49:08 0.875 ::  AUTOLOAD Class[ ClientAndroid ] File [ Main/Modulos/ClientAndroid/ClientAndroid.class.php ]
2013-03-20 12:49:08 0.877 ::  AUTOLOAD Class[ Common ] File [ Main/PHP/Common.class.php ]
2013-03-20 12:49:08 0.877 ::  AUTOLOAD Class[ Repository ] File [ Main/PHP/Repository.class.php ]
2013-03-20 12:49:08 0.878 ::  AUTOLOAD Class[ Transaction ] File [ Main/PHP/Transaction.class.php ]
2013-03-20 12:49:08 0.878 ::  AUTOLOAD Class[ Connection ] File [ Main/PHP/Connection.class.php ]
2013-03-20 12:49:08 0.879 ::  Transaction [ Begin: mysql ]
2013-03-20 12:49:08 0.879 ::  Status[ OK ] Results[ 1 ] Query[ SELECT valor FROM `configuracao` WHERE parametro = 'chave_vendedores'; ]
2013-03-20 12:49:08 0.880 ::  Transaction [ Commit ]
2013-03-20 12:49:08 0.880 ::  Recuperando Parametro [ chave_vendedores ] Value [ 3 ].
2013-03-20 12:49:08 0.881 ::  AUTOLOAD Class[ Usuarios ] File [ Main/Modulos/Acesso/Usuarios.class.php ]
2013-03-20 12:49:08 0.881 ::  Class[Usuarios] Method[ getUsuarioByGrupo ]
2013-03-20 12:49:08 0.882 ::  Transaction [ Begin: mysql ]
2013-03-20 12:49:08 0.882 ::  Status[ OK ] Results[ 4 ] Query[ SELECT id_usuario, Grupo, Nome FROM usuarios WHERE Grupo = '3' AND status = 1 ]
2013-03-20 12:49:08 0.882 ::  Transaction [ Commit ]
2013-03-20 12:56:23 0.538 ::  AUTOLOAD Class[ Log ] File [ Main/PHP/Log.class.php ]
2013-03-20 12:56:23 0.538 ::  AUTOLOAD Class[ ClientAndroid ] File [ Main/Modulos/ClientAndroid/ClientAndroid.class.php ]
2013-03-20 12:56:23 0.538 ::  AUTOLOAD Class[ Common ] File [ Main/PHP/Common.class.php ]
2013-03-20 12:56:23 0.539 ::  AUTOLOAD Class[ Repository ] File [ Main/PHP/Repository.class.php ]
2013-03-20 12:56:23 0.539 ::  AUTOLOAD Class[ Transaction ] File [ Main/PHP/Transaction.class.php ]
2013-03-20 12:56:23 0.540 ::  AUTOLOAD Class[ Connection ] File [ Main/PHP/Connection.class.php ]
2013-03-20 12:56:23 0.540 ::  Transaction [ Begin: mysql ]
2013-03-20 12:56:23 0.541 ::  Status[ OK ] Results[ 1 ] Query[ SELECT valor FROM `configuracao` WHERE parametro = 'chave_vendedores'; ]
2013-03-20 12:56:23 0.541 ::  Transaction [ Commit ]
2013-03-20 12:56:23 0.541 ::  Recuperando Parametro [ chave_vendedores ] Value [ 3 ].
2013-03-20 12:56:23 0.542 ::  AUTOLOAD Class[ Usuarios ] File [ Main/Modulos/Acesso/Usuarios.class.php ]
2013-03-20 12:56:23 0.542 ::  Class[Usuarios] Method[ getUsuarioByGrupo ]
2013-03-20 12:56:23 0.543 ::  Transaction [ Begin: mysql ]
2013-03-20 12:56:23 0.544 ::  Status[ OK ] Results[ 4 ] Query[ SELECT id_usuario, Grupo, Nome FROM usuarios WHERE Grupo = '3' AND status = 1 ]
2013-03-20 12:56:23 0.544 ::  Transaction [ Commit ]
2013-03-20 13:02:25 0.174 ::  AUTOLOAD Class[ Log ] File [ Main/PHP/Log.class.php ]
2013-03-20 13:02:25 0.174 ::  AUTOLOAD Class[ ClientAndroid ] File [ Main/Modulos/ClientAndroid/ClientAndroid.class.php ]
2013-03-20 13:02:25 0.175 ::  AUTOLOAD Class[ Common ] File [ Main/PHP/Common.class.php ]
2013-03-20 13:02:25 0.177 ::  AUTOLOAD Class[ Repository ] File [ Main/PHP/Repository.class.php ]
2013-03-20 13:02:25 0.178 ::  AUTOLOAD Class[ Transaction ] File [ Main/PHP/Transaction.class.php ]
2013-03-20 13:02:25 0.178 ::  AUTOLOAD Class[ Connection ] File [ Main/PHP/Connection.class.php ]
2013-03-20 13:02:25 0.179 ::  Transaction [ Begin: mysql ]
2013-03-20 13:02:25 0.180 ::  Status[ OK ] Results[ 1 ] Query[ SELECT valor FROM `configuracao` WHERE parametro = 'chave_vendedores'; ]
2013-03-20 13:02:25 0.180 ::  Transaction [ Commit ]
2013-03-20 13:02:25 0.180 ::  Recuperando Parametro [ chave_vendedores ] Value [ 3 ].
2013-03-20 13:02:25 0.182 ::  AUTOLOAD Class[ Usuarios ] File [ Main/Modulos/Acesso/Usuarios.class.php ]
2013-03-20 13:02:25 0.182 ::  Class[Usuarios] Method[ getUsuarioByGrupo ]
2013-03-20 13:02:25 0.183 ::  Transaction [ Begin: mysql ]
2013-03-20 13:02:25 0.184 ::  Status[ OK ] Results[ 4 ] Query[ SELECT id_usuario, Grupo, Nome FROM usuarios WHERE Grupo = '3' AND status = 1 ]
2013-03-20 13:02:25 0.184 ::  Transaction [ Commit ]
2013-03-20 13:04:07 0.428 ::  AUTOLOAD Class[ Log ] File [ Main/PHP/Log.class.php ]
2013-03-20 13:04:07 0.429 ::  AUTOLOAD Class[ ClientAndroid ] File [ Main/Modulos/ClientAndroid/ClientAndroid.class.php ]
2013-03-20 13:04:07 0.430 ::  AUTOLOAD Class[ Common ] File [ Main/PHP/Common.class.php ]
2013-03-20 13:04:07 0.431 ::  AUTOLOAD Class[ Repository ] File [ Main/PHP/Repository.class.php ]
2013-03-20 13:04:07 0.431 ::  AUTOLOAD Class[ Transaction ] File [ Main/PHP/Transaction.class.php ]
2013-03-20 13:04:07 0.431 ::  AUTOLOAD Class[ Connection ] File [ Main/PHP/Connection.class.php ]
2013-03-20 13:04:07 0.432 ::  Transaction [ Begin: mysql ]
2013-03-20 13:04:07 0.432 ::  Status[ OK ] Results[ 1 ] Query[ SELECT valor FROM `configuracao` WHERE parametro = 'chave_vendedores'; ]
2013-03-20 13:04:07 0.433 ::  Transaction [ Commit ]
2013-03-20 13:04:07 0.433 ::  Recuperando Parametro [ chave_vendedores ] Value [ 3 ].
2013-03-20 13:04:07 0.434 ::  AUTOLOAD Class[ Usuarios ] File [ Main/Modulos/Acesso/Usuarios.class.php ]
2013-03-20 13:04:07 0.434 ::  Class[Usuarios] Method[ getUsuarioByGrupo ]
2013-03-20 13:04:07 0.436 ::  Transaction [ Begin: mysql ]
2013-03-20 13:04:07 0.437 ::  Status[ OK ] Results[ 4 ] Query[ SELECT id_usuario, Grupo, Nome FROM usuarios WHERE Grupo = '3' AND status = 1 ]
2013-03-20 13:04:07 0.437 ::  Transaction [ Commit ]
2013-03-20 13:05:47 0.826 ::  AUTOLOAD Class[ Log ] File [ Main/PHP/Log.class.php ]
2013-03-20 13:05:47 0.826 ::  AUTOLOAD Class[ ClientAndroid ] File [ Main/Modulos/ClientAndroid/ClientAndroid.class.php ]
2013-03-20 13:05:47 0.828 ::  AUTOLOAD Class[ Common ] File [ Main/PHP/Common.class.php ]
2013-03-20 13:05:47 0.828 ::  AUTOLOAD Class[ Repository ] File [ Main/PHP/Repository.class.php ]
2013-03-20 13:05:47 0.829 ::  AUTOLOAD Class[ Transaction ] File [ Main/PHP/Transaction.class.php ]
2013-03-20 13:05:47 0.829 ::  AUTOLOAD Class[ Connection ] File [ Main/PHP/Connection.class.php ]
2013-03-20 13:05:47 0.830 ::  Transaction [ Begin: mysql ]
2013-03-20 13:05:47 0.830 ::  Status[ OK ] Results[ 1 ] Query[ SELECT valor FROM `configuracao` WHERE parametro = 'chave_vendedores'; ]
2013-03-20 13:05:47 0.830 ::  Transaction [ Commit ]
2013-03-20 13:05:47 0.830 ::  Recuperando Parametro [ chave_vendedores ] Value [ 3 ].
2013-03-20 13:05:47 0.831 ::  AUTOLOAD Class[ Usuarios ] File [ Main/Modulos/Acesso/Usuarios.class.php ]
2013-03-20 13:05:47 0.831 ::  Class[Usuarios] Method[ getUsuarioByGrupo ]
2013-03-20 13:05:47 0.832 ::  Transaction [ Begin: mysql ]
2013-03-20 13:05:47 0.832 ::  Status[ OK ] Results[ 4 ] Query[ SELECT id_usuario, Grupo, Nome FROM usuarios WHERE Grupo = '3' AND status = 1 ]
2013-03-20 13:05:47 0.833 ::  Transaction [ Commit ]
