2013-06-15 00:25:17 0.741 ::  AUTOLOAD Class[ Log ] File [ Main/PHP/Log.class.php ]
2013-06-15 00:25:17 0.751 ::  AUTOLOAD Class[ ClientAndroid ] File [ Main/Modulos/ClientAndroid/ClientAndroid.class.php ]
2013-06-15 00:25:17 0.760 ::  AUTOLOAD Class[ Catalogos ] File [ Main/Modulos/Produtos/Catalogos.class.php ]
2013-06-15 00:25:17 0.760 ::  Class[ Catalogos ] Method[ getCatalogoAtual ]
2013-06-15 00:25:17 0.762 ::  AUTOLOAD Class[ Repository ] File [ Main/PHP/Repository.class.php ]
2013-06-15 00:25:17 0.762 ::  Repository [ Paginacao: 0 ]
2013-06-15 00:25:17 0.772 ::  AUTOLOAD Class[ Transaction ] File [ Main/PHP/Transaction.class.php ]
2013-06-15 00:25:17 0.773 ::  AUTOLOAD Class[ Connection ] File [ Main/PHP/Connection.class.php ]
2013-06-15 00:25:17 0.817 ::  Transaction [ Begin: mysql ]
2013-06-15 00:25:17 0.824 ::  Status[ OK ] Results[ 1 ] Query[ SELECT pk_catalogo, dt_inclusao FROM tb_catalogos ORDER BY dt_inclusao DESC LIMIT 1 ]
2013-06-15 00:25:17 0.824 ::  Transaction [ Commit ]
2013-06-15 00:25:17 0.825 ::  Catalogo Mais Atual. pk_catalogo[ 200 ]
2013-06-15 00:25:17 0.825 ::  Class[ Catalogos ] Method[ getProdutosCompletoInCatalogoById ]
2013-06-15 00:25:17 0.825 ::  Class[ Catalogos ] Method[ getCatalogoById ]
2013-06-15 00:25:17 0.826 ::  Transaction [ Begin: mysql ]
2013-06-15 00:25:17 0.826 ::  Status[ OK ] Results[ 1 ] Query[ SELECT * FROM tb_catalogos WHERE pk_catalogo = 200 ]
2013-06-15 00:25:17 0.827 ::  Transaction [ Commit ]
2013-06-15 00:25:17 0.827 ::  Transaction [ Begin: mysql ]
2013-06-15 00:25:17 0.941 ::  Status[ OK ] Results[ 1475 ] Query[ SELECT
                        COUNT(*) as total_count
                    FROM
                        tb_produtos a
                            INNER JOIN
                        tb_produtos_estoque b ON a.pk_id_produto = b.fk_id_produto
                            INNER JOIN
                        tb_produtos_preco c ON a.pk_id_produto = c.fk_id_produto WHERE b.quantidade > 30 AND c.preco > 0 ]
2013-06-15 00:25:17 0.941 ::  Transaction [ Commit ]
2013-06-15 00:25:17 0.942 ::  Transaction [ Begin: mysql ]
2013-06-15 00:25:18 0.071 ::  Status[ OK ] Results[ 1475 ] Query[ SELECT
                    a.pk_id_produto,
                    a.pk_id_produto as codigo,
                    a.fk_id_categoria,
                    a.descricao_curta,
                    a.descricao_longa,
                    b.quantidade,
                    c.preco
                FROM
                    tb_produtos a
                        INNER JOIN
                    tb_produtos_estoque b ON a.pk_id_produto = b.fk_id_produto
                        INNER JOIN
                    tb_produtos_preco c ON a.pk_id_produto = c.fk_id_produto  WHERE b.quantidade > 30 AND c.preco > 0 ]
2013-06-15 00:25:18 0.071 ::  Transaction [ Commit ]
2013-06-15 00:26:48 0.570 ::  AUTOLOAD Class[ Log ] File [ Main/PHP/Log.class.php ]
2013-06-15 00:26:48 0.570 ::  AUTOLOAD Class[ ClientAndroid ] File [ Main/Modulos/ClientAndroid/ClientAndroid.class.php ]
2013-06-15 00:26:48 0.573 ::  AUTOLOAD Class[ Catalogos ] File [ Main/Modulos/Produtos/Catalogos.class.php ]
2013-06-15 00:26:48 0.573 ::  Class[ Catalogos ] Method[ getCatalogoAtual ]
2013-06-15 00:26:48 0.575 ::  AUTOLOAD Class[ Repository ] File [ Main/PHP/Repository.class.php ]
2013-06-15 00:26:48 0.575 ::  Repository [ Paginacao: 0 ]
2013-06-15 00:26:48 0.576 ::  AUTOLOAD Class[ Transaction ] File [ Main/PHP/Transaction.class.php ]
2013-06-15 00:26:48 0.577 ::  AUTOLOAD Class[ Connection ] File [ Main/PHP/Connection.class.php ]
2013-06-15 00:26:48 0.582 ::  Transaction [ Begin: mysql ]
2013-06-15 00:26:48 0.584 ::  Status[ OK ] Results[ 1 ] Query[ SELECT pk_catalogo, dt_inclusao FROM tb_catalogos ORDER BY dt_inclusao DESC LIMIT 1 ]
2013-06-15 00:26:48 0.584 ::  Transaction [ Commit ]
2013-06-15 00:26:48 0.584 ::  Catalogo Mais Atual. pk_catalogo[ 200 ]
2013-06-15 00:26:48 0.585 ::  Class[ Catalogos ] Method[ getProdutosCompletoInCatalogoById ]
2013-06-15 00:26:48 0.585 ::  Class[ Catalogos ] Method[ getCatalogoById ]
2013-06-15 00:26:48 0.586 ::  Transaction [ Begin: mysql ]
2013-06-15 00:26:48 0.587 ::  Status[ OK ] Results[ 1 ] Query[ SELECT * FROM tb_catalogos WHERE pk_catalogo = 200 ]
2013-06-15 00:26:48 0.587 ::  Transaction [ Commit ]
2013-06-15 00:26:48 0.588 ::  Transaction [ Begin: mysql ]
2013-06-15 00:26:48 0.589 ::  Status[ OK ] Results[ 1475 ] Query[ SELECT
                        COUNT(*) as total_count
                    FROM
                        tb_produtos a
                            INNER JOIN
                        tb_produtos_estoque b ON a.pk_id_produto = b.fk_id_produto
                            INNER JOIN
                        tb_produtos_preco c ON a.pk_id_produto = c.fk_id_produto WHERE b.quantidade > 30 AND c.preco > 0 ]
2013-06-15 00:26:48 0.590 ::  Transaction [ Commit ]
2013-06-15 00:26:48 0.591 ::  Transaction [ Begin: mysql ]
2013-06-15 00:26:48 0.608 ::  Status[ OK ] Results[ 1475 ] Query[ SELECT
                    a.pk_id_produto,
                    a.pk_id_produto as codigo,
                    a.fk_id_categoria,
                    a.descricao_curta,
                    a.descricao_longa,
                    b.quantidade,
                    c.preco
                FROM
                    tb_produtos a
                        INNER JOIN
                    tb_produtos_estoque b ON a.pk_id_produto = b.fk_id_produto
                        INNER JOIN
                    tb_produtos_preco c ON a.pk_id_produto = c.fk_id_produto  WHERE b.quantidade > 30 AND c.preco > 0 ]
2013-06-15 00:26:48 0.608 ::  Transaction [ Commit ]
2013-06-15 00:33:04 0.063 ::  AUTOLOAD Class[ Log ] File [ Main/PHP/Log.class.php ]
2013-06-15 00:33:04 0.063 ::  AUTOLOAD Class[ ClientAndroid ] File [ Main/Modulos/ClientAndroid/ClientAndroid.class.php ]
2013-06-15 00:33:04 0.069 ::  AUTOLOAD Class[ Catalogos ] File [ Main/Modulos/Produtos/Catalogos.class.php ]
2013-06-15 00:33:04 0.069 ::  Class[ Catalogos ] Method[ getCatalogoAtual ]
2013-06-15 00:33:04 0.069 ::  AUTOLOAD Class[ Repository ] File [ Main/PHP/Repository.class.php ]
2013-06-15 00:33:04 0.070 ::  Repository [ Paginacao: 0 ]
2013-06-15 00:33:04 0.070 ::  AUTOLOAD Class[ Transaction ] File [ Main/PHP/Transaction.class.php ]
2013-06-15 00:33:04 0.070 ::  AUTOLOAD Class[ Connection ] File [ Main/PHP/Connection.class.php ]
2013-06-15 00:33:04 0.073 ::  Transaction [ Begin: mysql ]
2013-06-15 00:33:04 0.073 ::  Status[ OK ] Results[ 1 ] Query[ SELECT pk_catalogo, dt_inclusao FROM tb_catalogos ORDER BY dt_inclusao DESC LIMIT 1 ]
2013-06-15 00:33:04 0.074 ::  Transaction [ Commit ]
2013-06-15 00:33:04 0.074 ::  Catalogo Mais Atual. pk_catalogo[ 200 ]
2013-06-15 00:33:04 0.074 ::  Class[ Catalogos ] Method[ getProdutosCompletoInCatalogoById ]
2013-06-15 00:33:04 0.074 ::  Class[ Catalogos ] Method[ getCatalogoById ]
2013-06-15 00:33:04 0.075 ::  Transaction [ Begin: mysql ]
2013-06-15 00:33:04 0.076 ::  Status[ OK ] Results[ 1 ] Query[ SELECT * FROM tb_catalogos WHERE pk_catalogo = 200 ]
2013-06-15 00:33:04 0.076 ::  Transaction [ Commit ]
2013-06-15 00:33:04 0.077 ::  Transaction [ Begin: mysql ]
2013-06-15 00:33:04 0.077 ::  Status[ OK ] Results[ 1475 ] Query[ SELECT
                        COUNT(*) as total_count
                    FROM
                        tb_produtos a
                            INNER JOIN
                        tb_produtos_estoque b ON a.pk_id_produto = b.fk_id_produto
                            INNER JOIN
                        tb_produtos_preco c ON a.pk_id_produto = c.fk_id_produto WHERE b.quantidade > 30 AND c.preco > 0 ]
2013-06-15 00:33:04 0.077 ::  Transaction [ Commit ]
2013-06-15 00:33:04 0.078 ::  Transaction [ Begin: mysql ]
2013-06-15 00:33:04 0.094 ::  Status[ OK ] Results[ 1475 ] Query[ SELECT
                    a.pk_id_produto,
                    a.pk_id_produto as codigo,
                    a.fk_id_categoria,
                    a.descricao_curta,
                    a.descricao_longa,
                    b.quantidade,
                    c.preco
                FROM
                    tb_produtos a
                        INNER JOIN
                    tb_produtos_estoque b ON a.pk_id_produto = b.fk_id_produto
                        INNER JOIN
                    tb_produtos_preco c ON a.pk_id_produto = c.fk_id_produto  WHERE b.quantidade > 30 AND c.preco > 0 ]
2013-06-15 00:33:04 0.094 ::  Transaction [ Commit ]
2013-06-15 00:35:44 0.797 ::  AUTOLOAD Class[ Log ] File [ Main/PHP/Log.class.php ]
2013-06-15 00:35:44 0.797 ::  AUTOLOAD Class[ ClientAndroid ] File [ Main/Modulos/ClientAndroid/ClientAndroid.class.php ]
2013-06-15 00:35:44 0.798 ::  AUTOLOAD Class[ Catalogos ] File [ Main/Modulos/Produtos/Catalogos.class.php ]
2013-06-15 00:35:44 0.798 ::  Class[ Catalogos ] Method[ getCatalogoAtual ]
2013-06-15 00:35:44 0.799 ::  AUTOLOAD Class[ Repository ] File [ Main/PHP/Repository.class.php ]
2013-06-15 00:35:44 0.799 ::  Repository [ Paginacao: 0 ]
2013-06-15 00:35:44 0.800 ::  AUTOLOAD Class[ Transaction ] File [ Main/PHP/Transaction.class.php ]
2013-06-15 00:35:44 0.800 ::  AUTOLOAD Class[ Connection ] File [ Main/PHP/Connection.class.php ]
2013-06-15 00:35:44 0.802 ::  Transaction [ Begin: mysql ]
2013-06-15 00:35:44 0.803 ::  Status[ OK ] Results[ 1 ] Query[ SELECT pk_catalogo, dt_inclusao FROM tb_catalogos ORDER BY dt_inclusao DESC LIMIT 1 ]
2013-06-15 00:35:44 0.803 ::  Transaction [ Commit ]
2013-06-15 00:35:44 0.803 ::  Catalogo Mais Atual. pk_catalogo[ 200 ]
2013-06-15 00:35:44 0.803 ::  Class[ Catalogos ] Method[ getProdutosCompletoInCatalogoById ]
2013-06-15 00:35:44 0.803 ::  Class[ Catalogos ] Method[ getCatalogoById ]
2013-06-15 00:35:44 0.805 ::  Transaction [ Begin: mysql ]
2013-06-15 00:35:44 0.805 ::  Status[ OK ] Results[ 1 ] Query[ SELECT * FROM tb_catalogos WHERE pk_catalogo = 200 ]
2013-06-15 00:35:44 0.805 ::  Transaction [ Commit ]
2013-06-15 00:35:44 0.806 ::  Transaction [ Begin: mysql ]
2013-06-15 00:35:44 0.806 ::  Status[ OK ] Results[ 1475 ] Query[ SELECT
                        COUNT(*) as total_count
                    FROM
                        tb_produtos a
                            INNER JOIN
                        tb_produtos_estoque b ON a.pk_id_produto = b.fk_id_produto
                            INNER JOIN
                        tb_produtos_preco c ON a.pk_id_produto = c.fk_id_produto WHERE b.quantidade > 30 AND c.preco > 0 ]
2013-06-15 00:35:44 0.807 ::  Transaction [ Commit ]
2013-06-15 00:35:44 0.807 ::  Transaction [ Begin: mysql ]
2013-06-15 00:35:44 0.816 ::  Status[ OK ] Results[ 1475 ] Query[ SELECT
                    a.pk_id_produto,
                    a.pk_id_produto as codigo,
                    a.fk_id_categoria,
                    a.descricao_curta,
                    a.descricao_longa,
                    b.quantidade,
                    c.preco
                FROM
                    tb_produtos a
                        INNER JOIN
                    tb_produtos_estoque b ON a.pk_id_produto = b.fk_id_produto
                        INNER JOIN
                    tb_produtos_preco c ON a.pk_id_produto = c.fk_id_produto  WHERE b.quantidade > 30 AND c.preco > 0 ]
2013-06-15 00:35:44 0.817 ::  Transaction [ Commit ]
2013-06-15 00:38:02 0.021 ::  AUTOLOAD Class[ Log ] File [ Main/PHP/Log.class.php ]
2013-06-15 00:38:02 0.021 ::  AUTOLOAD Class[ ClientAndroid ] File [ Main/Modulos/ClientAndroid/ClientAndroid.class.php ]
2013-06-15 00:38:02 0.023 ::  AUTOLOAD Class[ Catalogos ] File [ Main/Modulos/Produtos/Catalogos.class.php ]
2013-06-15 00:38:02 0.024 ::  Class[ Catalogos ] Method[ getCatalogoAtual ]
2013-06-15 00:38:02 0.025 ::  AUTOLOAD Class[ Repository ] File [ Main/PHP/Repository.class.php ]
2013-06-15 00:38:02 0.025 ::  Repository [ Paginacao: 0 ]
2013-06-15 00:38:02 0.025 ::  AUTOLOAD Class[ Transaction ] File [ Main/PHP/Transaction.class.php ]
2013-06-15 00:38:02 0.026 ::  AUTOLOAD Class[ Connection ] File [ Main/PHP/Connection.class.php ]
2013-06-15 00:38:02 0.029 ::  Transaction [ Begin: mysql ]
2013-06-15 00:38:02 0.030 ::  Status[ OK ] Results[ 1 ] Query[ SELECT pk_catalogo, dt_inclusao FROM tb_catalogos ORDER BY dt_inclusao DESC LIMIT 1 ]
2013-06-15 00:38:02 0.031 ::  Transaction [ Commit ]
2013-06-15 00:38:02 0.031 ::  Catalogo Mais Atual. pk_catalogo[ 200 ]
2013-06-15 00:38:02 0.031 ::  Class[ Catalogos ] Method[ getProdutosCompletoInCatalogoById ]
2013-06-15 00:38:02 0.031 ::  Class[ Catalogos ] Method[ getCatalogoById ]
2013-06-15 00:38:02 0.032 ::  Transaction [ Begin: mysql ]
2013-06-15 00:38:02 0.033 ::  Status[ OK ] Results[ 1 ] Query[ SELECT * FROM tb_catalogos WHERE pk_catalogo = 200 ]
2013-06-15 00:38:02 0.033 ::  Transaction [ Commit ]
2013-06-15 00:38:02 0.035 ::  Transaction [ Begin: mysql ]
2013-06-15 00:38:02 0.035 ::  Status[ OK ] Results[ 1475 ] Query[ SELECT
                        COUNT(*) as total_count
                    FROM
                        tb_produtos a
                            INNER JOIN
                        tb_produtos_estoque b ON a.pk_id_produto = b.fk_id_produto
                            INNER JOIN
                        tb_produtos_preco c ON a.pk_id_produto = c.fk_id_produto WHERE b.quantidade > 30 AND c.preco > 0 ]
2013-06-15 00:38:02 0.036 ::  Transaction [ Commit ]
2013-06-15 00:38:02 0.037 ::  Transaction [ Begin: mysql ]
2013-06-15 00:38:02 0.049 ::  Status[ OK ] Results[ 1475 ] Query[ SELECT
                    a.pk_id_produto,
                    a.pk_id_produto as codigo,
                    a.fk_id_categoria,
                    a.descricao_curta,
                    a.descricao_longa,
                    b.quantidade,
                    c.preco
                FROM
                    tb_produtos a
                        INNER JOIN
                    tb_produtos_estoque b ON a.pk_id_produto = b.fk_id_produto
                        INNER JOIN
                    tb_produtos_preco c ON a.pk_id_produto = c.fk_id_produto  WHERE b.quantidade > 30 AND c.preco > 0 ]
2013-06-15 00:38:02 0.050 ::  Transaction [ Commit ]
2013-06-15 00:47:41 0.251 ::  AUTOLOAD Class[ Log ] File [ Main/PHP/Log.class.php ]
2013-06-15 00:47:41 0.252 ::  AUTOLOAD Class[ ClientAndroid ] File [ Main/Modulos/ClientAndroid/ClientAndroid.class.php ]
2013-06-15 00:47:41 0.253 ::  AUTOLOAD Class[ Catalogos ] File [ Main/Modulos/Produtos/Catalogos.class.php ]
2013-06-15 00:47:41 0.253 ::  Class[ Catalogos ] Method[ getCatalogoAtual ]
2013-06-15 00:47:41 0.254 ::  AUTOLOAD Class[ Repository ] File [ Main/PHP/Repository.class.php ]
2013-06-15 00:47:41 0.254 ::  Repository [ Paginacao: 0 ]
2013-06-15 00:47:41 0.254 ::  AUTOLOAD Class[ Transaction ] File [ Main/PHP/Transaction.class.php ]
2013-06-15 00:47:41 0.254 ::  AUTOLOAD Class[ Connection ] File [ Main/PHP/Connection.class.php ]
2013-06-15 00:47:41 0.257 ::  Transaction [ Begin: mysql ]
2013-06-15 00:47:41 0.258 ::  Status[ OK ] Results[ 1 ] Query[ SELECT pk_catalogo, dt_inclusao FROM tb_catalogos ORDER BY dt_inclusao DESC LIMIT 1 ]
2013-06-15 00:47:41 0.258 ::  Transaction [ Commit ]
2013-06-15 00:47:41 0.258 ::  Catalogo Mais Atual. pk_catalogo[ 200 ]
2013-06-15 00:47:41 0.258 ::  Class[ Catalogos ] Method[ getProdutosCompletoInCatalogoById ]
2013-06-15 00:47:41 0.258 ::  Class[ Catalogos ] Method[ getCatalogoById ]
2013-06-15 00:47:41 0.259 ::  Transaction [ Begin: mysql ]
2013-06-15 00:47:41 0.260 ::  Status[ OK ] Results[ 1 ] Query[ SELECT * FROM tb_catalogos WHERE pk_catalogo = 200 ]
2013-06-15 00:47:41 0.261 ::  Transaction [ Commit ]
2013-06-15 00:47:41 0.261 ::  Transaction [ Begin: mysql ]
2013-06-15 00:47:41 0.262 ::  Status[ OK ] Results[ 1475 ] Query[ SELECT
                        COUNT(*) as total_count
                    FROM
                        tb_produtos a
                            INNER JOIN
                        tb_produtos_estoque b ON a.pk_id_produto = b.fk_id_produto
                            INNER JOIN
                        tb_produtos_preco c ON a.pk_id_produto = c.fk_id_produto WHERE b.quantidade > 30 AND c.preco > 0 ]
2013-06-15 00:47:41 0.262 ::  Transaction [ Commit ]
2013-06-15 00:47:41 0.263 ::  Transaction [ Begin: mysql ]
2013-06-15 00:47:41 0.273 ::  Status[ OK ] Results[ 1475 ] Query[ SELECT
                    a.pk_id_produto,
                    a.pk_id_produto as codigo,
                    a.fk_id_categoria,
                    a.descricao_curta,
                    a.descricao_longa,
                    b.quantidade,
                    c.preco
                FROM
                    tb_produtos a
                        INNER JOIN
                    tb_produtos_estoque b ON a.pk_id_produto = b.fk_id_produto
                        INNER JOIN
                    tb_produtos_preco c ON a.pk_id_produto = c.fk_id_produto  WHERE b.quantidade > 30 AND c.preco > 0 ]
2013-06-15 00:47:41 0.274 ::  Transaction [ Commit ]
2013-06-15 00:50:19 0.024 ::  AUTOLOAD Class[ Log ] File [ Main/PHP/Log.class.php ]
2013-06-15 00:50:19 0.024 ::  AUTOLOAD Class[ ClientAndroid ] File [ Main/Modulos/ClientAndroid/ClientAndroid.class.php ]
2013-06-15 00:50:19 0.025 ::  AUTOLOAD Class[ Catalogos ] File [ Main/Modulos/Produtos/Catalogos.class.php ]
2013-06-15 00:50:19 0.025 ::  Class[ Catalogos ] Method[ getCatalogoAtual ]
2013-06-15 00:50:19 0.026 ::  AUTOLOAD Class[ Repository ] File [ Main/PHP/Repository.class.php ]
2013-06-15 00:50:19 0.026 ::  Repository [ Paginacao: 0 ]
2013-06-15 00:50:19 0.026 ::  AUTOLOAD Class[ Transaction ] File [ Main/PHP/Transaction.class.php ]
2013-06-15 00:50:19 0.027 ::  AUTOLOAD Class[ Connection ] File [ Main/PHP/Connection.class.php ]
2013-06-15 00:50:19 0.029 ::  Transaction [ Begin: mysql ]
2013-06-15 00:50:19 0.037 ::  Status[ OK ] Results[ 1 ] Query[ SELECT pk_catalogo, dt_inclusao FROM tb_catalogos ORDER BY dt_inclusao DESC LIMIT 1 ]
2013-06-15 00:50:19 0.038 ::  Transaction [ Commit ]
2013-06-15 00:50:19 0.038 ::  Catalogo Mais Atual. pk_catalogo[ 200 ]
2013-06-15 00:50:19 0.038 ::  Class[ Catalogos ] Method[ getProdutosCompletoInCatalogoById ]
2013-06-15 00:50:19 0.038 ::  Class[ Catalogos ] Method[ getCatalogoById ]
2013-06-15 00:50:19 0.039 ::  Transaction [ Begin: mysql ]
2013-06-15 00:50:19 0.039 ::  Status[ OK ] Results[ 1 ] Query[ SELECT * FROM tb_catalogos WHERE pk_catalogo = 200 ]
2013-06-15 00:50:19 0.040 ::  Transaction [ Commit ]
2013-06-15 00:50:19 0.040 ::  Transaction [ Begin: mysql ]
2013-06-15 00:50:19 0.041 ::  Status[ OK ] Results[ 1475 ] Query[ SELECT
                        COUNT(*) as total_count
                    FROM
                        tb_produtos a
                            INNER JOIN
                        tb_produtos_estoque b ON a.pk_id_produto = b.fk_id_produto
                            INNER JOIN
                        tb_produtos_preco c ON a.pk_id_produto = c.fk_id_produto WHERE b.quantidade > 30 AND c.preco > 0 ]
2013-06-15 00:50:19 0.041 ::  Transaction [ Commit ]
2013-06-15 00:50:19 0.042 ::  Transaction [ Begin: mysql ]
2013-06-15 00:50:19 0.051 ::  Status[ OK ] Results[ 1475 ] Query[ SELECT
                    a.pk_id_produto,
                    a.pk_id_produto as codigo,
                    a.fk_id_categoria,
                    a.descricao_curta,
                    a.descricao_longa,
                    b.quantidade,
                    c.preco
                FROM
                    tb_produtos a
                        INNER JOIN
                    tb_produtos_estoque b ON a.pk_id_produto = b.fk_id_produto
                        INNER JOIN
                    tb_produtos_preco c ON a.pk_id_produto = c.fk_id_produto  WHERE b.quantidade > 30 AND c.preco > 0 ]
2013-06-15 00:50:19 0.051 ::  Transaction [ Commit ]
2013-06-15 00:58:11 0.491 ::  AUTOLOAD Class[ Log ] File [ Main/PHP/Log.class.php ]
2013-06-15 00:58:11 0.491 ::  AUTOLOAD Class[ ClientAndroid ] File [ Main/Modulos/ClientAndroid/ClientAndroid.class.php ]
2013-06-15 00:58:11 0.492 ::  AUTOLOAD Class[ Catalogos ] File [ Main/Modulos/Produtos/Catalogos.class.php ]
2013-06-15 00:58:11 0.492 ::  Class[ Catalogos ] Method[ getCatalogoAtual ]
2013-06-15 00:58:11 0.493 ::  AUTOLOAD Class[ Repository ] File [ Main/PHP/Repository.class.php ]
2013-06-15 00:58:11 0.493 ::  Repository [ Paginacao: 0 ]
2013-06-15 00:58:11 0.493 ::  AUTOLOAD Class[ Transaction ] File [ Main/PHP/Transaction.class.php ]
2013-06-15 00:58:11 0.494 ::  AUTOLOAD Class[ Connection ] File [ Main/PHP/Connection.class.php ]
2013-06-15 00:58:11 0.495 ::  Transaction [ Begin: mysql ]
2013-06-15 00:58:11 0.496 ::  Status[ OK ] Results[ 1 ] Query[ SELECT pk_catalogo, dt_inclusao FROM tb_catalogos ORDER BY dt_inclusao DESC LIMIT 1 ]
2013-06-15 00:58:11 0.496 ::  Transaction [ Commit ]
2013-06-15 00:58:11 0.496 ::  Catalogo Mais Atual. pk_catalogo[ 200 ]
2013-06-15 00:58:11 0.496 ::  Class[ Catalogos ] Method[ getProdutosCompletoInCatalogoById ]
2013-06-15 00:58:11 0.496 ::  Class[ Catalogos ] Method[ getCatalogoById ]
2013-06-15 00:58:11 0.497 ::  Transaction [ Begin: mysql ]
2013-06-15 00:58:11 0.498 ::  Status[ OK ] Results[ 1 ] Query[ SELECT * FROM tb_catalogos WHERE pk_catalogo = 200 ]
2013-06-15 00:58:11 0.498 ::  Transaction [ Commit ]
2013-06-15 00:58:11 0.499 ::  Transaction [ Begin: mysql ]
2013-06-15 00:58:11 0.500 ::  Status[ OK ] Results[ 1475 ] Query[ SELECT
                        COUNT(*) as total_count
                    FROM
                        tb_produtos a
                            INNER JOIN
                        tb_produtos_estoque b ON a.pk_id_produto = b.fk_id_produto
                            INNER JOIN
                        tb_produtos_preco c ON a.pk_id_produto = c.fk_id_produto WHERE b.quantidade > 30 AND c.preco > 0 ]
2013-06-15 00:58:11 0.500 ::  Transaction [ Commit ]
2013-06-15 00:58:11 0.501 ::  Transaction [ Begin: mysql ]
2013-06-15 00:58:11 0.509 ::  Status[ OK ] Results[ 1475 ] Query[ SELECT
                    a.pk_id_produto,
                    a.pk_id_produto as codigo,
                    a.fk_id_categoria,
                    a.descricao_curta,
                    a.descricao_longa,
                    b.quantidade,
                    c.preco
                FROM
                    tb_produtos a
                        INNER JOIN
                    tb_produtos_estoque b ON a.pk_id_produto = b.fk_id_produto
                        INNER JOIN
                    tb_produtos_preco c ON a.pk_id_produto = c.fk_id_produto  WHERE b.quantidade > 30 AND c.preco > 0 ]
2013-06-15 00:58:11 0.510 ::  Transaction [ Commit ]
2013-06-15 01:02:29 0.034 ::  AUTOLOAD Class[ Log ] File [ Main/PHP/Log.class.php ]
2013-06-15 01:02:29 0.034 ::  AUTOLOAD Class[ ClientAndroid ] File [ Main/Modulos/ClientAndroid/ClientAndroid.class.php ]
2013-06-15 01:02:29 0.036 ::  AUTOLOAD Class[ Catalogos ] File [ Main/Modulos/Produtos/Catalogos.class.php ]
2013-06-15 01:02:29 0.036 ::  Class[ Catalogos ] Method[ getCatalogoAtual ]
2013-06-15 01:02:29 0.036 ::  AUTOLOAD Class[ Repository ] File [ Main/PHP/Repository.class.php ]
2013-06-15 01:02:29 0.036 ::  Repository [ Paginacao: 0 ]
2013-06-15 01:02:29 0.037 ::  AUTOLOAD Class[ Transaction ] File [ Main/PHP/Transaction.class.php ]
2013-06-15 01:02:29 0.037 ::  AUTOLOAD Class[ Connection ] File [ Main/PHP/Connection.class.php ]
2013-06-15 01:02:29 0.038 ::  Transaction [ Begin: mysql ]
2013-06-15 01:02:29 0.038 ::  Status[ OK ] Results[ 1 ] Query[ SELECT pk_catalogo, dt_inclusao FROM tb_catalogos ORDER BY dt_inclusao DESC LIMIT 1 ]
2013-06-15 01:02:29 0.038 ::  Transaction [ Commit ]
2013-06-15 01:02:29 0.039 ::  Catalogo Mais Atual. pk_catalogo[ 200 ]
2013-06-15 01:02:29 0.039 ::  Class[ Catalogos ] Method[ getProdutosCompletoInCatalogoById ]
2013-06-15 01:02:29 0.039 ::  Class[ Catalogos ] Method[ getCatalogoById ]
2013-06-15 01:02:29 0.039 ::  Transaction [ Begin: mysql ]
2013-06-15 01:02:29 0.040 ::  Status[ OK ] Results[ 1 ] Query[ SELECT * FROM tb_catalogos WHERE pk_catalogo = 200 ]
2013-06-15 01:02:29 0.040 ::  Transaction [ Commit ]
2013-06-15 01:02:29 0.041 ::  Transaction [ Begin: mysql ]
2013-06-15 01:02:29 0.042 ::  Status[ OK ] Results[ 1475 ] Query[ SELECT
                        COUNT(*) as total_count
                    FROM
                        tb_produtos a
                            INNER JOIN
                        tb_produtos_estoque b ON a.pk_id_produto = b.fk_id_produto
                            INNER JOIN
                        tb_produtos_preco c ON a.pk_id_produto = c.fk_id_produto WHERE b.quantidade > 30 AND c.preco > 0 ]
2013-06-15 01:02:29 0.042 ::  Transaction [ Commit ]
2013-06-15 01:02:29 0.043 ::  Transaction [ Begin: mysql ]
2013-06-15 01:02:29 0.055 ::  Status[ OK ] Results[ 1475 ] Query[ SELECT
                    a.pk_id_produto,
                    a.pk_id_produto as codigo,
                    a.fk_id_categoria,
                    a.descricao_curta,
                    a.descricao_longa,
                    b.quantidade,
                    c.preco
                FROM
                    tb_produtos a
                        INNER JOIN
                    tb_produtos_estoque b ON a.pk_id_produto = b.fk_id_produto
                        INNER JOIN
                    tb_produtos_preco c ON a.pk_id_produto = c.fk_id_produto  WHERE b.quantidade > 30 AND c.preco > 0 ]
2013-06-15 01:02:29 0.056 ::  Transaction [ Commit ]
2013-06-15 01:04:40 0.257 ::  AUTOLOAD Class[ Log ] File [ Main/PHP/Log.class.php ]
2013-06-15 01:04:40 0.257 ::  AUTOLOAD Class[ ClientAndroid ] File [ Main/Modulos/ClientAndroid/ClientAndroid.class.php ]
2013-06-15 01:04:40 0.259 ::  AUTOLOAD Class[ Catalogos ] File [ Main/Modulos/Produtos/Catalogos.class.php ]
2013-06-15 01:04:40 0.259 ::  Class[ Catalogos ] Method[ getCatalogoAtual ]
2013-06-15 01:04:40 0.260 ::  AUTOLOAD Class[ Repository ] File [ Main/PHP/Repository.class.php ]
2013-06-15 01:04:40 0.260 ::  Repository [ Paginacao: 0 ]
2013-06-15 01:04:40 0.260 ::  AUTOLOAD Class[ Transaction ] File [ Main/PHP/Transaction.class.php ]
2013-06-15 01:04:40 0.261 ::  AUTOLOAD Class[ Connection ] File [ Main/PHP/Connection.class.php ]
2013-06-15 01:04:40 0.262 ::  Transaction [ Begin: mysql ]
2013-06-15 01:04:40 0.262 ::  Status[ OK ] Results[ 1 ] Query[ SELECT pk_catalogo, dt_inclusao FROM tb_catalogos ORDER BY dt_inclusao DESC LIMIT 1 ]
2013-06-15 01:04:40 0.262 ::  Transaction [ Commit ]
2013-06-15 01:04:40 0.262 ::  Catalogo Mais Atual. pk_catalogo[ 200 ]
2013-06-15 01:04:40 0.263 ::  Class[ Catalogos ] Method[ getProdutosCompletoInCatalogoById ]
2013-06-15 01:04:40 0.263 ::  Class[ Catalogos ] Method[ getCatalogoById ]
2013-06-15 01:04:40 0.263 ::  Transaction [ Begin: mysql ]
2013-06-15 01:04:40 0.264 ::  Status[ OK ] Results[ 1 ] Query[ SELECT * FROM tb_catalogos WHERE pk_catalogo = 200 ]
2013-06-15 01:04:40 0.264 ::  Transaction [ Commit ]
2013-06-15 01:04:40 0.265 ::  Transaction [ Begin: mysql ]
2013-06-15 01:04:40 0.266 ::  Status[ OK ] Results[ 1475 ] Query[ SELECT
                        COUNT(*) as total_count
                    FROM
                        tb_produtos a
                            INNER JOIN
                        tb_produtos_estoque b ON a.pk_id_produto = b.fk_id_produto
                            INNER JOIN
                        tb_produtos_preco c ON a.pk_id_produto = c.fk_id_produto WHERE b.quantidade > 30 AND c.preco > 0 ]
2013-06-15 01:04:40 0.266 ::  Transaction [ Commit ]
2013-06-15 01:04:40 0.267 ::  Transaction [ Begin: mysql ]
2013-06-15 01:04:40 0.277 ::  Status[ OK ] Results[ 1475 ] Query[ SELECT
                    a.pk_id_produto,
                    a.pk_id_produto as codigo,
                    a.fk_id_categoria,
                    a.descricao_curta,
                    a.descricao_longa,
                    b.quantidade,
                    c.preco
                FROM
                    tb_produtos a
                        INNER JOIN
                    tb_produtos_estoque b ON a.pk_id_produto = b.fk_id_produto
                        INNER JOIN
                    tb_produtos_preco c ON a.pk_id_produto = c.fk_id_produto  WHERE b.quantidade > 30 AND c.preco > 0 ]
2013-06-15 01:04:40 0.277 ::  Transaction [ Commit ]
2013-06-15 01:06:39 0.975 ::  AUTOLOAD Class[ Log ] File [ Main/PHP/Log.class.php ]
2013-06-15 01:06:39 0.975 ::  AUTOLOAD Class[ ClientAndroid ] File [ Main/Modulos/ClientAndroid/ClientAndroid.class.php ]
2013-06-15 01:06:39 0.978 ::  AUTOLOAD Class[ Catalogos ] File [ Main/Modulos/Produtos/Catalogos.class.php ]
2013-06-15 01:06:39 0.978 ::  Class[ Catalogos ] Method[ getCatalogoAtual ]
2013-06-15 01:06:39 0.979 ::  AUTOLOAD Class[ Repository ] File [ Main/PHP/Repository.class.php ]
2013-06-15 01:06:39 0.979 ::  Repository [ Paginacao: 0 ]
2013-06-15 01:06:39 0.979 ::  AUTOLOAD Class[ Transaction ] File [ Main/PHP/Transaction.class.php ]
2013-06-15 01:06:39 0.980 ::  AUTOLOAD Class[ Connection ] File [ Main/PHP/Connection.class.php ]
2013-06-15 01:06:39 0.981 ::  Transaction [ Begin: mysql ]
2013-06-15 01:06:39 0.982 ::  Status[ OK ] Results[ 1 ] Query[ SELECT pk_catalogo, dt_inclusao FROM tb_catalogos ORDER BY dt_inclusao DESC LIMIT 1 ]
2013-06-15 01:06:39 0.982 ::  Transaction [ Commit ]
2013-06-15 01:06:39 0.983 ::  Catalogo Mais Atual. pk_catalogo[ 200 ]
2013-06-15 01:06:39 0.983 ::  Class[ Catalogos ] Method[ getProdutosCompletoInCatalogoById ]
2013-06-15 01:06:39 0.983 ::  Class[ Catalogos ] Method[ getCatalogoById ]
2013-06-15 01:06:39 0.984 ::  Transaction [ Begin: mysql ]
2013-06-15 01:06:39 0.985 ::  Status[ OK ] Results[ 1 ] Query[ SELECT * FROM tb_catalogos WHERE pk_catalogo = 200 ]
2013-06-15 01:06:39 0.986 ::  Transaction [ Commit ]
2013-06-15 01:06:39 0.988 ::  Transaction [ Begin: mysql ]
2013-06-15 01:06:39 0.989 ::  Status[ OK ] Results[ 1475 ] Query[ SELECT
                        COUNT(*) as total_count
                    FROM
                        tb_produtos a
                            INNER JOIN
                        tb_produtos_estoque b ON a.pk_id_produto = b.fk_id_produto
                            INNER JOIN
                        tb_produtos_preco c ON a.pk_id_produto = c.fk_id_produto WHERE b.quantidade > 30 AND c.preco > 0 ]
2013-06-15 01:06:39 0.989 ::  Transaction [ Commit ]
2013-06-15 01:06:39 0.991 ::  Transaction [ Begin: mysql ]
2013-06-15 01:06:39 0.009 ::  Status[ OK ] Results[ 1475 ] Query[ SELECT
                    a.pk_id_produto,
                    a.pk_id_produto as codigo,
                    a.fk_id_categoria,
                    a.descricao_curta,
                    a.descricao_longa,
                    b.quantidade,
                    c.preco
                FROM
                    tb_produtos a
                        INNER JOIN
                    tb_produtos_estoque b ON a.pk_id_produto = b.fk_id_produto
                        INNER JOIN
                    tb_produtos_preco c ON a.pk_id_produto = c.fk_id_produto  WHERE b.quantidade > 30 AND c.preco > 0 ]
2013-06-15 01:06:39 0.010 ::  Transaction [ Commit ]
2013-06-15 01:11:23 0.411 ::  AUTOLOAD Class[ Log ] File [ Main/PHP/Log.class.php ]
2013-06-15 01:11:23 0.411 ::  AUTOLOAD Class[ ClientAndroid ] File [ Main/Modulos/ClientAndroid/ClientAndroid.class.php ]
2013-06-15 01:11:23 0.413 ::  AUTOLOAD Class[ Catalogos ] File [ Main/Modulos/Produtos/Catalogos.class.php ]
2013-06-15 01:11:23 0.413 ::  Class[ Catalogos ] Method[ getCatalogoAtual ]
2013-06-15 01:11:23 0.414 ::  AUTOLOAD Class[ Repository ] File [ Main/PHP/Repository.class.php ]
2013-06-15 01:11:23 0.414 ::  Repository [ Paginacao: 0 ]
2013-06-15 01:11:23 0.414 ::  AUTOLOAD Class[ Transaction ] File [ Main/PHP/Transaction.class.php ]
2013-06-15 01:11:23 0.415 ::  AUTOLOAD Class[ Connection ] File [ Main/PHP/Connection.class.php ]
2013-06-15 01:11:23 0.416 ::  Transaction [ Begin: mysql ]
2013-06-15 01:11:23 0.417 ::  Status[ OK ] Results[ 1 ] Query[ SELECT pk_catalogo, dt_inclusao FROM tb_catalogos ORDER BY dt_inclusao DESC LIMIT 1 ]
2013-06-15 01:11:23 0.417 ::  Transaction [ Commit ]
2013-06-15 01:11:23 0.417 ::  Catalogo Mais Atual. pk_catalogo[ 200 ]
2013-06-15 01:11:23 0.417 ::  Class[ Catalogos ] Method[ getProdutosCompletoInCatalogoById ]
2013-06-15 01:11:23 0.417 ::  Class[ Catalogos ] Method[ getCatalogoById ]
2013-06-15 01:11:23 0.418 ::  Transaction [ Begin: mysql ]
2013-06-15 01:11:23 0.418 ::  Status[ OK ] Results[ 1 ] Query[ SELECT * FROM tb_catalogos WHERE pk_catalogo = 200 ]
2013-06-15 01:11:23 0.419 ::  Transaction [ Commit ]
2013-06-15 01:11:23 0.420 ::  Transaction [ Begin: mysql ]
2013-06-15 01:11:23 0.420 ::  Status[ OK ] Results[ 1475 ] Query[ SELECT
                        COUNT(*) as total_count
                    FROM
                        tb_produtos a
                            INNER JOIN
                        tb_produtos_estoque b ON a.pk_id_produto = b.fk_id_produto
                            INNER JOIN
                        tb_produtos_preco c ON a.pk_id_produto = c.fk_id_produto WHERE b.quantidade > 30 AND c.preco > 0 ]
2013-06-15 01:11:23 0.420 ::  Transaction [ Commit ]
2013-06-15 01:11:23 0.421 ::  Transaction [ Begin: mysql ]
2013-06-15 01:11:23 0.430 ::  Status[ OK ] Results[ 1475 ] Query[ SELECT
                    a.pk_id_produto,
                    a.pk_id_produto as codigo,
                    a.fk_id_categoria,
                    a.descricao_curta,
                    a.descricao_longa,
                    b.quantidade,
                    c.preco
                FROM
                    tb_produtos a
                        INNER JOIN
                    tb_produtos_estoque b ON a.pk_id_produto = b.fk_id_produto
                        INNER JOIN
                    tb_produtos_preco c ON a.pk_id_produto = c.fk_id_produto  WHERE b.quantidade > 30 AND c.preco > 0 ]
2013-06-15 01:11:23 0.431 ::  Transaction [ Commit ]
